<?xml version="1.0" encoding="utf-8"?><testsuites name="pytest tests"><testsuite name="pytest" errors="0" failures="0" skipped="0" tests="6" time="10.510" timestamp="2026-04-28T11:29:52.210170+00:00" hostname="agent-env-55cc316f-fab0-47df-9d13-46dcadfa28af"><testcase classname="backend.tests.test_cache_bust_iter106" name="test_health" time="0.194" /><testcase classname="backend.tests.test_cache_bust_iter106" name="test_stats_requires_auth" time="0.111" /><testcase classname="backend.tests.test_cache_bust_iter106" name="test_stats_full_payload" time="0.468" /><testcase classname="backend.tests.test_cache_bust_iter106" name="test_recent_endpoint" time="0.116" /><testcase classname="backend.tests.test_cache_bust_iter106" name="test_platform_churches_stripe_fields" time="5.625" /><testcase classname="backend.tests.test_cache_bust_iter106" name="test_confirm_donation_busts_stats_cache" time="3.931" /></testsuite></testsuites>