<?xml version="1.0" encoding="utf-8"?><testsuites name="pytest tests"><testsuite name="pytest" errors="0" failures="0" skipped="0" tests="19" time="29.863" timestamp="2026-04-29T13:22:42.539382+00:00" hostname="agent-env-690e6290-26b9-4077-a006-4d7b215befcf"><testcase classname="backend.tests.test_sprint9_observability_iter109.TestHealthEndpoints" name="test_shallow_health" time="0.013" /><testcase classname="backend.tests.test_sprint9_observability_iter109.TestHealthEndpoints" name="test_deep_health" time="0.045" /><testcase classname="backend.tests.test_sprint9_observability_iter109.TestHealthEndpoints" name="test_launch_check" time="0.042" /><testcase classname="backend.tests.test_sprint9_observability_iter109.TestCorrelationId" name="test_unique_request_id_echoed" time="0.085" /><testcase classname="backend.tests.test_sprint9_observability_iter109.TestCorrelationId" name="test_request_id_propagated_when_supplied" time="0.043" /><testcase classname="backend.tests.test_sprint9_observability_iter109.TestAuth" name="test_admin_login_success" time="0.271" /><testcase classname="backend.tests.test_sprint9_observability_iter109.TestAuth" name="test_member_login_success" time="0.268" /><testcase classname="backend.tests.test_sprint9_observability_iter109.TestAuth" name="test_invalid_login_returns_401_no_500" time="0.043" /><testcase classname="backend.tests.test_sprint9_observability_iter109.TestPiiLogSweep" name="test_failed_login_log_redacts_email" time="0.644" /><testcase classname="backend.tests.test_sprint9_observability_iter109.TestPiiLogSweep" name="test_logs_are_json_structured" time="0.403" /><testcase classname="backend.tests.test_sprint9_observability_iter109.TestPiiLogSweep" name="test_auth_login_failed_event_present_without_email" time="0.604" /><testcase classname="backend.tests.test_sprint9_observability_iter109.TestSentryDisabled" name="test_sentry_disabled_in_deep_health" time="0.003" /><testcase classname="backend.tests.test_sprint9_observability_iter109.TestSentryDisabled" name="test_backend_boots_clean" time="0.042" /><testcase classname="backend.tests.test_sprint9_observability_iter109.TestStripeWebhookSignature" name="test_bad_signature_rejected" time="0.053" /><testcase classname="backend.tests.test_sprint9_observability_iter109.TestRegression" name="test_platform_stats" time="0.314" /><testcase classname="backend.tests.test_sprint9_observability_iter109.TestRegression" name="test_portal_me" time="1.940" /><testcase classname="backend.tests.test_sprint9_observability_iter109.TestRegression" name="test_portal_giving_history" time="0.050" /><testcase classname="backend.tests.test_sprint9_observability_iter109.TestRegression" name="test_create_payment_intent_no_500" time="0.053" /><testcase classname="backend.tests.test_sprint9_observability_iter109.TestBackupScript" name="test_backup_runs" time="24.875" /></testsuite></testsuites>