<?xml version="1.0" encoding="utf-8"?><testsuites name="pytest tests"><testsuite name="pytest" errors="0" failures="0" skipped="1" tests="22" time="6.059" timestamp="2026-04-29T13:56:57.003818+00:00" hostname="agent-env-690e6290-26b9-4077-a006-4d7b215befcf"><testcase classname="backend.tests.test_sprint10_launch_iter110.TestAuth" name="test_admin_login_returns_token" time="0.362" /><testcase classname="backend.tests.test_sprint10_launch_iter110.TestAuth" name="test_bad_credentials_no_email_leak" time="0.111" /><testcase classname="backend.tests.test_sprint10_launch_iter110.TestLaunchStatus" name="test_launch_status_shape_and_timing" time="0.453" /><testcase classname="backend.tests.test_sprint10_launch_iter110.TestLaunchStatus" name="test_launch_status_requires_platform_admin" time="0.440" /><testcase classname="backend.tests.test_sprint10_launch_iter110.TestLaunchStatus" name="test_sentry_test_returns_500" time="0.222" /><testcase classname="backend.tests.test_sprint10_launch_iter110.TestSentryRuntime" name="test_sentry_sdk_http_transport" time="0.023"><skipped type="pytest.skip" message="Sentry not initialized in this process (test runs in subprocess)">/app/backend/tests/test_sprint10_launch_iter110.py:160: Sentry not initialized in this process (test runs in subprocess)</skipped></testcase><testcase classname="backend.tests.test_sprint10_launch_iter110.TestRealtimeDonations" name="test_realtime_platform_admin_cross_tenant" time="0.115" /><testcase classname="backend.tests.test_sprint10_launch_iter110.TestRealtimeDonations" name="test_realtime_member_blocked_or_scoped" time="0.123" /><testcase classname="backend.tests.test_sprint10_launch_iter110.TestPlatformChurches" name="test_list_all_9_churches_with_status" time="0.155" /><testcase classname="backend.tests.test_sprint10_launch_iter110.TestPlatformChurches" name="test_church_detail_for_known_tenant" time="1.199" /><testcase classname="backend.tests.test_sprint10_launch_iter110.TestPlatformChurches" name="test_church_detail_invalid_id_returns_json_404" time="0.108" /><testcase classname="backend.tests.test_sprint10_launch_iter110.TestCacheBusting" name="test_inserted_donation_appears_in_tail_within_3s" time="1.214" /><testcase classname="backend.tests.test_sprint10_launch_iter110.TestCacheBusting" name="test_bust_resets_stats_cache_ts" time="0.001" /><testcase classname="backend.tests.test_sprint10_launch_iter110.TestHotEndpoints" name="test_hot_endpoint_under_2s[/api/admin/giving/report]" time="0.189" /><testcase classname="backend.tests.test_sprint10_launch_iter110.TestHotEndpoints" name="test_hot_endpoint_under_2s[/api/platform/stats]" time="0.116" /><testcase classname="backend.tests.test_sprint10_launch_iter110.TestHotEndpoints" name="test_hot_endpoint_under_2s[/api/platform/stripe/transactions/stats]" time="0.130" /><testcase classname="backend.tests.test_sprint10_launch_iter110.TestHotEndpoints" name="test_hot_endpoint_under_2s[/api/portal/giving/history]" time="0.122" /><testcase classname="backend.tests.test_sprint10_launch_iter110.TestHotEndpoints" name="test_hot_endpoint_under_2s[/api/platform/churches]" time="0.148" /><testcase classname="backend.tests.test_sprint10_launch_iter110.TestHotEndpoints" name="test_hot_endpoint_under_2s[/api/realtime/donations]" time="0.126" /><testcase classname="backend.tests.test_sprint10_launch_iter110.TestHotEndpoints" name="test_hot_endpoint_under_2s[/api/health/launch-status]" time="0.110" /><testcase classname="backend.tests.test_sprint10_launch_iter110.TestStripeWebhook" name="test_bad_signature_returns_400" time="0.110" /><testcase classname="backend.tests.test_sprint10_launch_iter110.TestDonationFlow" name="test_create_payment_intent_abundant_east" time="0.405" /></testsuite></testsuites>