<?xml version="1.0" encoding="utf-8"?><testsuites name="pytest tests"><testsuite name="pytest" errors="0" failures="1" skipped="0" tests="11" time="28.423" timestamp="2026-04-23T13:08:50.007221+00:00" hostname="agent-env-c57c83b4-874b-4dae-a561-2c5e8f350e21"><testcase classname="backend.tests.test_competitive_intel_iter103.TestSeedCatalog" name="test_seed_requires_auth" time="0.257" /><testcase classname="backend.tests.test_competitive_intel_iter103.TestSeedCatalog" name="test_seed_idempotent" time="0.546" /><testcase classname="backend.tests.test_competitive_intel_iter103.TestTopChurches" name="test_default_list" time="0.062" /><testcase classname="backend.tests.test_competitive_intel_iter103.TestTopChurches" name="test_filter_by_q" time="0.060" /><testcase classname="backend.tests.test_competitive_intel_iter103.TestTopChurches" name="test_filter_by_vendor" time="0.059" /><testcase classname="backend.tests.test_competitive_intel_iter103.TestPins" name="test_pin_and_list" time="0.206" /><testcase classname="backend.tests.test_competitive_intel_iter103.TestPins" name="test_pin_duplicate_409" time="0.060" /><testcase classname="backend.tests.test_competitive_intel_iter103.TestPins" name="test_pin_limit_400" time="0.484" /><testcase classname="backend.tests.test_competitive_intel_iter103.TestPins" name="test_unpin" time="0.112" /><testcase classname="backend.tests.test_competitive_intel_iter103.TestDigest" name="test_digest_generation" time="19.122" /><testcase classname="backend.tests.test_competitive_intel_iter103.TestCacheAutoRefresh" name="test_new_tenant_appears_in_cache" time="7.389"><failure message="Failed: platform_stats_cache.campus_breakdown missing new tenant cache-test-8ddf7fc7-001. Root cause: _get_real_campuses_fast() filters to tenants with dashboard_stats_cache.total_members&gt;10; newly onboarded tenants have no such cache.">E   Failed: platform_stats_cache.campus_breakdown missing new tenant cache-test-8ddf7fc7-001. Root cause: _get_real_campuses_fast() filters to tenants with dashboard_stats_cache.total_members&gt;10; newly onboarded tenants have no such cache.</failure></testcase></testsuite></testsuites>