<?xml version="1.0" encoding="utf-8"?><testsuites name="pytest tests"><testsuite name="pytest" errors="0" failures="2" skipped="0" tests="18" time="18.985" timestamp="2026-04-28T19:16:03.531372+00:00" hostname="agent-env-55cc316f-fab0-47df-9d13-46dcadfa28af"><testcase classname="backend.tests.test_week1_blockers_iter107.TestHealth" name="test_health_ok" time="0.314" /><testcase classname="backend.tests.test_week1_blockers_iter107.TestTokenizeDeleted" name="test_tokenize_card_returns_404" time="0.058" /><testcase classname="backend.tests.test_week1_blockers_iter107.TestTokenizeDeleted" name="test_tokenize_bank_returns_404" time="0.056" /><testcase classname="backend.tests.test_week1_blockers_iter107.TestStripeWebhook" name="test_webhook_dev_fallback_no_secret" time="0.580" /><testcase classname="backend.tests.test_week1_blockers_iter107.TestStripeWebhook" name="test_webhook_idempotency_duplicate" time="0.120" /><testcase classname="backend.tests.test_week1_blockers_iter107.TestStripeWebhook" name="test_stripe_webhook_events_unique_index" time="0.001" /><testcase classname="backend.tests.test_week1_blockers_iter107.TestStripeWebhookWithSecret" name="test_no_signature_header_returns_400" time="6.984" /><testcase classname="backend.tests.test_week1_blockers_iter107.TestStripeWebhookWithSecret" name="test_bogus_signature_returns_400" time="6.908" /><testcase classname="backend.tests.test_week1_blockers_iter107.TestPaymentIntentIdempotency" name="test_same_payload_same_pi_id" time="0.666" /><testcase classname="backend.tests.test_week1_blockers_iter107.TestPaymentIntentIdempotency" name="test_cover_fees_toggle_creates_new_pi" time="0.473"><failure message="AssertionError: cover_fees toggle failed: 502 {&quot;detail&quot;:&quot;Stripe error: Keys for idempotent requests can only be used with the same parameters they were first used with. Try using a key other than 'solpay_pi_b97daf8088687e95a45de4fd636b718c' if you meant to execute a different request.&quot;}&#10;assert 502 == 200&#10; +  where 502 = &lt;Response [502]&gt;.status_code">backend/tests/test_week1_blockers_iter107.py:217: in test_cover_fees_toggle_creates_new_pi
    assert r2.status_code == 200, f"cover_fees toggle failed: {r2.status_code} {r2.text[:300]}"
E   AssertionError: cover_fees toggle failed: 502 {"detail":"Stripe error: Keys for idempotent requests can only be used with the same parameters they were first used with. Try using a key other than 'solpay_pi_b97daf8088687e95a45de4fd636b718c' if you meant to execute a different request."}
E   assert 502 == 200
E    +  where 502 = &lt;Response [502]&gt;.status_code</failure></testcase><testcase classname="backend.tests.test_week1_blockers_iter107.TestAuthRegression" name="test_login_platform_admin" time="0.294" /><testcase classname="backend.tests.test_week1_blockers_iter107.TestAuthRegression" name="test_login_eden_church_admin" time="0.285" /><testcase classname="backend.tests.test_week1_blockers_iter107.TestAuthDebugInDev" name="test_verify_accounts_works_in_dev" time="0.074" /><testcase classname="backend.tests.test_week1_blockers_iter107.TestAuthDebugInDev" name="test_test_login_works_in_dev" time="0.053" /><testcase classname="backend.tests.test_week1_blockers_iter107.TestConfirmDonationStripeFlow" name="test_real_stripe_pi_confirm_donation" time="1.595"><failure message="AssertionError: confirm-donation failed: 422 {&quot;detail&quot;:[{&quot;type&quot;:&quot;missing&quot;,&quot;loc&quot;:[&quot;body&quot;,&quot;church_slug&quot;],&quot;msg&quot;:&quot;Field required&quot;,&quot;input&quot;:{&quot;payment_intent_id&quot;:&quot;pi_3TRH7IFbuKBbxZK70dYzaRt8&quot;}}]}&#10;assert 422 == 200&#10; +  where 422 = &lt;Response [422]&gt;.status_code">backend/tests/test_week1_blockers_iter107.py:287: in test_real_stripe_pi_confirm_donation
    assert r2.status_code == 200, f"confirm-donation failed: {r2.status_code} {r2.text[:300]}"
E   AssertionError: confirm-donation failed: 422 {"detail":[{"type":"missing","loc":["body","church_slug"],"msg":"Field required","input":{"payment_intent_id":"pi_3TRH7IFbuKBbxZK70dYzaRt8"}}]}
E   assert 422 == 200
E    +  where 422 = &lt;Response [422]&gt;.status_code</failure></testcase><testcase classname="backend.tests.test_week1_blockers_iter107.TestProdGuard" name="test_prod_guard_refuses_when_env_production" time="0.019" /><testcase classname="backend.tests.test_week1_blockers_iter107.TestProdGuard" name="test_prod_guard_passes_in_dev" time="0.016" /><testcase classname="backend.tests.test_week1_blockers_iter107.TestProdGuard" name="test_emergency_seed_skips_in_production" time="0.334" /></testsuite></testsuites>