<?xml version="1.0" encoding="utf-8"?><testsuites name="pytest tests"><testsuite name="pytest" errors="0" failures="0" skipped="0" tests="8" time="41.107" timestamp="2026-04-23T13:20:09.235983+00:00" hostname="agent-env-c57c83b4-874b-4dae-a561-2c5e8f350e21"><testcase classname="backend.tests.test_cache_autorefresh_iter104.TestCacheAutoRefreshFix" name="test_new_tenant_appears_in_platform_stats_cache" time="10.739" /><testcase classname="backend.tests.test_cache_autorefresh_iter104.TestCacheAutoRefreshFix" name="test_new_tenant_appears_in_churches_list" time="5.566" /><testcase classname="backend.tests.test_cache_autorefresh_iter104.TestRegressionsAfterFix" name="test_eden_church_still_connected_with_revenue" time="5.528" /><testcase classname="backend.tests.test_cache_autorefresh_iter104.TestRegressionsAfterFix" name="test_platform_stats_non_zero" time="0.054" /><testcase classname="backend.tests.test_cache_autorefresh_iter104.TestCompetitiveIntelRegression" name="test_seed_still_works" time="0.086" /><testcase classname="backend.tests.test_cache_autorefresh_iter104.TestCompetitiveIntelRegression" name="test_pin_still_works" time="0.110" /><testcase classname="backend.tests.test_cache_autorefresh_iter104.TestCompetitiveIntelRegression" name="test_digest_still_works" time="18.915" /><testcase classname="backend.tests.test_cache_autorefresh_iter104.TestCleanupZZ" name="test_cleanup_created_tenants" time="0.060" /></testsuite></testsuites>