<?xml version="1.0" encoding="utf-8"?><testsuites name="pytest tests"><testsuite name="pytest" errors="0" failures="1" skipped="0" tests="19" time="13.904" timestamp="2026-04-28T20:29:09.133337+00:00" hostname="agent-env-55cc316f-fab0-47df-9d13-46dcadfa28af"><testcase classname="tests.test_connect_iter108" name="test_health" time="0.318" /><testcase classname="tests.test_connect_iter108" name="test_admin_login" time="0.377" /><testcase classname="tests.test_connect_iter108" name="test_eden_login" time="0.390" /><testcase classname="tests.test_connect_iter108" name="test_tenant_migration_fields" time="0.014" /><testcase classname="tests.test_connect_iter108" name="test_public_config_connect_fields" time="0.127" /><testcase classname="tests.test_connect_iter108" name="test_admin_connect_status" time="0.171" /><testcase classname="tests.test_connect_iter108" name="test_pi_gate_not_started" time="0.193" /><testcase classname="tests.test_connect_iter108" name="test_pi_reaches_stripe_when_active" time="0.310" /><testcase classname="tests.test_connect_iter108" name="test_setup_intent_gate_not_started" time="0.116" /><testcase classname="tests.test_connect_iter108" name="test_setup_intent_reaches_stripe_when_active" time="0.275" /><testcase classname="tests.test_connect_iter108" name="test_connect_start_requires_platform_admin" time="0.186" /><testcase classname="tests.test_connect_iter108" name="test_connect_start_platform_admin_call" time="2.349" /><testcase classname="tests.test_connect_iter108" name="test_connect_refresh_cross_church_blocked" time="0.127" /><testcase classname="tests.test_connect_iter108" name="test_connect_login_link_cross_church_blocked" time="0.161" /><testcase classname="tests.test_connect_iter108" name="test_webhook_account_updated_sets_active" time="1.164" /><testcase classname="tests.test_connect_iter108" name="test_webhook_deauthorized_sets_restricted_and_flag" time="7.287" /><testcase classname="tests.test_connect_iter108" name="test_adapter_selection" time="0.010" /><testcase classname="tests.test_connect_iter108" name="test_recurring_scheduler_imports_and_runs" time="0.001"><failure message="Failed: scheduler TypeError on adapter call: run_recurring_batch() missing 1 required positional argument: 'db'">tests/test_connect_iter108.py:256: in test_recurring_scheduler_imports_and_runs
    loop.run_until_complete(fn())
                            ^^^^
E   TypeError: run_recurring_batch() missing 1 required positional argument: 'db'

During handling of the above exception, another exception occurred:
tests/test_connect_iter108.py:258: in test_recurring_scheduler_imports_and_runs
    pytest.fail(f"scheduler TypeError on adapter call: {e}")
E   Failed: scheduler TypeError on adapter call: run_recurring_batch() missing 1 required positional argument: 'db'</failure></testcase><testcase classname="tests.test_connect_iter108" name="test_admin_giving_no_tenant_returns_403" time="0.155" /></testsuite></testsuites>