<?xml version="1.0" encoding="utf-8"?><testsuites name="pytest tests"><testsuite name="pytest" errors="0" failures="0" skipped="0" tests="11" time="74.210" timestamp="2026-04-23T14:31:03.303696+00:00" hostname="agent-env-c57c83b4-874b-4dae-a561-2c5e8f350e21"><testcase classname="tests.test_delete_church_iter105.TestAuth" name="test_unauthenticated_returns_401" time="0.239" /><testcase classname="tests.test_delete_church_iter105.TestAuth" name="test_church_admin_returns_403" time="0.425" /><testcase classname="tests.test_delete_church_iter105.TestNotFound" name="test_nonexistent_tenant_returns_404" time="0.472" /><testcase classname="tests.test_delete_church_iter105.TestProtected" name="test_eden_church_protected" time="0.059" /><testcase classname="tests.test_delete_church_iter105.TestProtected" name="test_eden_church_still_exists" time="5.611" /><testcase classname="tests.test_delete_church_iter105.TestDryRun" name="test_dry_run_returns_plan_without_delete" time="6.244" /><testcase classname="tests.test_delete_church_iter105.TestRealDeleteAndCache" name="test_real_delete_cascades_and_refreshes_cache" time="22.573" /><testcase classname="tests.test_delete_church_iter105.TestRegressions" name="test_eden_church_connected_with_total" time="7.061" /><testcase classname="tests.test_delete_church_iter105.TestRegressions" name="test_competitive_intel_digest" time="20.436" /><testcase classname="tests.test_delete_church_iter105.TestRegressions" name="test_create_still_refreshes_cache" time="10.332" /><testcase classname="tests.test_delete_church_iter105" name="test_zz_cleanup_via_delete_endpoint" time="0.627" /></testsuite></testsuites>