<?xml version="1.0" encoding="utf-8"?><testsuites name="pytest tests"><testsuite name="pytest" errors="0" failures="0" skipped="0" tests="4" time="14.805" timestamp="2026-04-23T12:22:20.930389+00:00" hostname="agent-env-c57c83b4-874b-4dae-a561-2c5e8f350e21"><testcase classname="backend.tests.test_godmode_iter101" name="test_platform_churches_has_stripe_fields" time="5.934" /><testcase classname="backend.tests.test_godmode_iter101" name="test_stripe_transactions_recent" time="1.225" /><testcase classname="backend.tests.test_godmode_iter101" name="test_stripe_transactions_daily" time="1.164" /><testcase classname="backend.tests.test_godmode_iter101" name="test_stripe_transactions_stats" time="6.426" /></testsuite></testsuites>