<?xml version="1.0" encoding="utf-8"?><testsuites name="pytest tests"><testsuite name="pytest" errors="0" failures="0" skipped="0" tests="11" time="7.243" timestamp="2026-03-20T19:40:08.387520+00:00" hostname="agent-env-5b0c37df-a0ed-449d-ad60-3137b56de202"><testcase classname="backend.tests.test_iter44_war_room_payments.TestRegression" name="test_health_endpoint" time="0.298" /><testcase classname="backend.tests.test_iter44_war_room_payments.TestRegression" name="test_solomon_chat" time="5.397" /><testcase classname="backend.tests.test_iter44_war_room_payments.TestRegression" name="test_aivy_login_returns_church_admin" time="0.167" /><testcase classname="backend.tests.test_iter44_war_room_payments.TestWarRoom" name="test_war_room_endpoint_returns_200" time="0.208" /><testcase classname="backend.tests.test_iter44_war_room_payments.TestWarRoom" name="test_war_room_requires_auth" time="0.196" /><testcase classname="backend.tests.test_iter44_war_room_payments.TestPaymentOrchestration" name="test_list_processors_returns_6" time="0.104" /><testcase classname="backend.tests.test_iter44_war_room_payments.TestPaymentOrchestration" name="test_get_processor_settings" time="0.270" /><testcase classname="backend.tests.test_iter44_war_room_payments.TestPaymentOrchestration" name="test_connect_pushpay_processor" time="0.132" /><testcase classname="backend.tests.test_iter44_war_room_payments.TestPaymentOrchestration" name="test_process_giving_returns_success" time="0.136" /><testcase classname="backend.tests.test_iter44_war_room_payments.TestPaymentOrchestration" name="test_process_giving_requires_auth" time="0.159" /><testcase classname="backend.tests.test_iter44_war_room_payments.TestPaymentOrchestration" name="test_process_giving_validates_amount" time="0.111" /></testsuite></testsuites>