<?xml version="1.0" encoding="utf-8"?><testsuites name="pytest tests"><testsuite name="pytest" errors="0" failures="2" skipped="0" tests="39" time="7.653" timestamp="2026-03-10T00:47:03.040739+00:00" hostname="agent-env-d9d19531-18ff-47bd-bd6a-d74634224cc2"><testcase classname="backend.tests.test_uat_iter20.TestHealthAndAuth" name="test_admin_login" time="0.372" /><testcase classname="backend.tests.test_uat_iter20.TestHealthAndAuth" name="test_member_login" time="0.220" /><testcase classname="backend.tests.test_uat_iter20.TestHealthAndAuth" name="test_tenant_endpoint" time="0.068" /><testcase classname="backend.tests.test_uat_iter20.TestDashboardAnalytics" name="test_dashboard_stats" time="0.064" /><testcase classname="backend.tests.test_uat_iter20.TestDashboardAnalytics" name="test_giving_trend" time="0.060" /><testcase classname="backend.tests.test_uat_iter20.TestDashboardAnalytics" name="test_attendance_trend" time="0.061" /><testcase classname="backend.tests.test_uat_iter20.TestGroupsSync" name="test_admin_get_groups" time="1.076" /><testcase classname="backend.tests.test_uat_iter20.TestGroupsSync" name="test_member_sees_groups" time="0.165" /><testcase classname="backend.tests.test_uat_iter20.TestGroupsSync" name="test_member_can_join_group" time="0.186"><failure message="assert 404 in [200, 400]&#10; +  where 404 = &lt;Response [404]&gt;.status_code">backend/tests/test_uat_iter20.py:132: in test_member_can_join_group
    assert response.status_code in [200, 400]
E   assert 404 in [200, 400]
E    +  where 404 = &lt;Response [404]&gt;.status_code</failure></testcase><testcase classname="backend.tests.test_uat_iter20.TestEventsSync" name="test_admin_get_events" time="0.055" /><testcase classname="backend.tests.test_uat_iter20.TestEventsSync" name="test_admin_events_page" time="0.068" /><testcase classname="backend.tests.test_uat_iter20.TestEventsSync" name="test_member_sees_events" time="0.060" /><testcase classname="backend.tests.test_uat_iter20.TestEventsSync" name="test_member_can_rsvp" time="0.121" /><testcase classname="backend.tests.test_uat_iter20.TestKidsCheckinSync" name="test_admin_sees_checkins" time="0.057" /><testcase classname="backend.tests.test_uat_iter20.TestKidsCheckinSync" name="test_admin_sees_all_children" time="0.066" /><testcase classname="backend.tests.test_uat_iter20.TestKidsCheckinSync" name="test_member_sees_their_children" time="0.062" /><testcase classname="backend.tests.test_uat_iter20.TestCafeSync" name="test_admin_sees_cafe_items" time="0.065" /><testcase classname="backend.tests.test_uat_iter20.TestCafeSync" name="test_member_sees_cafe_menu" time="0.059" /><testcase classname="backend.tests.test_uat_iter20.TestCafeSync" name="test_member_place_cafe_order" time="0.118" /><testcase classname="backend.tests.test_uat_iter20.TestCafeSync" name="test_admin_sees_cafe_orders" time="0.062" /><testcase classname="backend.tests.test_uat_iter20.TestMerchSync" name="test_admin_sees_products" time="0.055" /><testcase classname="backend.tests.test_uat_iter20.TestMerchSync" name="test_member_sees_products" time="0.079" /><testcase classname="backend.tests.test_uat_iter20.TestMerchSync" name="test_member_place_merch_order" time="0.158" /><testcase classname="backend.tests.test_uat_iter20.TestMerchSync" name="test_admin_sees_merch_orders" time="0.073" /><testcase classname="backend.tests.test_uat_iter20.TestGivingFlow" name="test_admin_giving_stats" time="0.776" /><testcase classname="backend.tests.test_uat_iter20.TestGivingFlow" name="test_admin_funds" time="0.074" /><testcase classname="backend.tests.test_uat_iter20.TestGivingFlow" name="test_member_giving_history" time="0.055" /><testcase classname="backend.tests.test_uat_iter20.TestPrayerSystem" name="test_prayer_categories" time="0.051" /><testcase classname="backend.tests.test_uat_iter20.TestPrayerSystem" name="test_member_create_prayer_request" time="0.054"><failure message="assert 422 in [200, 201]&#10; +  where 422 = &lt;Response [422]&gt;.status_code">backend/tests/test_uat_iter20.py:360: in test_member_create_prayer_request
    assert response.status_code in [200, 201]
E   assert 422 in [200, 201]
E    +  where 422 = &lt;Response [422]&gt;.status_code</failure></testcase><testcase classname="backend.tests.test_uat_iter20.TestPrayerSystem" name="test_member_sees_prayer_wall" time="0.058" /><testcase classname="backend.tests.test_uat_iter20.TestPrayerSystem" name="test_admin_prayer_dashboard" time="0.067" /><testcase classname="backend.tests.test_uat_iter20.TestMediaSection" name="test_admin_media_videos" time="0.057" /><testcase classname="backend.tests.test_uat_iter20.TestMeetingsSync" name="test_admin_meetings_slots" time="0.085" /><testcase classname="backend.tests.test_uat_iter20.TestMeetingsSync" name="test_admin_meetings" time="0.071" /><testcase classname="backend.tests.test_uat_iter20.TestMeetingsSync" name="test_member_sees_slots" time="0.067" /><testcase classname="backend.tests.test_uat_iter20.TestAdminGroupsManager" name="test_admin_groups_with_members" time="2.031" /><testcase classname="backend.tests.test_uat_iter20.TestPeopleManagement" name="test_admin_people_list" time="0.102" /><testcase classname="backend.tests.test_uat_iter20.TestPeopleManagement" name="test_admin_households" time="0.491" /><testcase classname="backend.tests.test_uat_iter20.TestMemberProfile" name="test_member_gets_profile" time="0.059" /></testsuite></testsuites>