<?xml version="1.0" encoding="utf-8"?><testsuites name="pytest tests"><testsuite name="pytest" errors="0" failures="0" skipped="0" tests="19" time="8.530" timestamp="2026-03-28T02:47:52.517879+00:00" hostname="agent-env-e026b3a9-11e8-434b-8047-f57b4b756f06"><testcase classname="backend.tests.test_iter60_phase6_checkin.TestPhase6CheckInSetup" name="test_api_health" time="0.462" /><testcase classname="backend.tests.test_iter60_phase6_checkin.TestPhase6CheckInSetup" name="test_get_locations_returns_seeded_data" time="0.346" /><testcase classname="backend.tests.test_iter60_phase6_checkin.TestPhase6CheckInSetup" name="test_create_location" time="0.414" /><testcase classname="backend.tests.test_iter60_phase6_checkin.TestPhase6CheckInSetup" name="test_update_location" time="0.510" /><testcase classname="backend.tests.test_iter60_phase6_checkin.TestPhase6CheckInSetup" name="test_delete_location" time="0.429" /><testcase classname="backend.tests.test_iter60_phase6_checkin.TestPhase6CheckInSetup" name="test_get_stations_returns_seeded_data" time="0.306" /><testcase classname="backend.tests.test_iter60_phase6_checkin.TestPhase6CheckInSetup" name="test_create_station_with_mode" time="0.696" /><testcase classname="backend.tests.test_iter60_phase6_checkin.TestPhase6CheckInSetup" name="test_delete_station" time="0.455" /><testcase classname="backend.tests.test_iter60_phase6_checkin.TestPhase6CheckInSetup" name="test_get_labels_returns_seeded_templates" time="0.306" /><testcase classname="backend.tests.test_iter60_phase6_checkin.TestPhase6CheckInSetup" name="test_create_label_template" time="0.474" /><testcase classname="backend.tests.test_iter60_phase6_checkin.TestPhase6CheckInSetup" name="test_delete_label_template" time="0.398" /><testcase classname="backend.tests.test_iter60_phase6_checkin.TestPhase6CheckInSetup" name="test_get_medical_alerts" time="0.379" /><testcase classname="backend.tests.test_iter60_phase6_checkin.TestPhase6CheckInSetup" name="test_update_child_medical_info" time="0.423" /><testcase classname="backend.tests.test_iter60_phase6_checkin.TestPhase6CheckInSetup" name="test_get_child_guardians" time="0.388" /><testcase classname="backend.tests.test_iter60_phase6_checkin.TestPhase6CheckInSetup" name="test_add_guardian" time="0.453" /><testcase classname="backend.tests.test_iter60_phase6_checkin.TestPhase6CheckInSetup" name="test_remove_guardian" time="0.469" /><testcase classname="backend.tests.test_iter60_phase6_checkin.TestPhase6CheckInSetup" name="test_get_checkin_trends" time="0.359" /><testcase classname="backend.tests.test_iter60_phase6_checkin.TestPhase6CheckInSetup" name="test_get_first_time_visitors" time="0.404" /><testcase classname="backend.tests.test_iter60_phase6_checkin.TestPhase6CheckInSetup" name="test_cleanup_test_guardians" time="0.755" /></testsuite></testsuites>