<?xml version="1.0" encoding="utf-8"?><testsuites name="pytest tests"><testsuite name="pytest" errors="0" failures="0" skipped="0" tests="13" time="105.872" timestamp="2026-02-19T03:34:56.581442+00:00" hostname="agent-env-3339fe3a-711e-485c-add6-7db2608d8fe6"><testcase classname="backend.tests.test_solomon_ai.TestSolomonAI" name="test_solomon_chat_basic_message" time="7.949" /><testcase classname="backend.tests.test_solomon_ai.TestSolomonAI" name="test_solomon_chat_giving_context" time="10.417" /><testcase classname="backend.tests.test_solomon_ai.TestSolomonAI" name="test_solomon_chat_with_existing_session" time="18.033" /><testcase classname="backend.tests.test_solomon_ai.TestSolomonAI" name="test_solomon_history_endpoint" time="5.441" /><testcase classname="backend.tests.test_solomon_ai.TestSolomonAI" name="test_solomon_history_nonexistent_session" time="0.152" /><testcase classname="backend.tests.test_solomon_ai.TestSolomonAI" name="test_solomon_session_clear" time="7.711" /><testcase classname="backend.tests.test_solomon_ai.TestSolomonAI" name="test_solomon_chat_group_context_actions" time="12.660" /><testcase classname="backend.tests.test_solomon_ai.TestSolomonAI" name="test_solomon_chat_follow_up_actions" time="9.257" /><testcase classname="backend.tests.test_solomon_ai.TestSolomonAI" name="test_solomon_chat_upcoming_events" time="5.454" /><testcase classname="backend.tests.test_solomon_ai.TestSolomonAI" name="test_solomon_chat_empty_message_handling" time="5.568" /><testcase classname="backend.tests.test_solomon_ai.TestSolomonAI" name="test_solomon_response_format" time="10.867" /><testcase classname="backend.tests.test_solomon_ai.TestSolomonChurchContext" name="test_solomon_knows_church_name" time="4.343" /><testcase classname="backend.tests.test_solomon_ai.TestSolomonChurchContext" name="test_solomon_has_accurate_stats" time="7.940" /></testsuite></testsuites>