<?xml version="1.0" encoding="utf-8"?><testsuites name="pytest tests"><testsuite name="pytest" errors="0" failures="0" skipped="0" tests="26" time="8.764" timestamp="2026-03-20T17:42:24.371878+00:00" hostname="agent-env-fdfaa73d-876c-43a4-9cce-87f496158869"><testcase classname="backend.tests.test_phase1_4_v2_iter41.TestPhase1RBAC" name="test_login_returns_permissions_and_role_title" time="0.284" /><testcase classname="backend.tests.test_phase1_4_v2_iter41.TestPhase1RBAC" name="test_aivy_church_admin_permissions" time="0.000" /><testcase classname="backend.tests.test_phase1_4_v2_iter41.TestPhase1RBAC" name="test_get_role_templates" time="0.162" /><testcase classname="backend.tests.test_phase1_4_v2_iter41.TestPhase1RBAC" name="test_get_user_permissions" time="0.188" /><testcase classname="backend.tests.test_phase1_4_v2_iter41.TestPhase1RBAC" name="test_update_member_role_with_template" time="1.497" /><testcase classname="backend.tests.test_phase1_4_v2_iter41.TestPhase1RBAC" name="test_update_member_permissions_array" time="0.301" /><testcase classname="backend.tests.test_phase1_4_v2_iter41.TestPhase1RBAC" name="test_grant_single_permission" time="0.298" /><testcase classname="backend.tests.test_phase1_4_v2_iter41.TestPhase1RBAC" name="test_revoke_permission" time="0.295" /><testcase classname="backend.tests.test_phase1_4_v2_iter41.TestPhase1RBAC" name="test_get_users_by_role" time="0.156" /><testcase classname="backend.tests.test_phase1_4_v2_iter41.TestPhase1RBAC" name="test_member_cannot_access_admin_endpoints" time="0.124" /><testcase classname="backend.tests.test_phase1_4_v2_iter41.TestPhase2Security" name="test_security_headers" time="0.136" /><testcase classname="backend.tests.test_phase1_4_v2_iter41.TestPhase2Security" name="test_health_endpoint" time="0.118" /><testcase classname="backend.tests.test_phase1_4_v2_iter41.TestPhase2Security" name="test_health_detailed" time="0.145" /><testcase classname="backend.tests.test_phase1_4_v2_iter41.TestPhase2Idempotency" name="test_checkin_idempotency" time="0.421" /><testcase classname="backend.tests.test_phase1_4_v2_iter41.TestPhase3Volunteers" name="test_get_volunteer_teams" time="0.125" /><testcase classname="backend.tests.test_phase1_4_v2_iter41.TestPhase3Volunteers" name="test_create_volunteer_team" time="0.138" /><testcase classname="backend.tests.test_phase1_4_v2_iter41.TestPhase3Volunteers" name="test_assign_volunteer_to_team" time="0.267" /><testcase classname="backend.tests.test_phase1_4_v2_iter41.TestPhase3Volunteers" name="test_aivy_in_kids_checkin_team" time="0.142" /><testcase classname="backend.tests.test_phase1_4_v2_iter41.TestPhase4QRPolish" name="test_checkin_returns_nudge_with_amounts" time="0.279" /><testcase classname="backend.tests.test_phase1_4_v2_iter41.TestRegressionAccounts" name="test_aivy_admin_works" time="0.000" /><testcase classname="backend.tests.test_phase1_4_v2_iter41.TestRegressionAccounts" name="test_vince_member_works" time="0.000" /><testcase classname="backend.tests.test_phase1_4_v2_iter41.TestRegressionAccounts" name="test_platform_admin_works" time="1.172" /><testcase classname="backend.tests.test_phase1_4_v2_iter41.TestRegressionPortalPages" name="test_portal_home" time="0.166" /><testcase classname="backend.tests.test_phase1_4_v2_iter41.TestRegressionPortalPages" name="test_portal_kids" time="0.143" /><testcase classname="backend.tests.test_phase1_4_v2_iter41.TestRegressionPortalPages" name="test_portal_groups" time="1.960" /><testcase classname="backend.tests.test_phase1_4_v2_iter41.TestRegressionPortalPages" name="test_portal_events" time="0.159" /></testsuite></testsuites>