<?xml version="1.0" encoding="utf-8"?><testsuites name="pytest tests"><testsuite name="pytest" errors="0" failures="1" skipped="0" tests="15" time="2.908" timestamp="2026-03-13T18:16:42.944898+00:00" hostname="agent-env-660b3ed0-9295-4f79-a7d0-53dd78f64cdd"><testcase classname="backend.tests.test_group_leader_events_iter25.TestSetup" name="test_admin_login" time="0.299" /><testcase classname="backend.tests.test_group_leader_events_iter25.TestSetup" name="test_member_login" time="0.147" /><testcase classname="backend.tests.test_group_leader_events_iter25.TestGroupLeaderDashboard" name="test_get_admin_groups_list" time="0.265" /><testcase classname="backend.tests.test_group_leader_events_iter25.TestGroupLeaderDashboard" name="test_get_group_attendance_history" time="0.183" /><testcase classname="backend.tests.test_group_leader_events_iter25.TestGroupLeaderDashboard" name="test_get_group_at_risk_members" time="0.139" /><testcase classname="backend.tests.test_group_leader_events_iter25.TestGroupLeaderDashboard" name="test_get_group_members" time="0.065" /><testcase classname="backend.tests.test_group_leader_events_iter25.TestGroupLeaderDashboard" name="test_log_outreach_endpoint" time="0.083" /><testcase classname="backend.tests.test_group_leader_events_iter25.TestEnhancedEvents" name="test_portal_events_endpoint" time="0.255" /><testcase classname="backend.tests.test_group_leader_events_iter25.TestEnhancedEvents" name="test_get_my_events" time="0.062" /><testcase classname="backend.tests.test_group_leader_events_iter25.TestEnhancedEvents" name="test_event_registration_flow" time="0.298" /><testcase classname="backend.tests.test_group_leader_events_iter25.TestPushNotifications" name="test_vapid_public_key_endpoint" time="0.154" /><testcase classname="backend.tests.test_group_leader_events_iter25.TestPushNotifications" name="test_push_subscribe_requires_auth" time="0.128" /><testcase classname="backend.tests.test_group_leader_events_iter25.TestPushNotifications" name="test_push_unsubscribe_requires_auth" time="0.268" /><testcase classname="backend.tests.test_group_leader_events_iter25.TestAdminGroupCRUD" name="test_create_group" time="0.281"><failure message="AssertionError: assert ('id' in {'group': {'capacity': 15, 'created_at': '2026-03-13T18:16:45.596313+00:00', 'description': 'Test group for iteration 25', 'group_type_id': None, ...}, 'message': 'Group created successfully'} or 'name' in {'group': {'capacity': 15, 'created_at': '2026-03-13T18:16:45.596313+00:00', 'description': 'Test group for iteration 25', 'group_type_id': None, ...}, 'message': 'Group created successfully'})">backend/tests/test_group_leader_events_iter25.py:290: in test_create_group
    assert "id" in data or "name" in data
E   AssertionError: assert ('id' in {'group': {'capacity': 15, 'created_at': '2026-03-13T18:16:45.596313+00:00', 'description': 'Test group for iteration 25', 'group_type_id': None, ...}, 'message': 'Group created successfully'} or 'name' in {'group': {'capacity': 15, 'created_at': '2026-03-13T18:16:45.596313+00:00', 'description': 'Test group for iteration 25', 'group_type_id': None, ...}, 'message': 'Group created successfully'})</failure></testcase><testcase classname="backend.tests.test_group_leader_events_iter25.TestAdminGroupCRUD" name="test_search_groups" time="0.163" /></testsuite></testsuites>