<?xml version="1.0" encoding="utf-8"?><testsuites name="pytest tests"><testsuite name="pytest" errors="0" failures="0" skipped="0" tests="30" time="11.402" timestamp="2026-03-09T15:26:03.814903+00:00" hostname="agent-env-5489fb1b-2504-4294-b67c-aa343adbc978"><testcase classname="backend.tests.test_qa_demo_iter14.TestAuthenticationFlows" name="test_platform_admin_login" time="0.227" /><testcase classname="backend.tests.test_qa_demo_iter14.TestAuthenticationFlows" name="test_church_admin_abundant_login" time="0.112" /><testcase classname="backend.tests.test_qa_demo_iter14.TestAuthenticationFlows" name="test_church_admin_cristo_viene_login" time="0.124" /><testcase classname="backend.tests.test_qa_demo_iter14.TestAuthenticationFlows" name="test_church_admin_potters_house_login" time="0.114" /><testcase classname="backend.tests.test_qa_demo_iter14.TestAuthenticationFlows" name="test_church_admin_eden_x_login" time="0.152" /><testcase classname="backend.tests.test_qa_demo_iter14.TestAuthenticationFlows" name="test_member_abundant_login" time="0.119" /><testcase classname="backend.tests.test_qa_demo_iter14.TestAuthenticationFlows" name="test_member_cristo_viene_login" time="0.108" /><testcase classname="backend.tests.test_qa_demo_iter14.TestAuthenticationFlows" name="test_member_eden_x_login" time="0.116" /><testcase classname="backend.tests.test_qa_demo_iter14.TestPlatformAdminEndpoints" name="test_get_all_tenants" time="0.232" /><testcase classname="backend.tests.test_qa_demo_iter14.TestPlatformAdminEndpoints" name="test_platform_stats_gmv" time="0.505" /><testcase classname="backend.tests.test_qa_demo_iter14.TestPlatformAdminEndpoints" name="test_admin_members_list" time="0.176" /><testcase classname="backend.tests.test_qa_demo_iter14.TestChurchAdminEndpoints" name="test_dashboard_stats" time="0.183" /><testcase classname="backend.tests.test_qa_demo_iter14.TestChurchAdminEndpoints" name="test_media_library" time="0.178" /><testcase classname="backend.tests.test_qa_demo_iter14.TestChurchAdminEndpoints" name="test_groups_list" time="0.293" /><testcase classname="backend.tests.test_qa_demo_iter14.TestChurchAdminEndpoints" name="test_events_list" time="0.220" /><testcase classname="backend.tests.test_qa_demo_iter14.TestChurchAdminEndpoints" name="test_giving_dashboard" time="0.844" /><testcase classname="backend.tests.test_qa_demo_iter14.TestChurchAdminEndpoints" name="test_meetings_list" time="0.176" /><testcase classname="backend.tests.test_qa_demo_iter14.TestChurchAdminEndpoints" name="test_pathways_courses" time="0.235" /><testcase classname="backend.tests.test_qa_demo_iter14.TestChurchAdminEndpoints" name="test_merch_products" time="0.183" /><testcase classname="backend.tests.test_qa_demo_iter14.TestChurchAdminEndpoints" name="test_api_keys_admin" time="0.185" /><testcase classname="backend.tests.test_qa_demo_iter14.TestMemberPortalEndpoints" name="test_portal_member_data" time="0.216" /><testcase classname="backend.tests.test_qa_demo_iter14.TestMemberPortalEndpoints" name="test_portal_events" time="0.200" /><testcase classname="backend.tests.test_qa_demo_iter14.TestMemberPortalEndpoints" name="test_portal_groups" time="0.214" /><testcase classname="backend.tests.test_qa_demo_iter14.TestMemberPortalEndpoints" name="test_portal_media" time="0.230" /><testcase classname="backend.tests.test_qa_demo_iter14.TestMemberPortalEndpoints" name="test_portal_pathways" time="0.221" /><testcase classname="backend.tests.test_qa_demo_iter14.TestMemberPortalEndpoints" name="test_portal_merch" time="0.255" /><testcase classname="backend.tests.test_qa_demo_iter14.TestMemberPortalEndpoints" name="test_portal_meetings_slots" time="0.163" /><testcase classname="backend.tests.test_qa_demo_iter14.TestMemberPortalEndpoints" name="test_solomon_ai_chat" time="5.070" /><testcase classname="backend.tests.test_qa_demo_iter14.TestSignupFlow" name="test_signup_endpoint_exists" time="0.139" /><testcase classname="backend.tests.test_qa_demo_iter14.TestTenantInfo" name="test_tenant_info" time="0.111" /></testsuite></testsuites>