<?xml version="1.0" encoding="utf-8"?><testsuites name="pytest tests"><testsuite name="pytest" errors="0" failures="0" skipped="0" tests="9" time="2.544" timestamp="2026-03-13T18:04:08.790528+00:00" hostname="agent-env-660b3ed0-9295-4f79-a7d0-53dd78f64cdd"><testcase classname="backend.tests.test_push_notifications_kids_iter24.TestPushNotificationEndpoints" name="test_vapid_public_key_endpoint" time="0.279" /><testcase classname="backend.tests.test_push_notifications_kids_iter24.TestPushNotificationEndpoints" name="test_push_subscribe_requires_auth" time="0.168" /><testcase classname="backend.tests.test_push_notifications_kids_iter24.TestPushNotificationEndpoints" name="test_push_unsubscribe_requires_auth" time="0.264" /><testcase classname="backend.tests.test_push_notifications_kids_iter24.TestPushNotificationEndpoints" name="test_push_subscribe_with_auth" time="0.370" /><testcase classname="backend.tests.test_push_notifications_kids_iter24.TestPushNotificationEndpoints" name="test_push_unsubscribe_with_auth" time="0.181" /><testcase classname="backend.tests.test_push_notifications_kids_iter24.TestKidsCheckinEndpoints" name="test_get_kids_list" time="0.272" /><testcase classname="backend.tests.test_push_notifications_kids_iter24.TestKidsCheckinEndpoints" name="test_get_active_checkins" time="0.244" /><testcase classname="backend.tests.test_push_notifications_kids_iter24.TestKidsCheckinEndpoints" name="test_add_child" time="0.268" /><testcase classname="backend.tests.test_push_notifications_kids_iter24.TestKidsCheckinEndpoints" name="test_checkin_child" time="0.419" /></testsuite></testsuites>