<?xml version="1.0" encoding="utf-8"?><testsuites name="pytest tests"><testsuite name="pytest" errors="0" failures="0" skipped="0" tests="31" time="6.667" timestamp="2026-03-31T22:04:06.102498+00:00" hostname="agent-env-851040b8-67a6-4b9d-9d45-67a7c00b845e"><testcase classname="backend.tests.test_new_features_iter67.TestGivingGoals" name="test_get_giving_goal_initial" time="0.523" /><testcase classname="backend.tests.test_new_features_iter67.TestGivingGoals" name="test_set_giving_goal" time="0.109" /><testcase classname="backend.tests.test_new_features_iter67.TestGivingGoals" name="test_get_giving_goal_after_set" time="0.120" /><testcase classname="backend.tests.test_new_features_iter67.TestGivingGoals" name="test_update_giving_goal" time="0.123" /><testcase classname="backend.tests.test_new_features_iter67.TestGivingGoals" name="test_set_goal_invalid_amount" time="0.107" /><testcase classname="backend.tests.test_new_features_iter67.TestGivingGoals" name="test_delete_giving_goal" time="0.123" /><testcase classname="backend.tests.test_new_features_iter67.TestGivingGoals" name="test_get_goal_after_delete" time="0.103" /><testcase classname="backend.tests.test_new_features_iter67.TestGivingGoals" name="test_delete_nonexistent_goal" time="0.109" /><testcase classname="backend.tests.test_new_features_iter67.TestCustomFieldDefinitions" name="test_list_custom_fields" time="0.464" /><testcase classname="backend.tests.test_new_features_iter67.TestCustomFieldDefinitions" name="test_create_text_field" time="0.121" /><testcase classname="backend.tests.test_new_features_iter67.TestCustomFieldDefinitions" name="test_create_select_field" time="0.233" /><testcase classname="backend.tests.test_new_features_iter67.TestCustomFieldDefinitions" name="test_create_multiselect_field" time="0.219" /><testcase classname="backend.tests.test_new_features_iter67.TestCustomFieldDefinitions" name="test_create_boolean_field" time="0.325" /><testcase classname="backend.tests.test_new_features_iter67.TestCustomFieldDefinitions" name="test_create_date_field" time="0.217" /><testcase classname="backend.tests.test_new_features_iter67.TestCustomFieldDefinitions" name="test_create_number_field" time="0.250" /><testcase classname="backend.tests.test_new_features_iter67.TestCustomFieldDefinitions" name="test_create_textarea_field" time="0.221" /><testcase classname="backend.tests.test_new_features_iter67.TestCustomFieldDefinitions" name="test_update_custom_field" time="0.132" /><testcase classname="backend.tests.test_new_features_iter67.TestCustomFieldDefinitions" name="test_create_duplicate_field_rejected" time="0.332" /><testcase classname="backend.tests.test_new_features_iter67.TestCustomFieldDefinitions" name="test_create_invalid_field_type" time="0.110" /><testcase classname="backend.tests.test_new_features_iter67.TestCustomFieldDefinitions" name="test_reorder_custom_fields" time="0.683" /><testcase classname="backend.tests.test_new_features_iter67.TestCustomFieldDefinitions" name="test_delete_custom_field" time="0.163" /><testcase classname="backend.tests.test_new_features_iter67.TestCustomFieldDefinitions" name="test_delete_nonexistent_field" time="0.111" /><testcase classname="backend.tests.test_new_features_iter67.TestPersonCustomFields" name="test_get_person_custom_fields" time="0.114" /><testcase classname="backend.tests.test_new_features_iter67.TestPersonCustomFields" name="test_update_person_custom_fields" time="0.133" /><testcase classname="backend.tests.test_new_features_iter67.TestPersonCustomFields" name="test_verify_custom_fields_persisted" time="0.125" /><testcase classname="backend.tests.test_new_features_iter67.TestPersonCustomFields" name="test_update_nonexistent_person" time="0.123" /><testcase classname="backend.tests.test_new_features_iter67.TestRegistrationAddOns" name="test_get_registration_config" time="0.271" /><testcase classname="backend.tests.test_new_features_iter67.TestRegistrationAddOns" name="test_save_config_with_enhanced_addons" time="0.288" /><testcase classname="backend.tests.test_new_features_iter67.TestRegistrationAddOns" name="test_verify_addon_fields_persisted" time="0.270" /><testcase classname="backend.tests.test_new_features_iter67.TestRegistrationAddOns" name="test_public_registration_shows_addons" time="0.273" /><testcase classname="backend.tests.test_new_features_iter67.TestCleanup" name="test_cleanup_test_custom_fields" time="0.109" /></testsuite></testsuites>