<?xml version="1.0" encoding="utf-8"?><testsuites name="pytest tests"><testsuite name="pytest" errors="0" failures="1" skipped="0" tests="13" time="106.380" timestamp="2026-02-19T03:28:49.102977+00:00" hostname="agent-env-3339fe3a-711e-485c-add6-7db2608d8fe6"><testcase classname="backend.tests.test_solomon_ai.TestSolomonAI" name="test_solomon_chat_basic_message" time="6.113" /><testcase classname="backend.tests.test_solomon_ai.TestSolomonAI" name="test_solomon_chat_giving_context" time="9.743" /><testcase classname="backend.tests.test_solomon_ai.TestSolomonAI" name="test_solomon_chat_with_existing_session" time="18.366" /><testcase classname="backend.tests.test_solomon_ai.TestSolomonAI" name="test_solomon_history_endpoint" time="5.756" /><testcase classname="backend.tests.test_solomon_ai.TestSolomonAI" name="test_solomon_history_nonexistent_session" time="0.129" /><testcase classname="backend.tests.test_solomon_ai.TestSolomonAI" name="test_solomon_session_clear" time="5.509" /><testcase classname="backend.tests.test_solomon_ai.TestSolomonAI" name="test_solomon_chat_group_context_actions" time="14.745" /><testcase classname="backend.tests.test_solomon_ai.TestSolomonAI" name="test_solomon_chat_follow_up_actions" time="12.504" /><testcase classname="backend.tests.test_solomon_ai.TestSolomonAI" name="test_solomon_chat_upcoming_events" time="6.405" /><testcase classname="backend.tests.test_solomon_ai.TestSolomonAI" name="test_solomon_chat_empty_message_handling" time="5.286"><failure message="AssertionError: Should handle empty message gracefully, got 520&#10;assert 520 in [200, 400, 422, 500]&#10; +  where 520 = &lt;Response [520]&gt;.status_code">backend/tests/test_solomon_ai.py:249: in test_solomon_chat_empty_message_handling
    assert response.status_code in [200, 400, 422, 500], \
E   AssertionError: Should handle empty message gracefully, got 520
E   assert 520 in [200, 400, 422, 500]
E    +  where 520 = &lt;Response [520]&gt;.status_code</failure></testcase><testcase classname="backend.tests.test_solomon_ai.TestSolomonAI" name="test_solomon_response_format" time="9.882" /><testcase classname="backend.tests.test_solomon_ai.TestSolomonChurchContext" name="test_solomon_knows_church_name" time="4.762" /><testcase classname="backend.tests.test_solomon_ai.TestSolomonChurchContext" name="test_solomon_has_accurate_stats" time="7.057" /></testsuite></testsuites>