<?xml version="1.0" encoding="utf-8"?><testsuites name="pytest tests"><testsuite name="pytest" errors="0" failures="0" skipped="0" tests="20" time="3.869" timestamp="2026-03-13T17:14:24.459059+00:00" hostname="agent-env-d9d19531-18ff-47bd-bd6a-d74634224cc2"><testcase classname="backend.tests.test_v3_features.TestDashboardStats" name="test_dashboard_stats_returns_50k_members" time="0.162" /><testcase classname="backend.tests.test_v3_features.TestDashboardStats" name="test_dashboard_stats_has_mtd_giving" time="0.141" /><testcase classname="backend.tests.test_v3_features.TestDashboardStats" name="test_dashboard_stats_has_cafe_orders" time="0.152" /><testcase classname="backend.tests.test_v3_features.TestDashboardStats" name="test_dashboard_stats_has_merch_orders" time="0.491" /><testcase classname="backend.tests.test_v3_features.TestDashboardStats" name="test_dashboard_stats_has_event_registrations" time="0.133" /><testcase classname="backend.tests.test_v3_features.TestDashboardStats" name="test_dashboard_stats_has_at_risk_members" time="0.166" /><testcase classname="backend.tests.test_v3_features.TestDashboardStats" name="test_dashboard_stats_has_cafe_giving_added" time="0.116" /><testcase classname="backend.tests.test_v3_features.TestDashboardStats" name="test_dashboard_stats_has_merch_giving_added" time="0.140" /><testcase classname="backend.tests.test_v3_features.TestAuthentication" name="test_admin_login" time="0.126" /><testcase classname="backend.tests.test_v3_features.TestAuthentication" name="test_member_login" time="0.137" /><testcase classname="backend.tests.test_v3_features.TestKidsCheckin" name="test_admin_can_get_all_checkins" time="0.206" /><testcase classname="backend.tests.test_v3_features.TestKidsCheckin" name="test_admin_can_get_all_kids" time="0.198" /><testcase classname="backend.tests.test_v3_features.TestKidsCheckin" name="test_member_can_get_their_children" time="0.207" /><testcase classname="backend.tests.test_v3_features.TestKidsCheckin" name="test_pickup_code_format_is_correct" time="0.207" /><testcase classname="backend.tests.test_v3_features.TestMerchStore" name="test_merch_products_endpoint_exists" time="0.188" /><testcase classname="backend.tests.test_v3_features.TestMerchStore" name="test_merch_products_have_required_fields" time="0.199" /><testcase classname="backend.tests.test_v3_features.TestCafeStore" name="test_cafe_items_endpoint_exists" time="0.240" /><testcase classname="backend.tests.test_v3_features.TestCafeStore" name="test_cafe_items_have_required_fields" time="0.200" /><testcase classname="backend.tests.test_v3_features.TestWatchVideos" name="test_videos_endpoint_exists" time="0.195" /><testcase classname="backend.tests.test_v3_features.TestWatchVideos" name="test_videos_have_youtube_id" time="0.185" /></testsuite></testsuites>