<?xml version="1.0" encoding="utf-8"?><testsuites name="pytest tests"><testsuite name="pytest" errors="0" failures="0" skipped="0" tests="27" time="89.362" timestamp="2026-03-14T00:40:17.112349+00:00" hostname="agent-env-1bbaae3d-de5a-48b9-81a1-7e221209f9f7"><testcase classname="backend.tests.test_bug_fixes_iter29.TestSetup" name="test_base_url_configured" time="0.000" /><testcase classname="backend.tests.test_bug_fixes_iter29.TestSetup" name="test_api_root_accessible" time="4.870" /><testcase classname="backend.tests.test_bug_fixes_iter29.TestBug2LoginPayload" name="test_member_login_returns_token_aliases" time="9.010" /><testcase classname="backend.tests.test_bug_fixes_iter29.TestBug2LoginPayload" name="test_admin_login_returns_token_aliases" time="8.615" /><testcase classname="backend.tests.test_bug_fixes_iter29.TestBug1AdminPortalAccess" name="test_admin_can_access_merch_products" time="8.837" /><testcase classname="backend.tests.test_bug_fixes_iter29.TestBug1AdminPortalAccess" name="test_admin_can_access_cafe_menu" time="0.164" /><testcase classname="backend.tests.test_bug_fixes_iter29.TestBug1AdminPortalAccess" name="test_admin_can_access_kids_children" time="0.125" /><testcase classname="backend.tests.test_bug_fixes_iter29.TestBug1AdminPortalAccess" name="test_admin_can_access_media_sermons" time="0.144" /><testcase classname="backend.tests.test_bug_fixes_iter29.TestBug1AdminPortalAccess" name="test_admin_can_access_giving_history" time="0.119" /><testcase classname="backend.tests.test_bug_fixes_iter29.TestBug3AdminEndpoints" name="test_admin_dashboard_exists" time="9.053" /><testcase classname="backend.tests.test_bug_fixes_iter29.TestBug3AdminEndpoints" name="test_admin_giving_summary_exists" time="0.394" /><testcase classname="backend.tests.test_bug_fixes_iter29.TestBug4KidsCheckinHistory" name="test_kids_checkin_history_exists" time="9.850" /><testcase classname="backend.tests.test_bug_fixes_iter29.TestBug5SeededDemoData" name="test_merch_has_5_products" time="8.799" /><testcase classname="backend.tests.test_bug_fixes_iter29.TestBug5SeededDemoData" name="test_cafe_has_5_items" time="0.116" /><testcase classname="backend.tests.test_bug_fixes_iter29.TestBug5SeededDemoData" name="test_sermons_has_3_videos" time="0.154" /><testcase classname="backend.tests.test_bug_fixes_iter29.TestBug5SeededDemoData" name="test_kids_includes_emma_johnson" time="0.218" /><testcase classname="backend.tests.test_bug_fixes_iter29.TestBug5SeededDemoData" name="test_giving_history_has_4_donations" time="0.120" /><testcase classname="backend.tests.test_bug_fixes_iter29.TestBug5SeededDemoData" name="test_attendance_streak_greater_than_zero" time="0.135" /><testcase classname="backend.tests.test_bug_fixes_iter29.TestCORSHeaders" name="test_cors_preflight_options" time="0.080" /><testcase classname="backend.tests.test_bug_fixes_iter29.TestCORSHeaders" name="test_cors_on_actual_request" time="0.123" /><testcase classname="backend.tests.test_bug_fixes_iter29.TestRegressionEndpoints" name="test_auth_me_returns_user" time="8.687" /><testcase classname="backend.tests.test_bug_fixes_iter29.TestRegressionEndpoints" name="test_events_public" time="0.413" /><testcase classname="backend.tests.test_bug_fixes_iter29.TestRegressionEndpoints" name="test_groups_public" time="1.684" /><testcase classname="backend.tests.test_bug_fixes_iter29.TestRegressionEndpoints" name="test_admin_members" time="8.651" /><testcase classname="backend.tests.test_bug_fixes_iter29.TestAuthEnforcement" name="test_portal_profile_requires_auth" time="0.114" /><testcase classname="backend.tests.test_bug_fixes_iter29.TestAuthEnforcement" name="test_admin_dashboard_requires_auth" time="0.135" /><testcase classname="backend.tests.test_bug_fixes_iter29.TestAuthEnforcement" name="test_admin_endpoint_requires_admin_role" time="8.652" /></testsuite></testsuites>