<?xml version="1.0" encoding="utf-8"?><testsuites name="pytest tests"><testsuite name="pytest" errors="0" failures="0" skipped="0" tests="23" time="3.413" timestamp="2026-03-13T17:41:03.628596+00:00" hostname="agent-env-660b3ed0-9295-4f79-a7d0-53dd78f64cdd"><testcase classname="backend.tests.test_pwa_module0.TestPWAManifest" name="test_manifest_served" time="0.135" /><testcase classname="backend.tests.test_pwa_module0.TestPWAManifest" name="test_manifest_is_valid_json" time="0.123" /><testcase classname="backend.tests.test_pwa_module0.TestPWAManifest" name="test_manifest_required_fields" time="0.125" /><testcase classname="backend.tests.test_pwa_module0.TestPWAManifest" name="test_manifest_icons_array" time="0.138" /><testcase classname="backend.tests.test_pwa_module0.TestServiceWorker" name="test_sw_served" time="0.119" /><testcase classname="backend.tests.test_pwa_module0.TestServiceWorker" name="test_sw_is_javascript" time="0.134" /><testcase classname="backend.tests.test_pwa_module0.TestPWAIcons" name="test_icon_72" time="0.151" /><testcase classname="backend.tests.test_pwa_module0.TestPWAIcons" name="test_icon_96" time="0.317" /><testcase classname="backend.tests.test_pwa_module0.TestPWAIcons" name="test_icon_128" time="0.116" /><testcase classname="backend.tests.test_pwa_module0.TestPWAIcons" name="test_icon_192" time="0.135" /><testcase classname="backend.tests.test_pwa_module0.TestPWAIcons" name="test_icon_512" time="0.155" /><testcase classname="backend.tests.test_pwa_module0.TestPWAIcons" name="test_apple_touch_icon" time="0.124" /><testcase classname="backend.tests.test_pwa_module0.TestPWAIcons" name="test_favicon_32" time="0.141" /><testcase classname="backend.tests.test_pwa_module0.TestPWAIcons" name="test_favicon_16" time="0.159" /><testcase classname="backend.tests.test_pwa_module0.TestOfflinePage" name="test_offline_page_served" time="0.162" /><testcase classname="backend.tests.test_pwa_module0.TestOfflinePage" name="test_offline_page_content" time="0.108" /><testcase classname="backend.tests.test_pwa_module0.TestIndexHTMLPWATags" name="test_index_served" time="0.125" /><testcase classname="backend.tests.test_pwa_module0.TestIndexHTMLPWATags" name="test_manifest_link" time="0.217" /><testcase classname="backend.tests.test_pwa_module0.TestIndexHTMLPWATags" name="test_apple_web_app_tags" time="0.118" /><testcase classname="backend.tests.test_pwa_module0.TestIndexHTMLPWATags" name="test_sw_registration_script" time="0.125" /><testcase classname="backend.tests.test_pwa_module0.TestIndexHTMLPWATags" name="test_apple_touch_icon_link" time="0.133" /><testcase classname="backend.tests.test_pwa_module0.TestLoginFlow" name="test_login_endpoint" time="0.141" /><testcase classname="backend.tests.test_pwa_module0.TestLoginFlow" name="test_admin_login" time="0.148" /></testsuite></testsuites>