<?xml version="1.0" encoding="utf-8"?><testsuites name="pytest tests"><testsuite name="pytest" errors="0" failures="0" skipped="0" tests="26" time="50.580" timestamp="2026-04-03T12:51:10.720476+00:00" hostname="agent-env-38042ce3-866b-43c2-91a8-5ed9b6212c45"><testcase classname="backend.tests.test_section_b_to_g.TestPayoutsAPI" name="test_payouts_returns_200" time="1.941" /><testcase classname="backend.tests.test_section_b_to_g.TestPayoutsAPI" name="test_payouts_has_required_keys" time="1.438" /><testcase classname="backend.tests.test_section_b_to_g.TestPayoutsAPI" name="test_payouts_amounts_are_numbers" time="1.431" /><testcase classname="backend.tests.test_section_b_to_g.TestDashboardStats" name="test_dashboard_stats_returns_200" time="0.399" /><testcase classname="backend.tests.test_section_b_to_g.TestDashboardStats" name="test_dashboard_stats_has_mtd_goal" time="0.050" /><testcase classname="backend.tests.test_section_b_to_g.TestDashboardStats" name="test_dashboard_stats_mtd_goal_greater_than_zero" time="0.050" /><testcase classname="backend.tests.test_section_b_to_g.TestDashboardStats" name="test_dashboard_stats_has_ytd_giving" time="0.055" /><testcase classname="backend.tests.test_section_b_to_g.TestPlatformStats" name="test_platform_stats_returns_200" time="6.248" /><testcase classname="backend.tests.test_section_b_to_g.TestPlatformStats" name="test_platform_stats_churches_total_gte_4" time="6.270" /><testcase classname="backend.tests.test_section_b_to_g.TestPlatformStats" name="test_platform_stats_has_gmv" time="6.286" /><testcase classname="backend.tests.test_section_b_to_g.TestPlatformStats" name="test_platform_stats_has_mrr_arr" time="6.236" /><testcase classname="backend.tests.test_section_b_to_g.TestPlatformStats" name="test_platform_stats_members_total" time="6.299" /><testcase classname="backend.tests.test_section_b_to_g.TestPortalCampuses" name="test_portal_campuses_returns_200" time="0.441" /><testcase classname="backend.tests.test_section_b_to_g.TestPortalCampuses" name="test_portal_campuses_has_campuses_array" time="0.055" /><testcase classname="backend.tests.test_section_b_to_g.TestPortalCampuses" name="test_portal_campuses_has_is_multi_campus" time="0.051" /><testcase classname="backend.tests.test_section_b_to_g.TestPortalCampuses" name="test_portal_campuses_list_not_empty" time="0.056" /><testcase classname="backend.tests.test_section_b_to_g.TestSeedData" name="test_churches_count_gte_7" time="6.313" /><testcase classname="backend.tests.test_section_b_to_g.TestSeedData" name="test_gmv_greater_than_zero" time="6.399" /><testcase classname="backend.tests.test_section_b_to_g.TestIntegrationsPage" name="test_giving_integrations_api_200" time="0.062" /><testcase classname="backend.tests.test_section_b_to_g.TestIntegrationsPage" name="test_processor_settings_api_200" time="0.051" /><testcase classname="backend.tests.test_section_b_to_g.TestIntegrationsPage" name="test_processor_settings_has_active_processor" time="0.064" /><testcase classname="backend.tests.test_section_b_to_g.TestPortalGivingHistory" name="test_portal_giving_history_returns_200" time="0.057" /><testcase classname="backend.tests.test_section_b_to_g.TestPortalGivingHistory" name="test_portal_giving_history_has_donations_array" time="0.060" /><testcase classname="backend.tests.test_section_b_to_g.TestPortalGivingHistory" name="test_portal_ytd_giving" time="0.055" /><testcase classname="backend.tests.test_section_b_to_g.TestPlatformChurchList" name="test_church_list_accessible" time="0.046" /><testcase classname="backend.tests.test_section_b_to_g.TestPlatformChurchList" name="test_platform_reports_endpoint" time="0.049" /></testsuite></testsuites>