<?xml version="1.0" encoding="utf-8"?><testsuites name="pytest tests"><testsuite name="pytest" errors="0" failures="0" skipped="10" tests="16" time="3.362" timestamp="2026-03-31T16:20:07.896989+00:00" hostname="agent-env-23dce24b-942e-4e0f-acb1-45677c31e7ee"><testcase classname="tests.test_iter63_refactor.TestHealthAndBasics" name="test_health_endpoint" time="0.190" /><testcase classname="tests.test_iter63_refactor.TestAuthentication" name="test_platform_admin_login" time="0.359" /><testcase classname="tests.test_iter63_refactor.TestAuthentication" name="test_church_admin_login" time="0.405" /><testcase classname="tests.test_iter63_refactor.TestAuthentication" name="test_portal_member_login" time="0.337" /><testcase classname="tests.test_iter63_refactor.TestAuthentication" name="test_invalid_credentials" time="0.146" /><testcase classname="tests.test_iter63_refactor.TestAdminEndpoints" name="test_admin_members" time="0.471" /><testcase classname="tests.test_iter63_refactor.TestAdminEndpoints" name="test_admin_groups" time="0.124"><skipped type="pytest.skip" message="Church admin login failed">/app/backend/tests/test_iter63_refactor.py:110: Church admin login failed</skipped></testcase><testcase classname="tests.test_iter63_refactor.TestAdminEndpoints" name="test_admin_events" time="0.148"><skipped type="pytest.skip" message="Church admin login failed">/app/backend/tests/test_iter63_refactor.py:119: Church admin login failed</skipped></testcase><testcase classname="tests.test_iter63_refactor.TestAdminEndpoints" name="test_admin_giving_summary" time="0.126"><skipped type="pytest.skip" message="Church admin login failed">/app/backend/tests/test_iter63_refactor.py:127: Church admin login failed</skipped></testcase><testcase classname="tests.test_iter63_refactor.TestAdminEndpoints" name="test_admin_services_plans" time="0.114"><skipped type="pytest.skip" message="Church admin login failed">/app/backend/tests/test_iter63_refactor.py:136: Church admin login failed</skipped></testcase><testcase classname="tests.test_iter63_refactor.TestPortalEndpoints" name="test_portal_profile" time="0.115"><skipped type="pytest.skip" message="Portal member login failed">/app/backend/tests/test_iter63_refactor.py:148: Portal member login failed</skipped></testcase><testcase classname="tests.test_iter63_refactor.TestPortalEndpoints" name="test_portal_me" time="0.123"><skipped type="pytest.skip" message="Portal member login failed">/app/backend/tests/test_iter63_refactor.py:158: Portal member login failed</skipped></testcase><testcase classname="tests.test_iter63_refactor.TestPortalEndpoints" name="test_portal_groups" time="0.162"><skipped type="pytest.skip" message="Portal member login failed">/app/backend/tests/test_iter63_refactor.py:166: Portal member login failed</skipped></testcase><testcase classname="tests.test_iter63_refactor.TestPortalEndpoints" name="test_portal_events" time="0.108"><skipped type="pytest.skip" message="Portal member login failed">/app/backend/tests/test_iter63_refactor.py:174: Portal member login failed</skipped></testcase><testcase classname="tests.test_iter63_refactor.TestPortalEndpoints" name="test_portal_giving_history" time="0.133"><skipped type="pytest.skip" message="Portal member login failed">/app/backend/tests/test_iter63_refactor.py:182: Portal member login failed</skipped></testcase><testcase classname="tests.test_iter63_refactor.TestCrossTenantIsolation" name="test_tenant_isolation_groups" time="0.224"><skipped type="pytest.skip" message="Cristoviene admin login failed">/app/backend/tests/test_iter63_refactor.py:206: Cristoviene admin login failed</skipped></testcase></testsuite></testsuites>