<?xml version="1.0" encoding="utf-8"?><testsuites name="pytest tests"><testsuite name="pytest" errors="0" failures="0" skipped="0" tests="43" time="404.060" timestamp="2026-03-14T15:34:34.134538+00:00" hostname="agent-env-3bd6da97-5a7d-4646-a91d-b5f61d8310b1"><testcase classname="backend.tests.test_full_qa_sweep_iter34.TestAuthModule" name="test_login_returns_all_token_aliases[platform_admin]" time="9.272" /><testcase classname="backend.tests.test_full_qa_sweep_iter34.TestAuthModule" name="test_login_returns_all_token_aliases[abundant_admin]" time="9.161" /><testcase classname="backend.tests.test_full_qa_sweep_iter34.TestAuthModule" name="test_login_returns_all_token_aliases[cristo_viene_admin]" time="9.202" /><testcase classname="backend.tests.test_full_qa_sweep_iter34.TestAuthModule" name="test_login_returns_all_token_aliases[potters_house_admin]" time="9.213" /><testcase classname="backend.tests.test_full_qa_sweep_iter34.TestAuthModule" name="test_login_returns_all_token_aliases[abundant_member]" time="9.232" /><testcase classname="backend.tests.test_full_qa_sweep_iter34.TestAuthModule" name="test_login_returns_all_token_aliases[cristo_viene_member]" time="9.241" /><testcase classname="backend.tests.test_full_qa_sweep_iter34.TestAuthModule" name="test_auth_me_with_bearer_token" time="9.261" /><testcase classname="backend.tests.test_full_qa_sweep_iter34.TestAuthModule" name="test_auth_logout_clears_session" time="9.277" /><testcase classname="backend.tests.test_full_qa_sweep_iter34.TestPortalBootstrap" name="test_portal_bootstrap_returns_required_fields" time="9.264" /><testcase classname="backend.tests.test_full_qa_sweep_iter34.TestPortalEvents" name="test_portal_events_returns_list" time="9.281" /><testcase classname="backend.tests.test_full_qa_sweep_iter34.TestPortalGroups" name="test_portal_groups_returns_list" time="9.374" /><testcase classname="backend.tests.test_full_qa_sweep_iter34.TestPortalKids" name="test_portal_kids_children_returns_list" time="9.229" /><testcase classname="backend.tests.test_full_qa_sweep_iter34.TestPortalPrayer" name="test_portal_prayer_wall_returns_list" time="9.193" /><testcase classname="backend.tests.test_full_qa_sweep_iter34.TestPortalPrayer" name="test_portal_prayer_requests_create" time="9.227" /><testcase classname="backend.tests.test_full_qa_sweep_iter34.TestPortalGiving" name="test_portal_giving_nudge_returns_data" time="9.242" /><testcase classname="backend.tests.test_full_qa_sweep_iter34.TestPortalVolunteer" name="test_portal_volunteer_opportunities_returns_list" time="9.238" /><testcase classname="backend.tests.test_full_qa_sweep_iter34.TestPortalVolunteer" name="test_portal_volunteer_leaderboard_returns_ranked_list" time="9.229" /><testcase classname="backend.tests.test_full_qa_sweep_iter34.TestPortalVolunteer" name="test_portal_volunteer_my_stats_returns_data" time="9.260" /><testcase classname="backend.tests.test_full_qa_sweep_iter34.TestPortalVolunteer" name="test_portal_volunteer_hours_summary_returns_breakdown" time="9.244" /><testcase classname="backend.tests.test_full_qa_sweep_iter34.TestPortalVolunteer" name="test_portal_volunteer_log_hours_self_logs" time="9.257" /><testcase classname="backend.tests.test_full_qa_sweep_iter34.TestPortalAnnouncements" name="test_portal_announcements_returns_active" time="9.258" /><testcase classname="backend.tests.test_full_qa_sweep_iter34.TestPortalPaymentMethods" name="test_portal_payment_methods_returns_list" time="9.251" /><testcase classname="backend.tests.test_full_qa_sweep_iter34.TestPortalNextSteps" name="test_portal_next_steps_returns_journey" time="9.225" /><testcase classname="backend.tests.test_full_qa_sweep_iter34.TestPortalCourses" name="test_portal_courses_returns_enrolled" time="9.250" /><testcase classname="backend.tests.test_full_qa_sweep_iter34.TestPortalAttendance" name="test_portal_attendance_streak_returns_data" time="9.281" /><testcase classname="backend.tests.test_full_qa_sweep_iter34.TestPortalAttendance" name="test_portal_geofence_checkin_validates_location" time="9.326" /><testcase classname="backend.tests.test_full_qa_sweep_iter34.TestAdminDashboard" name="test_admin_dashboard_returns_metrics" time="9.669" /><testcase classname="backend.tests.test_full_qa_sweep_iter34.TestAdminKids" name="test_admin_kids_checkins_returns_today" time="9.268" /><testcase classname="backend.tests.test_full_qa_sweep_iter34.TestAdminAnnouncements" name="test_admin_announcements_crud" time="9.473" /><testcase classname="backend.tests.test_full_qa_sweep_iter34.TestAdminVolunteer" name="test_admin_volunteer_opportunities_crud" time="9.391" /><testcase classname="backend.tests.test_full_qa_sweep_iter34.TestAdminVolunteer" name="test_admin_volunteer_signups_returns_list" time="9.218" /><testcase classname="backend.tests.test_full_qa_sweep_iter34.TestAdminVolunteer" name="test_admin_volunteer_log_hours" time="9.527" /><testcase classname="backend.tests.test_full_qa_sweep_iter34.TestAdminGeofence" name="test_admin_geofence_config_get" time="9.678" /><testcase classname="backend.tests.test_full_qa_sweep_iter34.TestAdminGeofence" name="test_admin_geofence_config_put" time="10.727" /><testcase classname="backend.tests.test_full_qa_sweep_iter34.TestAdminMedia" name="test_admin_media_uploads_list" time="10.917" /><testcase classname="backend.tests.test_full_qa_sweep_iter34.TestAdminGiving" name="test_admin_giving_summary_returns_data" time="10.941" /><testcase classname="backend.tests.test_full_qa_sweep_iter34.TestHealthCheck" name="test_health_launch_check_returns_ready" time="10.579" /><testcase classname="backend.tests.test_full_qa_sweep_iter34.TestCORS" name="test_cors_preflight_returns_correct_headers" time="0.022" /><testcase classname="backend.tests.test_full_qa_sweep_iter34.TestRoleSecurity" name="test_member_cannot_access_admin_endpoints" time="10.844" /><testcase classname="backend.tests.test_full_qa_sweep_iter34.TestRoleSecurity" name="test_admin_can_access_portal_endpoints" time="10.905" /><testcase classname="backend.tests.test_full_qa_sweep_iter34.TestCrossAccount" name="test_cristo_viene_admin_login_and_portal" time="10.743" /><testcase classname="backend.tests.test_full_qa_sweep_iter34.TestCrossAccount" name="test_potters_house_admin_login" time="10.600" /><testcase classname="backend.tests.test_full_qa_sweep_iter34.TestCrossAccount" name="test_platform_admin_can_access_admin_and_portal" time="10.992" /></testsuite></testsuites>