<?xml version="1.0" encoding="utf-8"?><testsuites name="pytest tests"><testsuite name="pytest" errors="0" failures="0" skipped="0" tests="20" time="4.208" timestamp="2026-03-27T23:18:57.444597+00:00" hostname="agent-env-e026b3a9-11e8-434b-8047-f57b4b756f06"><testcase classname="backend.tests.test_iter56_phase3_services.TestSongLibrary" name="test_get_songs_list" time="0.394" /><testcase classname="backend.tests.test_iter56_phase3_services.TestSongLibrary" name="test_get_songs_with_search" time="0.118" /><testcase classname="backend.tests.test_iter56_phase3_services.TestSongLibrary" name="test_create_song" time="0.118" /><testcase classname="backend.tests.test_iter56_phase3_services.TestSongLibrary" name="test_update_song" time="0.300" /><testcase classname="backend.tests.test_iter56_phase3_services.TestSongLibrary" name="test_delete_song" time="0.363" /><testcase classname="backend.tests.test_iter56_phase3_services.TestServicePlans" name="test_get_service_plans" time="0.120" /><testcase classname="backend.tests.test_iter56_phase3_services.TestServicePlans" name="test_create_service_plan" time="0.131" /><testcase classname="backend.tests.test_iter56_phase3_services.TestServicePlans" name="test_update_service_plan" time="0.278" /><testcase classname="backend.tests.test_iter56_phase3_services.TestServicePlans" name="test_add_items_to_plan" time="0.417" /><testcase classname="backend.tests.test_iter56_phase3_services.TestPlanDuplication" name="test_duplicate_plan" time="0.259" /><testcase classname="backend.tests.test_iter56_phase3_services.TestPlanDuplication" name="test_duplicate_existing_plan_with_items" time="0.122" /><testcase classname="backend.tests.test_iter56_phase3_services.TestPlanTemplates" name="test_get_templates" time="0.158" /><testcase classname="backend.tests.test_iter56_phase3_services.TestPlanTemplates" name="test_create_template" time="0.139" /><testcase classname="backend.tests.test_iter56_phase3_services.TestPlanTemplates" name="test_create_plan_from_template" time="0.242" /><testcase classname="backend.tests.test_iter56_phase3_services.TestMusicStand" name="test_music_stand_public_access" time="0.341" /><testcase classname="backend.tests.test_iter56_phase3_services.TestMusicStand" name="test_music_stand_specific_plan" time="0.123" /><testcase classname="backend.tests.test_iter56_phase3_services.TestMusicStand" name="test_music_stand_invalid_plan" time="0.129" /><testcase classname="backend.tests.test_iter56_phase3_services.TestServiceTypes" name="test_get_service_types" time="0.121" /><testcase classname="backend.tests.test_iter56_phase3_services.TestSeededData" name="test_songs_seeded" time="0.114" /><testcase classname="backend.tests.test_iter56_phase3_services.TestSeededData" name="test_plans_seeded" time="0.129" /></testsuite></testsuites>