<?xml version="1.0" encoding="utf-8"?><testsuites name="pytest tests"><testsuite name="pytest" errors="0" failures="0" skipped="0" tests="14" time="3.044" timestamp="2026-03-20T20:14:08.014576+00:00" hostname="agent-env-5b0c37df-a0ed-449d-ad60-3137b56de202"><testcase classname="backend.tests.test_iter45_audit_pdf_perms.TestAuth" name="test_aivy_login_returns_church_admin_role" time="0.187" /><testcase classname="backend.tests.test_iter45_audit_pdf_perms.TestRegression" name="test_health_endpoint" time="0.121" /><testcase classname="backend.tests.test_iter45_audit_pdf_perms.TestRegression" name="test_war_room_endpoint" time="0.238" /><testcase classname="backend.tests.test_iter45_audit_pdf_perms.TestRegression" name="test_giving_process" time="0.125" /><testcase classname="backend.tests.test_iter45_audit_pdf_perms.TestAuditLog" name="test_audit_log_returns_entries_and_total" time="0.220" /><testcase classname="backend.tests.test_iter45_audit_pdf_perms.TestAuditLog" name="test_audit_log_filter_by_action" time="0.124" /><testcase classname="backend.tests.test_iter45_audit_pdf_perms.TestReportsAPI" name="test_kids_history_report" time="0.243" /><testcase classname="backend.tests.test_iter45_audit_pdf_perms.TestReportsAPI" name="test_giving_summary_report" time="0.918" /><testcase classname="backend.tests.test_iter45_audit_pdf_perms.TestReportsAPI" name="test_attendance_summary_report" time="0.115" /><testcase classname="backend.tests.test_iter45_audit_pdf_perms.TestReportsAPI" name="test_executive_summary_report" time="0.108" /><testcase classname="backend.tests.test_iter45_audit_pdf_perms.TestReportsAPI" name="test_export_pdf" time="0.127" /><testcase classname="backend.tests.test_iter45_audit_pdf_perms.TestReportsAPI" name="test_export_csv" time="0.116" /><testcase classname="backend.tests.test_iter45_audit_pdf_perms.TestPermissions" name="test_roles_templates" time="0.217" /><testcase classname="backend.tests.test_iter45_audit_pdf_perms.TestPermissions" name="test_user_permissions" time="0.126" /></testsuite></testsuites>