<?xml version="1.0" encoding="utf-8"?><testsuites name="pytest tests"><testsuite name="pytest" errors="0" failures="0" skipped="0" tests="27" time="5.677" timestamp="2026-03-16T17:29:13.845476+00:00" hostname="agent-env-4e51edc0-2afe-46a1-af93-5c67b309c79a"><testcase classname="backend.tests.test_post_mvp_features_iter39.TestLoginAllAccounts" name="test_platform_admin_login" time="0.269" /><testcase classname="backend.tests.test_post_mvp_features_iter39.TestLoginAllAccounts" name="test_abundant_admin_login" time="0.069" /><testcase classname="backend.tests.test_post_mvp_features_iter39.TestLoginAllAccounts" name="test_abundant_member_login" time="0.097" /><testcase classname="backend.tests.test_post_mvp_features_iter39.TestLoginAllAccounts" name="test_downtown_admin_login" time="0.078" /><testcase classname="backend.tests.test_post_mvp_features_iter39.TestLoginAllAccounts" name="test_cristo_admin_login" time="0.103" /><testcase classname="backend.tests.test_post_mvp_features_iter39.TestNotificationBell" name="test_get_notifications" time="0.196" /><testcase classname="backend.tests.test_post_mvp_features_iter39.TestNotificationBell" name="test_mark_notification_read" time="0.397" /><testcase classname="backend.tests.test_post_mvp_features_iter39.TestNotificationBell" name="test_mark_all_notifications_read" time="0.153" /><testcase classname="backend.tests.test_post_mvp_features_iter39.TestAdminNotifications" name="test_admin_send_notification" time="0.200" /><testcase classname="backend.tests.test_post_mvp_features_iter39.TestPaymentMethods" name="test_get_payment_methods" time="0.168" /><testcase classname="backend.tests.test_post_mvp_features_iter39.TestGivingDonate" name="test_process_donation" time="0.232" /><testcase classname="backend.tests.test_post_mvp_features_iter39.TestGivingDonate" name="test_donation_appears_in_history" time="0.324" /><testcase classname="backend.tests.test_post_mvp_features_iter39.TestServiceCheckin" name="test_service_checkin_returns_nudge_data" time="0.174" /><testcase classname="backend.tests.test_post_mvp_features_iter39.TestCheckoutWithGiving" name="test_cafe_checkout_with_giving" time="0.152" /><testcase classname="backend.tests.test_post_mvp_features_iter39.TestCheckoutWithGiving" name="test_merch_checkout_with_giving" time="0.220" /><testcase classname="backend.tests.test_post_mvp_features_iter39.TestPlatformAdminDashboard" name="test_dashboard_stats_load" time="0.510" /><testcase classname="backend.tests.test_post_mvp_features_iter39.TestPlatformAdminDashboard" name="test_health_scores_for_all_churches" time="0.138" /><testcase classname="backend.tests.test_post_mvp_features_iter39.TestPlatformAdminDashboard" name="test_organizations_tab_shows_campuses" time="0.381" /><testcase classname="backend.tests.test_post_mvp_features_iter39.TestAdminDashboard" name="test_dashboard_stats_abundant_east" time="0.126" /><testcase classname="backend.tests.test_post_mvp_features_iter39.TestMemberPortalHome" name="test_portal_home_loads" time="0.164" /><testcase classname="backend.tests.test_post_mvp_features_iter39.TestMemberPortalHome" name="test_attendance_streak" time="0.179" /><testcase classname="backend.tests.test_post_mvp_features_iter39.TestMemberPortalHome" name="test_upcoming_events" time="0.189" /><testcase classname="backend.tests.test_post_mvp_features_iter39.TestCafeGivingNudge" name="test_cafe_items_available" time="0.199" /><testcase classname="backend.tests.test_post_mvp_features_iter39.TestMerchGivingNudge" name="test_merch_products_available" time="0.136" /><testcase classname="backend.tests.test_post_mvp_features_iter39.TestPollingEndpoints" name="test_portal_notifications_polling" time="0.252" /><testcase classname="backend.tests.test_post_mvp_features_iter39.TestPollingEndpoints" name="test_service_mode_polling" time="0.235" /><testcase classname="backend.tests.test_post_mvp_features_iter39.TestPollingEndpoints" name="test_admin_kids_checkins_polling" time="0.231" /></testsuite></testsuites>