<?xml version="1.0" encoding="utf-8"?><testsuites name="pytest tests"><testsuite name="pytest" errors="0" failures="0" skipped="0" tests="14" time="3.044" timestamp="2026-03-27T23:28:41.965341+00:00" hostname="agent-env-e026b3a9-11e8-434b-8047-f57b4b756f06"><testcase classname="backend.tests.test_iter57_team_blockouts.TestTeamAssignments" name="test_get_service_plans" time="0.358" /><testcase classname="backend.tests.test_iter57_team_blockouts.TestTeamAssignments" name="test_get_specific_plan" time="0.118" /><testcase classname="backend.tests.test_iter57_team_blockouts.TestTeamAssignments" name="test_add_team_assignment" time="0.239" /><testcase classname="backend.tests.test_iter57_team_blockouts.TestTeamAssignments" name="test_team_assignment_persists" time="0.114" /><testcase classname="backend.tests.test_iter57_team_blockouts.TestTeamAssignments" name="test_remove_team_assignment" time="0.231" /><testcase classname="backend.tests.test_iter57_team_blockouts.TestBlockoutDates" name="test_get_blockout_dates" time="0.262" /><testcase classname="backend.tests.test_iter57_team_blockouts.TestBlockoutDates" name="test_create_blockout_date" time="0.173" /><testcase classname="backend.tests.test_iter57_team_blockouts.TestBlockoutDates" name="test_blockout_date_persists" time="0.100" /><testcase classname="backend.tests.test_iter57_team_blockouts.TestBlockoutDates" name="test_delete_blockout_date" time="0.331" /><testcase classname="backend.tests.test_iter57_team_blockouts.TestExistingFeatures" name="test_song_library_endpoint" time="0.243" /><testcase classname="backend.tests.test_iter57_team_blockouts.TestExistingFeatures" name="test_templates_endpoint" time="0.128" /><testcase classname="backend.tests.test_iter57_team_blockouts.TestExistingFeatures" name="test_music_stand_public_access" time="0.335" /><testcase classname="backend.tests.test_iter57_team_blockouts.TestCleanup" name="test_cleanup_test_blockouts" time="0.233" /><testcase classname="backend.tests.test_iter57_team_blockouts.TestCleanup" name="test_cleanup_test_assignments" time="0.111" /></testsuite></testsuites>