<?xml version="1.0" encoding="utf-8"?><testsuites name="pytest tests"><testsuite name="pytest" errors="0" failures="0" skipped="0" tests="13" time="24.227" timestamp="2026-04-20T09:05:33.081628+00:00" hostname="agent-env-fb967235-4fa3-421b-afe6-43fdbaa83351"><testcase classname="backend.tests.test_security_regression_iter95.TestSecurityRegression" name="test_platform_admin_login" time="0.468" /><testcase classname="backend.tests.test_security_regression_iter95.TestSecurityRegression" name="test_church_admin_login" time="0.325" /><testcase classname="backend.tests.test_security_regression_iter95.TestSecurityRegression" name="test_member_login" time="0.394" /><testcase classname="backend.tests.test_security_regression_iter95.TestSecurityRegression" name="test_platform_stats_transactions" time="0.445" /><testcase classname="backend.tests.test_security_regression_iter95.TestSecurityRegression" name="test_platform_stats_donors" time="0.373" /><testcase classname="backend.tests.test_security_regression_iter95.TestSecurityRegression" name="test_platform_giving_totals" time="0.379" /><testcase classname="backend.tests.test_security_regression_iter95.TestSecurityRegression" name="test_solomon_chat_stream_endpoint" time="13.950" /><testcase classname="backend.tests.test_security_regression_iter95.TestSecurityRegression" name="test_solomon_chat_endpoint" time="7.022" /><testcase classname="backend.tests.test_security_regression_iter95.TestSecurityRegression" name="test_stripe_config_endpoint" time="0.130" /><testcase classname="backend.tests.test_security_regression_iter95.TestSecurityRegression" name="test_test_login_html_deleted" time="0.106" /><testcase classname="backend.tests.test_security_regression_iter95.TestSecurityRegression" name="test_health_endpoint" time="0.094" /><testcase classname="backend.tests.test_security_regression_iter95.TestSecurityRegression" name="test_fund_reconciliation" time="0.371" /><testcase classname="backend.tests.test_security_regression_iter95.TestCSPMetaTag" name="test_csp_meta_tag_in_response" time="0.099" /></testsuite></testsuites>