<?xml version="1.0" encoding="utf-8"?><testsuites name="pytest tests"><testsuite name="pytest" errors="0" failures="0" skipped="0" tests="24" time="58.000" timestamp="2026-03-31T18:18:19.285751+00:00" hostname="agent-env-68438ad7-8180-4d7c-9120-2930a99b8e27"><testcase classname="tests.test_iter64_parity_audit.TestHealthEndpoints" name="test_health_check" time="0.188" /><testcase classname="tests.test_iter64_parity_audit.TestHealthEndpoints" name="test_health_detailed" time="0.116" /><testcase classname="tests.test_iter64_parity_audit.TestAuthenticationFlows" name="test_platform_admin_login" time="0.341" /><testcase classname="tests.test_iter64_parity_audit.TestAuthenticationFlows" name="test_church_admin_login" time="0.370" /><testcase classname="tests.test_iter64_parity_audit.TestAuthenticationFlows" name="test_portal_member_login" time="0.343" /><testcase classname="tests.test_iter64_parity_audit.TestAdminEndpoints" name="test_admin_members" time="0.073" /><testcase classname="tests.test_iter64_parity_audit.TestAdminEndpoints" name="test_admin_giving_summary" time="0.066" /><testcase classname="tests.test_iter64_parity_audit.TestAdminEndpoints" name="test_admin_giving_export" time="17.870" /><testcase classname="tests.test_iter64_parity_audit.TestAdminEndpoints" name="test_admin_giving_settings" time="0.059" /><testcase classname="tests.test_iter64_parity_audit.TestAdminEndpoints" name="test_admin_checkin_stations" time="0.057" /><testcase classname="tests.test_iter64_parity_audit.TestAdminEndpoints" name="test_admin_groups" time="0.073" /><testcase classname="tests.test_iter64_parity_audit.TestAdminEndpoints" name="test_admin_events" time="0.070" /><testcase classname="tests.test_iter64_parity_audit.TestAdminEndpoints" name="test_admin_prayer_dashboard" time="0.059" /><testcase classname="tests.test_iter64_parity_audit.TestSolomonPayEndpoints" name="test_solomonpay_transactions" time="0.057" /><testcase classname="tests.test_iter64_parity_audit.TestPaymentMethodsEndpoints" name="test_payments_methods" time="0.054" /><testcase classname="tests.test_iter64_parity_audit.TestPortalEndpoints" name="test_portal_profile" time="0.072" /><testcase classname="tests.test_iter64_parity_audit.TestPortalEndpoints" name="test_portal_media_featured" time="0.049" /><testcase classname="tests.test_iter64_parity_audit.TestPortalEndpoints" name="test_portal_volunteer_schedule" time="0.052" /><testcase classname="tests.test_iter64_parity_audit.TestTenantEndpoints" name="test_tenant_info" time="0.127" /><testcase classname="tests.test_iter64_parity_audit.TestPlatformAdminEndpoints" name="test_admin_leads" time="0.060" /><testcase classname="tests.test_iter64_parity_audit.TestSolomonChatEndpoint" name="test_solomon_chat" time="37.373" /><testcase classname="tests.test_iter64_parity_audit.TestRBACPermissions" name="test_giving_settings_requires_auth" time="0.197" /><testcase classname="tests.test_iter64_parity_audit.TestRBACPermissions" name="test_giving_export_requires_auth" time="0.130" /><testcase classname="tests.test_iter64_parity_audit.TestRBACPermissions" name="test_leads_requires_platform_admin" time="0.055" /></testsuite></testsuites>