<?xml version="1.0" encoding="utf-8"?><testsuites name="pytest tests"><testsuite name="pytest" errors="0" failures="2" skipped="0" tests="22" time="7.313" timestamp="2026-02-23T19:40:23.057202+00:00" hostname="agent-env-559ec5da-ce68-46f7-b77e-0edceaa8c0a9"><testcase classname="tests.test_user_journey_iter9.TestUserRegistration" name="test_01_check_email_availability" time="0.230" /><testcase classname="tests.test_user_journey_iter9.TestUserRegistration" name="test_02_register_new_user" time="0.171" /><testcase classname="tests.test_user_journey_iter9.TestUserRegistration" name="test_03_registration_duplicate_email" time="0.155" /><testcase classname="tests.test_user_journey_iter9.TestUserRegistration" name="test_04_registration_weak_password" time="0.133" /><testcase classname="tests.test_user_journey_iter9.TestUserRegistration" name="test_05_registration_password_mismatch" time="0.169" /><testcase classname="tests.test_user_journey_iter9.TestUserLogin" name="test_01_login_demo_member" time="0.166" /><testcase classname="tests.test_user_journey_iter9.TestUserLogin" name="test_02_login_demo_admin" time="0.139" /><testcase classname="tests.test_user_journey_iter9.TestUserLogin" name="test_03_login_invalid_credentials" time="0.193" /><testcase classname="tests.test_user_journey_iter9.TestUserLogin" name="test_04_get_current_user" time="0.068" /><testcase classname="tests.test_user_journey_iter9.TestMemberPortal" name="test_01_portal_me" time="3.037" /><testcase classname="tests.test_user_journey_iter9.TestMemberPortal" name="test_02_portal_events" time="0.196" /><testcase classname="tests.test_user_journey_iter9.TestMemberPortal" name="test_03_portal_groups" time="0.218" /><testcase classname="tests.test_user_journey_iter9.TestMemberPortal" name="test_04_giving_history" time="0.172" /><testcase classname="tests.test_user_journey_iter9.TestDonationFlow" name="test_01_get_payment_config" time="0.155" /><testcase classname="tests.test_user_journey_iter9.TestDonationFlow" name="test_02_get_funds" time="0.144" /><testcase classname="tests.test_user_journey_iter9.TestDonationFlow" name="test_03_create_donation_checkout_session" time="0.492" /><testcase classname="tests.test_user_journey_iter9.TestDonationFlow" name="test_04_donation_validation_min_amount" time="0.069"><failure message="assert 520 == 400&#10; +  where 520 = &lt;Response [520]&gt;.status_code">tests/test_user_journey_iter9.py:262: in test_04_donation_validation_min_amount
    assert response.status_code == 400
E   assert 520 == 400
E    +  where 520 = &lt;Response [520]&gt;.status_code</failure></testcase><testcase classname="tests.test_user_journey_iter9.TestDonationFlow" name="test_05_donation_validation_max_amount" time="0.072"><failure message="assert 520 == 400&#10; +  where 520 = &lt;Response [520]&gt;.status_code">tests/test_user_journey_iter9.py:278: in test_05_donation_validation_max_amount
    assert response.status_code == 400
E   assert 520 == 400
E    +  where 520 = &lt;Response [520]&gt;.status_code</failure></testcase><testcase classname="tests.test_user_journey_iter9.TestDonationFlow" name="test_06_donation_package_preset" time="0.327" /><testcase classname="tests.test_user_journey_iter9.TestDashboardAPIs" name="test_01_dashboard_stats" time="0.171" /><testcase classname="tests.test_user_journey_iter9.TestDashboardAPIs" name="test_02_giving_trend" time="0.595" /><testcase classname="tests.test_user_journey_iter9.TestDashboardAPIs" name="test_03_attendance_trend" time="0.142" /></testsuite></testsuites>