<?xml version="1.0" encoding="utf-8"?><testsuites name="pytest tests"><testsuite name="pytest" errors="0" failures="4" skipped="0" tests="18" time="32.785" timestamp="2026-04-17T22:28:33.136517+00:00" hostname="agent-env-fb967235-4fa3-421b-afe6-43fdbaa83351"><testcase classname="backend.tests.test_p1_fixes_iter90.TestForgotPassword" name="test_forgot_password_endpoint_exists" time="0.231" /><testcase classname="backend.tests.test_p1_fixes_iter90.TestForgotPassword" name="test_forgot_password_with_valid_email" time="0.276" /><testcase classname="backend.tests.test_p1_fixes_iter90.TestForgotPassword" name="test_forgot_password_empty_email" time="0.051" /><testcase classname="backend.tests.test_p1_fixes_iter90.TestSolomonStreaming" name="test_streaming_endpoint_exists" time="3.643" /><testcase classname="backend.tests.test_p1_fixes_iter90.TestSolomonStreaming" name="test_streaming_empty_message_rejected" time="0.136" /><testcase classname="backend.tests.test_p1_fixes_iter90.TestSolomonTTS" name="test_tts_endpoint_exists" time="0.048" /><testcase classname="backend.tests.test_p1_fixes_iter90.TestSolomonTTS" name="test_tts_empty_text_rejected" time="0.045" /><testcase classname="backend.tests.test_p1_fixes_iter90.TestFundReconciliation" name="test_fund_reconciliation_endpoint" time="6.627" /><testcase classname="backend.tests.test_p1_fixes_iter90.TestFundReconciliation" name="test_fund_reconciliation_requires_auth" time="6.247"><failure message="assert 200 == 401&#10; +  where 200 = &lt;Response [200]&gt;.status_code">backend/tests/test_p1_fixes_iter90.py:193: in test_fund_reconciliation_requires_auth
    assert response.status_code == 401
E   assert 200 == 401
E    +  where 200 = &lt;Response [200]&gt;.status_code</failure></testcase><testcase classname="backend.tests.test_p1_fixes_iter90.TestFundReconciliation" name="test_fund_reconciliation_requires_platform_admin" time="6.267"><failure message="assert 200 == 403&#10; +  where 200 = &lt;Response [200]&gt;.status_code">backend/tests/test_p1_fixes_iter90.py:202: in test_fund_reconciliation_requires_platform_admin
    assert response.status_code == 403
E   assert 200 == 403
E    +  where 200 = &lt;Response [200]&gt;.status_code</failure></testcase><testcase classname="backend.tests.test_p1_fixes_iter90.TestPayoutDrillDown" name="test_get_payouts_list" time="4.035" /><testcase classname="backend.tests.test_p1_fixes_iter90.TestPayoutDrillDown" name="test_payout_transactions_endpoint" time="4.015" /><testcase classname="backend.tests.test_p1_fixes_iter90.TestMondayMorningEmail" name="test_send_summary_email_endpoint" time="0.313" /><testcase classname="backend.tests.test_p1_fixes_iter90.TestMondayMorningEmail" name="test_send_summary_email_requires_auth" time="0.222"><failure message="assert 200 == 401&#10; +  where 200 = &lt;Response [200]&gt;.status_code">backend/tests/test_p1_fixes_iter90.py:283: in test_send_summary_email_requires_auth
    assert response.status_code == 401
E   assert 200 == 401
E    +  where 200 = &lt;Response [200]&gt;.status_code</failure></testcase><testcase classname="backend.tests.test_p1_fixes_iter90.TestMondayMorningEmail" name="test_send_summary_email_requires_platform_admin" time="0.235"><failure message="assert 200 == 403&#10; +  where 200 = &lt;Response [200]&gt;.status_code">backend/tests/test_p1_fixes_iter90.py:293: in test_send_summary_email_requires_platform_admin
    assert response.status_code == 403
E   assert 200 == 403
E    +  where 200 = &lt;Response [200]&gt;.status_code</failure></testcase><testcase classname="backend.tests.test_p1_fixes_iter90.TestDeliverableGeneration" name="test_generate_deliverable_pdf" time="0.190" /><testcase classname="backend.tests.test_p1_fixes_iter90.TestDeliverableGeneration" name="test_generate_deliverable_pptx_scaffold" time="0.047" /><testcase classname="backend.tests.test_p1_fixes_iter90.TestPublicPages" name="test_health_endpoint" time="0.043" /></testsuite></testsuites>