<?xml version="1.0" encoding="utf-8"?><testsuites name="pytest tests"><testsuite name="pytest" errors="0" failures="0" skipped="0" tests="19" time="6.820" timestamp="2026-03-16T16:15:58.151179+00:00" hostname="agent-env-4e51edc0-2afe-46a1-af93-5c67b309c79a"><testcase classname="backend.tests.test_phase3_qa_iter37.TestLoginFlows" name="test_login_platform_admin" time="0.337" /><testcase classname="backend.tests.test_phase3_qa_iter37.TestLoginFlows" name="test_login_abundant_east_admin" time="0.147" /><testcase classname="backend.tests.test_phase3_qa_iter37.TestLoginFlows" name="test_login_abundant_east_member" time="0.138" /><testcase classname="backend.tests.test_phase3_qa_iter37.TestLoginFlows" name="test_login_abundant_downtown_admin" time="0.130" /><testcase classname="backend.tests.test_phase3_qa_iter37.TestLoginFlows" name="test_login_abundant_west_admin" time="0.160" /><testcase classname="backend.tests.test_phase3_qa_iter37.TestLoginFlows" name="test_login_cristo_viene_admin" time="0.125" /><testcase classname="backend.tests.test_phase3_qa_iter37.TestDashboardStats" name="test_dashboard_stats_endpoint" time="0.288" /><testcase classname="backend.tests.test_phase3_qa_iter37.TestDashboardStats" name="test_giving_trend_endpoint" time="0.242" /><testcase classname="backend.tests.test_phase3_qa_iter37.TestDashboardStats" name="test_attendance_trend_endpoint" time="0.314" /><testcase classname="backend.tests.test_phase3_qa_iter37.TestDashboardStats" name="test_activity_feed_endpoint" time="0.298" /><testcase classname="backend.tests.test_phase3_qa_iter37.TestBugAFix" name="test_admin_kids_checkins_today" time="0.272" /><testcase classname="backend.tests.test_phase3_qa_iter37.TestBugBFix" name="test_geofence_config_returns_valid_coords" time="0.253" /><testcase classname="backend.tests.test_phase3_qa_iter37.TestBugCFix" name="test_member_my_groups" time="0.269" /><testcase classname="backend.tests.test_phase3_qa_iter37.TestPlatformAdmin" name="test_platform_sees_all_tenants" time="0.302" /><testcase classname="backend.tests.test_phase3_qa_iter37.TestPlatformAdmin" name="test_platform_stats" time="0.628" /><testcase classname="backend.tests.test_phase3_qa_iter37.TestTenantIsolation" name="test_cristo_viene_sees_own_data" time="0.262" /><testcase classname="backend.tests.test_phase3_qa_iter37.TestMemberPortal" name="test_member_profile_endpoint" time="0.319" /><testcase classname="backend.tests.test_phase3_qa_iter37.TestMemberPortal" name="test_member_events_endpoint" time="0.379" /><testcase classname="backend.tests.test_phase3_qa_iter37.TestMemberPortal" name="test_member_groups_available" time="1.860" /></testsuite></testsuites>