<?xml version="1.0" encoding="utf-8"?><testsuites name="pytest tests"><testsuite name="pytest" errors="0" failures="0" skipped="0" tests="15" time="25.991" timestamp="2026-04-02T14:29:00.366684+00:00" hostname="agent-env-89371149-cae7-4bc7-88af-a165bb874661"><testcase classname="backend.tests.test_solomon_agentic_phase6.TestSolomonAgenticPhase6" name="test_chat_non_action_query_no_pending_action" time="7.076" /><testcase classname="backend.tests.test_solomon_agentic_phase6.TestSolomonAgenticPhase6" name="test_chat_action_query_returns_pending_action" time="5.735" /><testcase classname="backend.tests.test_solomon_agentic_phase6.TestSolomonAgenticPhase6" name="test_execute_action_requires_auth" time="0.152" /><testcase classname="backend.tests.test_solomon_agentic_phase6.TestSolomonAgenticPhase6" name="test_execute_cafe_order_action" time="0.149" /><testcase classname="backend.tests.test_solomon_agentic_phase6.TestSolomonAgenticPhase6" name="test_execute_donation_action" time="0.130" /><testcase classname="backend.tests.test_solomon_agentic_phase6.TestSolomonAgenticPhase6" name="test_execute_donation_invalid_amount" time="0.115" /><testcase classname="backend.tests.test_solomon_agentic_phase6.TestSolomonAgenticPhase6" name="test_execute_recurring_giving_action" time="0.102" /><testcase classname="backend.tests.test_solomon_agentic_phase6.TestSolomonAgenticPhase6" name="test_execute_event_registration_action" time="0.116" /><testcase classname="backend.tests.test_solomon_agentic_phase6.TestSolomonAgenticPhase6" name="test_execute_event_registration_not_found" time="0.176" /><testcase classname="backend.tests.test_solomon_agentic_phase6.TestSolomonAgenticPhase6" name="test_execute_group_join_action" time="0.165" /><testcase classname="backend.tests.test_solomon_agentic_phase6.TestSolomonAgenticPhase6" name="test_execute_group_join_not_found" time="0.125" /><testcase classname="backend.tests.test_solomon_agentic_phase6.TestSolomonAgenticPhase6" name="test_execute_merch_order_action" time="0.121" /><testcase classname="backend.tests.test_solomon_agentic_phase6.TestSolomonAgenticPhase6" name="test_execute_unknown_action_type" time="0.147" /><testcase classname="backend.tests.test_solomon_agentic_phase6.TestSolomonAgenticPhase6" name="test_solomon_history_endpoint" time="5.273" /><testcase classname="backend.tests.test_solomon_agentic_phase6.TestSolomonAgenticPhase6" name="test_solomon_session_clear" time="6.323" /></testsuite></testsuites>