<?xml version="1.0" encoding="utf-8"?><testsuites name="pytest tests"><testsuite name="pytest" errors="0" failures="0" skipped="0" tests="11" time="1.998" timestamp="2026-02-27T06:49:04.344946+00:00" hostname="agent-env-5489fb1b-2504-4294-b67c-aa343adbc978"><testcase classname="backend.tests.test_whisper_claude_iter12.TestAuth" name="test_admin_login" time="0.173" /><testcase classname="backend.tests.test_whisper_claude_iter12.TestMeetingRecordingEndpoint" name="test_recording_endpoint_exists" time="0.137" /><testcase classname="backend.tests.test_whisper_claude_iter12.TestMeetingRecordingEndpoint" name="test_recording_endpoint_requires_meeting_id" time="0.168" /><testcase classname="backend.tests.test_whisper_claude_iter12.TestMeetingRecordingEndpoint" name="test_recording_endpoint_accepts_file_parameter" time="0.212" /><testcase classname="backend.tests.test_whisper_claude_iter12.TestMeetingsAdminAPI" name="test_admin_get_meetings" time="0.162" /><testcase classname="backend.tests.test_whisper_claude_iter12.TestMeetingsAdminAPI" name="test_meeting_structure_includes_ai_fields" time="0.165" /><testcase classname="backend.tests.test_whisper_claude_iter12.TestMeetingsAdminAPI" name="test_admin_update_meeting_notes" time="0.207" /><testcase classname="backend.tests.test_whisper_claude_iter12.TestMeetingSlotsAdmin" name="test_admin_get_slots" time="0.178" /><testcase classname="backend.tests.test_whisper_claude_iter12.TestWhisperClaudeIntegration" name="test_emergent_llm_key_configured" time="0.216" /><testcase classname="backend.tests.test_whisper_claude_iter12.TestMeetingsAdminUIElements" name="test_meetings_have_member_info" time="0.167" /><testcase classname="backend.tests.test_whisper_claude_iter12.TestMeetingsAdminUIElements" name="test_slot_includes_time_info" time="0.151" /></testsuite></testsuites>