<?xml version="1.0" encoding="utf-8"?><testsuites name="pytest tests"><testsuite name="pytest" errors="0" failures="0" skipped="0" tests="20" time="6.059" timestamp="2026-03-26T11:01:06.660194+00:00" hostname="agent-env-1d1c88a4-8dc7-4ffb-9358-5116d58df204"><testcase classname="backend.tests.test_iter49_demo_features.TestAuthentication" name="test_church_admin_login" time="0.179" /><testcase classname="backend.tests.test_iter49_demo_features.TestAuthentication" name="test_platform_admin_login" time="0.102" /><testcase classname="backend.tests.test_iter49_demo_features.TestAuthentication" name="test_member_login" time="0.109" /><testcase classname="backend.tests.test_iter49_demo_features.TestFeatureA_AggregateDashboard" name="test_aggregate_dashboard_endpoint" time="1.256" /><testcase classname="backend.tests.test_iter49_demo_features.TestFeatureA_AggregateDashboard" name="test_aggregate_dashboard_requires_auth" time="0.089" /><testcase classname="backend.tests.test_iter49_demo_features.TestFeatureB_PlatformGodMode" name="test_platform_stats_endpoint" time="1.576" /><testcase classname="backend.tests.test_iter49_demo_features.TestFeatureB_PlatformGodMode" name="test_platform_organizations_endpoint" time="0.120" /><testcase classname="backend.tests.test_iter49_demo_features.TestFeatureB_PlatformGodMode" name="test_tenants_list_endpoint" time="0.103" /><testcase classname="backend.tests.test_iter49_demo_features.TestFeatureC_ManualKidsCheckin" name="test_kids_all_endpoint" time="0.122" /><testcase classname="backend.tests.test_iter49_demo_features.TestFeatureC_ManualKidsCheckin" name="test_kids_checkins_endpoint" time="0.106" /><testcase classname="backend.tests.test_iter49_demo_features.TestFeatureD_CafeEnterprise" name="test_cafe_items_endpoint" time="1.203" /><testcase classname="backend.tests.test_iter49_demo_features.TestFeatureD_CafeEnterprise" name="test_cafe_settings_endpoint" time="0.104" /><testcase classname="backend.tests.test_iter49_demo_features.TestFeatureE_CSVMemberImport" name="test_csv_parse_endpoint" time="0.119" /><testcase classname="backend.tests.test_iter49_demo_features.TestFeatureE_CSVMemberImport" name="test_csv_execute_endpoint" time="0.112" /><testcase classname="backend.tests.test_iter49_demo_features.TestFeatureF_Communications" name="test_communications_send_endpoint" time="0.106" /><testcase classname="backend.tests.test_iter49_demo_features.TestFeatureF_Communications" name="test_communications_send_scheduled" time="0.099" /><testcase classname="backend.tests.test_iter49_demo_features.TestFeatureF_Communications" name="test_communications_list_endpoint" time="0.124" /><testcase classname="backend.tests.test_iter49_demo_features.TestFeatureF_Communications" name="test_communications_list_filter_by_status" time="0.121" /><testcase classname="backend.tests.test_iter49_demo_features.TestDashboardEndpoints" name="test_dashboard_stats" time="0.107" /><testcase classname="backend.tests.test_iter49_demo_features.TestDashboardEndpoints" name="test_dashboard_activity" time="0.116" /></testsuite></testsuites>