<?xml version="1.0" encoding="utf-8"?><testsuites name="pytest tests"><testsuite name="pytest" errors="0" failures="3" skipped="0" tests="12" time="3.788" timestamp="2026-02-19T02:53:04.574525+00:00" hostname="agent-env-3caec3f6-e7a5-4a08-940d-025ee0752dad"><testcase classname="backend.tests.test_integrations_iter4.TestStripePayments" name="test_create_donation_checkout_valid" time="0.850" /><testcase classname="backend.tests.test_integrations_iter4.TestStripePayments" name="test_create_donation_checkout_custom_amount" time="0.524" /><testcase classname="backend.tests.test_integrations_iter4.TestStripePayments" name="test_create_donation_checkout_invalid_amount" time="0.165"><failure message="AssertionError: Expected 400, got 520&#10;assert 520 == 400&#10; +  where 520 = &lt;Response [520]&gt;.status_code">backend/tests/test_integrations_iter4.py:80: in test_create_donation_checkout_invalid_amount
    assert response.status_code == 400, f"Expected 400, got {response.status_code}"
E   AssertionError: Expected 400, got 520
E   assert 520 == 400
E    +  where 520 = &lt;Response [520]&gt;.status_code</failure></testcase><testcase classname="backend.tests.test_integrations_iter4.TestStripePayments" name="test_create_donation_checkout_invalid_package" time="0.131"><failure message="AssertionError: Expected 400, got 520&#10;assert 520 == 400&#10; +  where 520 = &lt;Response [520]&gt;.status_code">backend/tests/test_integrations_iter4.py:95: in test_create_donation_checkout_invalid_package
    assert response.status_code == 400, f"Expected 400, got {response.status_code}"
E   AssertionError: Expected 400, got 520
E   assert 520 == 400
E    +  where 520 = &lt;Response [520]&gt;.status_code</failure></testcase><testcase classname="backend.tests.test_integrations_iter4.TestStripePayments" name="test_payment_status_endpoint" time="0.824" /><testcase classname="backend.tests.test_integrations_iter4.TestStripePayments" name="test_payment_status_invalid_session" time="0.374"><failure message="AssertionError: Expected error status, got 520&#10;assert 520 in [404, 500]&#10; +  where 520 = &lt;Response [520]&gt;.status_code">backend/tests/test_integrations_iter4.py:132: in test_payment_status_invalid_session
    assert response.status_code in [404, 500], f"Expected error status, got {response.status_code}"
E   AssertionError: Expected error status, got 520
E   assert 520 in [404, 500]
E    +  where 520 = &lt;Response [520]&gt;.status_code</failure></testcase><testcase classname="backend.tests.test_integrations_iter4.TestTwilioSMS" name="test_send_sms_individual" time="0.175" /><testcase classname="backend.tests.test_integrations_iter4.TestTwilioSMS" name="test_send_sms_bulk" time="0.107" /><testcase classname="backend.tests.test_integrations_iter4.TestTwilioSMS" name="test_sms_templates" time="0.109" /><testcase classname="backend.tests.test_integrations_iter4.TestExistingEndpoints" name="test_funds_endpoint" time="0.126" /><testcase classname="backend.tests.test_integrations_iter4.TestExistingEndpoints" name="test_giving_stats" time="0.162" /><testcase classname="backend.tests.test_integrations_iter4.TestExistingEndpoints" name="test_groups_endpoint" time="0.149" /></testsuite></testsuites>