<?xml version="1.0" encoding="utf-8"?><testsuites name="pytest tests"><testsuite name="pytest" errors="0" failures="0" skipped="0" tests="13" time="2.659" timestamp="2026-03-28T02:34:02.842695+00:00" hostname="agent-env-e026b3a9-11e8-434b-8047-f57b4b756f06"><testcase classname="backend.tests.test_iter59_phase5_registrations.TestPhase5Registrations" name="test_api_health" time="0.223" /><testcase classname="backend.tests.test_iter59_phase5_registrations.TestPhase5Registrations" name="test_get_registration_events" time="0.256" /><testcase classname="backend.tests.test_iter59_phase5_registrations.TestPhase5Registrations" name="test_get_registration_config" time="0.116" /><testcase classname="backend.tests.test_iter59_phase5_registrations.TestPhase5Registrations" name="test_create_update_registration_config" time="0.256" /><testcase classname="backend.tests.test_iter59_phase5_registrations.TestPhase5Registrations" name="test_add_promo_code" time="0.109" /><testcase classname="backend.tests.test_iter59_phase5_registrations.TestPhase5Registrations" name="test_get_event_registrants" time="0.135" /><testcase classname="backend.tests.test_iter59_phase5_registrations.TestPhase5Registrations" name="test_get_public_registration_page" time="0.127" /><testcase classname="backend.tests.test_iter59_phase5_registrations.TestPhase5Registrations" name="test_submit_public_registration" time="0.104" /><testcase classname="backend.tests.test_iter59_phase5_registrations.TestPhase5Registrations" name="test_submit_registration_with_addons" time="0.243" /><testcase classname="backend.tests.test_iter59_phase5_registrations.TestPhase5Registrations" name="test_update_registrant_status" time="0.277" /><testcase classname="backend.tests.test_iter59_phase5_registrations.TestPhase5Registrations" name="test_public_registration_invalid_event" time="0.097" /><testcase classname="backend.tests.test_iter59_phase5_registrations.TestPhase5Registrations" name="test_registration_config_not_found" time="0.114" /><testcase classname="backend.tests.test_iter59_phase5_registrations.TestPhase5Registrations" name="test_cleanup_test_registrations" time="0.524" /></testsuite></testsuites>