<?xml version="1.0" encoding="utf-8"?><testsuites name="pytest tests"><testsuite name="pytest" errors="0" failures="4" skipped="1" tests="19" time="7.200" timestamp="2026-03-20T16:44:09.362834+00:00" hostname="agent-env-fdfaa73d-876c-43a4-9cce-87f496158869"><testcase classname="backend.tests.test_mobile_browser_fixes_iter40.TestFix1NoHardcodedURLs" name="test_login_endpoint_accessible" time="0.252" /><testcase classname="backend.tests.test_mobile_browser_fixes_iter40.TestFix1NoHardcodedURLs" name="test_churches_list_endpoint" time="0.144" /><testcase classname="backend.tests.test_mobile_browser_fixes_iter40.TestFix2RoleManagement" name="test_get_members_list" time="0.204" /><testcase classname="backend.tests.test_mobile_browser_fixes_iter40.TestFix2RoleManagement" name="test_update_member_role" time="0.282"><failure message="assert 403 == 200&#10; +  where 403 = &lt;Response [403]&gt;.status_code">backend/tests/test_mobile_browser_fixes_iter40.py:109: in test_update_member_role
    assert res.status_code == 200
E   assert 403 == 200
E    +  where 403 = &lt;Response [403]&gt;.status_code</failure></testcase><testcase classname="backend.tests.test_mobile_browser_fixes_iter40.TestFix3QRCodeRendering" name="test_get_portal_kids" time="0.227" /><testcase classname="backend.tests.test_mobile_browser_fixes_iter40.TestFix3QRCodeRendering" name="test_checkin_generates_pickup_code" time="0.858"><failure message="AssertionError: Checkin failed: {&quot;detail&quot;:&quot;Child not found&quot;}&#10;assert 404 == 200&#10; +  where 404 = &lt;Response [404]&gt;.status_code">backend/tests/test_mobile_browser_fixes_iter40.py:150: in test_checkin_generates_pickup_code
    assert res.status_code == 200, f"Checkin failed: {res.text}"
E   AssertionError: Checkin failed: {"detail":"Child not found"}
E   assert 404 == 200
E    +  where 404 = &lt;Response [404]&gt;.status_code</failure></testcase><testcase classname="backend.tests.test_mobile_browser_fixes_iter40.TestFix3QRCodeRendering" name="test_active_checkins_include_pickup_code" time="0.214" /><testcase classname="backend.tests.test_mobile_browser_fixes_iter40.TestFix4AdminKidsCheckin" name="test_admin_checkins_list" time="0.205" /><testcase classname="backend.tests.test_mobile_browser_fixes_iter40.TestFix4AdminKidsCheckin" name="test_checkout_by_raw_code" time="0.367"><skipped type="pytest.skip" message="Cannot find active checkin for Baby">/app/backend/tests/test_mobile_browser_fixes_iter40.py:200: Cannot find active checkin for Baby</skipped></testcase><testcase classname="backend.tests.test_mobile_browser_fixes_iter40.TestFix4AdminKidsCheckin" name="test_checkout_by_qr_format" time="0.768"><failure message="AssertionError: Checkin failed: {&quot;detail&quot;:&quot;Child not found&quot;}&#10;assert 404 == 200&#10; +  where 404 = &lt;Response [404]&gt;.status_code">backend/tests/test_mobile_browser_fixes_iter40.py:222: in test_checkout_by_qr_format
    assert checkin_res.status_code == 200, f"Checkin failed: {checkin_res.text}"
E   AssertionError: Checkin failed: {"detail":"Child not found"}
E   assert 404 == 200
E    +  where 404 = &lt;Response [404]&gt;.status_code</failure></testcase><testcase classname="backend.tests.test_mobile_browser_fixes_iter40.TestFix5CheckinsTodayCount" name="test_checkins_today_returns_count" time="0.838"><failure message="assert 403 == 200&#10; +  where 403 = &lt;Response [403]&gt;.status_code">backend/tests/test_mobile_browser_fixes_iter40.py:252: in test_checkins_today_returns_count
    assert res.status_code == 200
E   assert 403 == 200
E    +  where 403 = &lt;Response [403]&gt;.status_code</failure></testcase><testcase classname="backend.tests.test_mobile_browser_fixes_iter40.TestFix6RegistrationChurchSelector" name="test_churches_list_for_registration" time="0.138" /><testcase classname="backend.tests.test_mobile_browser_fixes_iter40.TestFix6RegistrationChurchSelector" name="test_tenants_list_endpoint" time="0.128" /><testcase classname="backend.tests.test_mobile_browser_fixes_iter40.TestFix6RegistrationChurchSelector" name="test_register_endpoint_requires_tenant_id" time="0.227" /><testcase classname="backend.tests.test_mobile_browser_fixes_iter40.TestFix7AddChildForm" name="test_add_child_with_first_last_name" time="0.206" /><testcase classname="backend.tests.test_mobile_browser_fixes_iter40.TestFix7AddChildForm" name="test_delete_test_child" time="0.224" /><testcase classname="backend.tests.test_mobile_browser_fixes_iter40.TestFix8MobileResponsive" name="test_api_works_regardless_of_viewport" time="0.289" /><testcase classname="backend.tests.test_mobile_browser_fixes_iter40.TestBidirectionalPolling" name="test_admin_checkins_today_no_rate_limit" time="0.688" /><testcase classname="backend.tests.test_mobile_browser_fixes_iter40.TestBidirectionalPolling" name="test_portal_kids_no_rate_limit" time="0.801" /></testsuite></testsuites>