<?xml version="1.0" encoding="utf-8"?><testsuites name="pytest tests"><testsuite name="pytest" errors="0" failures="0" skipped="0" tests="13" time="25.484" timestamp="2026-03-14T03:25:53.626702+00:00" hostname="agent-env-1bbaae3d-de5a-48b9-81a1-7e221209f9f7"><testcase classname="backend.tests.test_next_steps_iter30.TestNextStepsStatusEndpoint" name="test_next_steps_status_returns_json" time="14.117" /><testcase classname="backend.tests.test_next_steps_iter30.TestNextStepsStatusEndpoint" name="test_next_steps_status_includes_certificate_availability" time="0.170" /><testcase classname="backend.tests.test_next_steps_iter30.TestNextStepsStatusEndpoint" name="test_next_steps_status_requires_auth" time="0.125" /><testcase classname="backend.tests.test_next_steps_iter30.TestPortalPathwaysRegression" name="test_pathways_courses_endpoint_returns_courses" time="0.176" /><testcase classname="backend.tests.test_next_steps_iter30.TestAdminNextStepsApprovals" name="test_admin_approvals_endpoint" time="9.349" /><testcase classname="backend.tests.test_next_steps_iter30.TestAdminNextStepsApprovals" name="test_admin_approvals_requires_admin_role" time="0.153" /><testcase classname="backend.tests.test_next_steps_iter30.TestApproveRejectActions" name="test_get_member_user_id" time="0.129" /><testcase classname="backend.tests.test_next_steps_iter30.TestApproveRejectActions" name="test_approve_action_requires_eligibility" time="0.154" /><testcase classname="backend.tests.test_next_steps_iter30.TestApproveRejectActions" name="test_reject_action" time="0.146" /><testcase classname="backend.tests.test_next_steps_iter30.TestApproveRejectActions" name="test_invalid_action_rejected" time="0.131" /><testcase classname="backend.tests.test_next_steps_iter30.TestCertificateDownload" name="test_certificate_requires_approval" time="0.327" /><testcase classname="backend.tests.test_next_steps_iter30.TestCertificateDownload" name="test_certificate_requires_auth" time="0.128" /><testcase classname="backend.tests.test_next_steps_iter30.TestApprovalWorkflow" name="test_full_approval_workflow" time="0.309" /></testsuite></testsuites>