<?xml version="1.0" encoding="utf-8"?><testsuites name="pytest tests"><testsuite name="pytest" errors="0" failures="0" skipped="0" tests="22" time="9.915" timestamp="2026-03-20T18:53:09.217654+00:00" hostname="agent-env-5b0c37df-a0ed-449d-ad60-3137b56de202"><testcase classname="backend.tests.test_iter43_all_features.TestHealthRegression" name="test_health_returns_200" time="0.257" /><testcase classname="backend.tests.test_iter43_all_features.TestAuthRegression" name="test_aivy_login_returns_church_admin" time="0.133" /><testcase classname="backend.tests.test_iter43_all_features.TestTask5SolomonChat" name="test_solomon_chat_endpoint" time="5.349" /><testcase classname="backend.tests.test_iter43_all_features.TestTask8SundayMorning" name="test_service_mode_returns_200" time="0.318" /><testcase classname="backend.tests.test_iter43_all_features.TestTask8SundayMorning" name="test_service_checkin_returns_200" time="0.247" /><testcase classname="backend.tests.test_iter43_all_features.TestTask8SundayMorning" name="test_attendance_streak_returns_200" time="0.217" /><testcase classname="backend.tests.test_iter43_all_features.TestTask8SundayMorning" name="test_notification_templates_returns_6" time="0.280" /><testcase classname="backend.tests.test_iter43_all_features.TestTask2ChurchOnboarding" name="test_create_church_with_valid_data" time="0.240" /><testcase classname="backend.tests.test_iter43_all_features.TestTask6Reports" name="test_executive_summary_returns_200" time="0.131" /><testcase classname="backend.tests.test_iter43_all_features.TestTask6Reports" name="test_kids_history_returns_200" time="0.107" /><testcase classname="backend.tests.test_iter43_all_features.TestTask6Reports" name="test_attendance_returns_200" time="0.108" /><testcase classname="backend.tests.test_iter43_all_features.TestTask6Reports" name="test_cafe_returns_200" time="0.118" /><testcase classname="backend.tests.test_iter43_all_features.TestTask6Reports" name="test_merch_returns_200" time="0.120" /><testcase classname="backend.tests.test_iter43_all_features.TestTask6Reports" name="test_groups_returns_200" time="0.120" /><testcase classname="backend.tests.test_iter43_all_features.TestTask6Reports" name="test_next_steps_returns_200" time="0.127" /><testcase classname="backend.tests.test_iter43_all_features.TestTask6Reports" name="test_membership_returns_200" time="0.124" /><testcase classname="backend.tests.test_iter43_all_features.TestTask6Reports" name="test_giving_by_fund_returns_200" time="0.234" /><testcase classname="backend.tests.test_iter43_all_features.TestTask6Reports" name="test_giving_by_method_returns_200" time="0.152" /><testcase classname="backend.tests.test_iter43_all_features.TestTask6Reports" name="test_top_donors_returns_200" time="0.949" /><testcase classname="backend.tests.test_iter43_all_features.TestTask6ReportsExport" name="test_kids_history_export_csv" time="0.110" /><testcase classname="backend.tests.test_iter43_all_features.TestTask6ReportsExport" name="test_attendance_export_csv" time="0.179" /><testcase classname="backend.tests.test_iter43_all_features.TestTask6ReportsExport" name="test_groups_export_csv" time="0.195" /></testsuite></testsuites>