<?xml version="1.0" encoding="utf-8"?><testsuites name="pytest tests"><testsuite name="pytest" errors="0" failures="2" skipped="0" tests="22" time="317.546" timestamp="2026-03-27T20:21:54.443373+00:00" hostname="agent-env-b4f72748-f66c-497d-9987-7ec0257678c1"><testcase classname="tests.test_iter53_solomon_chat_competitor_knowledge.TestSolomonChatCompetitorKnowledge" name="test_planning_center_calendar_features" time="0.912"><failure message="AssertionError: API failed: {&quot;detail&quot;:&quot;Solomon AI error: Failed to generate chat completion: litellm.BadRequestError: OpenAIException - Budget has been exceeded! Current cost: 1.0706280000000004, Max budget: 1.0&quot;}&#10;assert 500 == 200&#10; +  where 500 = &lt;Response [500]&gt;.status_code">tests/test_iter53_solomon_chat_competitor_knowledge.py:48: in test_planning_center_calendar_features
    assert response.status_code == 200, f"API failed: {response.text}"
E   AssertionError: API failed: {"detail":"Solomon AI error: Failed to generate chat completion: litellm.BadRequestError: OpenAIException - Budget has been exceeded! Current cost: 1.0706280000000004, Max budget: 1.0"}
E   assert 500 == 200
E    +  where 500 = &lt;Response [500]&gt;.status_code</failure></testcase><testcase classname="tests.test_iter53_solomon_chat_competitor_knowledge.TestSolomonChatCompetitorKnowledge" name="test_planning_center_services_features" time="21.367" /><testcase classname="tests.test_iter53_solomon_chat_competitor_knowledge.TestSolomonChatCompetitorKnowledge" name="test_planning_center_people_features" time="21.278" /><testcase classname="tests.test_iter53_solomon_chat_competitor_knowledge.TestSolomonChatCompetitorKnowledge" name="test_planning_center_groups_features" time="14.675" /><testcase classname="tests.test_iter53_solomon_chat_competitor_knowledge.TestSolomonChatCompetitorKnowledge" name="test_planning_center_giving_features" time="16.204" /><testcase classname="tests.test_iter53_solomon_chat_competitor_knowledge.TestSolomonChatCompetitorKnowledge" name="test_migration_data_transfer" time="20.517" /><testcase classname="tests.test_iter53_solomon_chat_competitor_knowledge.TestSolomonChatCompetitorKnowledge" name="test_switching_costs_question" time="38.032" /><testcase classname="tests.test_iter53_solomon_chat_competitor_knowledge.TestSolomonChatCompetitorKnowledge" name="test_pricing_comparison_planning_center" time="17.716" /><testcase classname="tests.test_iter53_solomon_chat_competitor_knowledge.TestSolomonChatCompetitorKnowledge" name="test_securegive_pricing_knowledge" time="19.828" /><testcase classname="tests.test_iter53_solomon_chat_competitor_knowledge.TestSolomonChatCompetitorKnowledge" name="test_securegive_kiosk_features" time="15.672" /><testcase classname="tests.test_iter53_solomon_chat_competitor_knowledge.TestSolomonChatCompetitorKnowledge" name="test_securegive_transaction_fees" time="10.882" /><testcase classname="tests.test_iter53_solomon_chat_competitor_knowledge.TestSolomonChatCompetitorKnowledge" name="test_pushpay_contract_requirements" time="9.419" /><testcase classname="tests.test_iter53_solomon_chat_competitor_knowledge.TestSolomonChatCompetitorKnowledge" name="test_pushpay_churchstaq_knowledge" time="23.210" /><testcase classname="tests.test_iter53_solomon_chat_competitor_knowledge.TestSolomonChatCompetitorKnowledge" name="test_pushpay_no_public_pricing" time="9.889" /><testcase classname="tests.test_iter53_solomon_chat_competitor_knowledge.TestSolomonChatCompetitorKnowledge" name="test_respectful_competitor_response" time="23.145" /><testcase classname="tests.test_iter53_solomon_chat_competitor_knowledge.TestSolomonChatCompetitorKnowledge" name="test_normal_church_question_service_times" time="5.520" /><testcase classname="tests.test_iter53_solomon_chat_competitor_knowledge.TestSolomonChatCompetitorKnowledge" name="test_normal_church_question_giving" time="9.184" /><testcase classname="tests.test_iter53_solomon_chat_competitor_knowledge.TestSolomonChatCompetitorKnowledge" name="test_normal_church_question_groups" time="10.146" /><testcase classname="tests.test_iter53_solomon_chat_competitor_knowledge.TestSolomonChatCompetitorKnowledge" name="test_empty_message_rejected" time="0.270"><failure message="AssertionError: Expected 400 for empty message, got 500&#10;assert 500 == 400&#10; +  where 500 = &lt;Response [500]&gt;.status_code">tests/test_iter53_solomon_chat_competitor_knowledge.py:306: in test_empty_message_rejected
    assert response.status_code == 400, f"Expected 400 for empty message, got {response.status_code}"
E   AssertionError: Expected 400 for empty message, got 500
E   assert 500 == 400
E    +  where 500 = &lt;Response [500]&gt;.status_code</failure></testcase><testcase classname="tests.test_iter53_solomon_chat_competitor_knowledge.TestSolomonChatCompetitorKnowledge" name="test_session_id_returned" time="5.830" /><testcase classname="tests.test_iter53_solomon_chat_competitor_knowledge.TestSolomonChatCompetitorKnowledge" name="test_response_structure" time="7.109" /><testcase classname="tests.test_iter53_solomon_chat_competitor_knowledge.TestSolomonChatWithoutAuth" name="test_chat_without_auth_still_works" time="16.631" /></testsuite></testsuites>