<?xml version="1.0" encoding="utf-8"?><testsuites name="pytest tests"><testsuite name="pytest" errors="0" failures="0" skipped="0" tests="17" time="8.738" timestamp="2026-04-18T00:40:53.445754+00:00" hostname="agent-env-fb967235-4fa3-421b-afe6-43fdbaa83351"><testcase classname="backend.tests.test_deliverables_reports_iter94.TestDeliverableGeneration" name="test_pdf_generation_basic" time="0.699" /><testcase classname="backend.tests.test_deliverables_reports_iter94.TestDeliverableGeneration" name="test_pptx_generation_basic" time="0.563" /><testcase classname="backend.tests.test_deliverables_reports_iter94.TestDeliverableGeneration" name="test_docx_generation_basic" time="0.493" /><testcase classname="backend.tests.test_deliverables_reports_iter94.TestDeliverableGeneration" name="test_xlsx_generation_basic" time="0.833" /><testcase classname="backend.tests.test_deliverables_reports_iter94.TestDeliverableGeneration" name="test_pdf_with_table_data" time="0.460" /><testcase classname="backend.tests.test_deliverables_reports_iter94.TestDeliverableGeneration" name="test_docx_with_table_data" time="0.490" /><testcase classname="backend.tests.test_deliverables_reports_iter94.TestDeliverableGeneration" name="test_xlsx_with_table_data" time="0.458" /><testcase classname="backend.tests.test_deliverables_reports_iter94.TestDeliverableGeneration" name="test_pptx_with_sections" time="0.523" /><testcase classname="backend.tests.test_deliverables_reports_iter94.TestDeliverableGeneration" name="test_docx_with_sections" time="0.450" /><testcase classname="backend.tests.test_deliverables_reports_iter94.TestCustomReportBuilder" name="test_custom_report_preview_people" time="0.484" /><testcase classname="backend.tests.test_deliverables_reports_iter94.TestCustomReportBuilder" name="test_custom_report_preview_donations" time="0.608" /><testcase classname="backend.tests.test_deliverables_reports_iter94.TestCustomReportBuilder" name="test_custom_report_preview_with_filter" time="0.552" /><testcase classname="backend.tests.test_deliverables_reports_iter94.TestCustomReportBuilder" name="test_custom_report_preview_invalid_source" time="0.464" /><testcase classname="backend.tests.test_deliverables_reports_iter94.TestCustomReportBuilder" name="test_custom_report_export_csv" time="0.543" /><testcase classname="backend.tests.test_deliverables_reports_iter94.TestCustomReportBuilder" name="test_custom_report_save" time="0.449" /><testcase classname="backend.tests.test_deliverables_reports_iter94.TestCustomReportBuilder" name="test_custom_report_list" time="0.462" /><testcase classname="backend.tests.test_deliverables_reports_iter94.TestLandingPageHeroSection" name="test_landing_page_loads" time="0.122" /></testsuite></testsuites>