<?xml version="1.0" encoding="utf-8"?><testsuites name="pytest tests"><testsuite name="pytest" errors="0" failures="0" skipped="0" tests="19" time="3.556" timestamp="2026-03-23T22:51:17.475268+00:00" hostname="agent-env-c656ffd2-1c37-4971-8311-4353dd3b1247"><testcase classname="backend.tests.test_iter47_phase_a_pages.TestPhaseABackendAPIs" name="test_get_service_plans" time="0.483" /><testcase classname="backend.tests.test_iter47_phase_a_pages.TestPhaseABackendAPIs" name="test_create_service_plan" time="0.202" /><testcase classname="backend.tests.test_iter47_phase_a_pages.TestPhaseABackendAPIs" name="test_update_service_plan" time="0.270" /><testcase classname="backend.tests.test_iter47_phase_a_pages.TestPhaseABackendAPIs" name="test_get_households" time="0.157" /><testcase classname="backend.tests.test_iter47_phase_a_pages.TestPhaseABackendAPIs" name="test_create_household" time="0.221" /><testcase classname="backend.tests.test_iter47_phase_a_pages.TestPhaseABackendAPIs" name="test_update_household" time="0.349" /><testcase classname="backend.tests.test_iter47_phase_a_pages.TestPhaseABackendAPIs" name="test_get_volunteer_teams" time="0.193" /><testcase classname="backend.tests.test_iter47_phase_a_pages.TestPhaseABackendAPIs" name="test_create_volunteer_team" time="0.122" /><testcase classname="backend.tests.test_iter47_phase_a_pages.TestPhaseABackendAPIs" name="test_get_volunteer_schedule" time="0.126" /><testcase classname="backend.tests.test_iter47_phase_a_pages.TestPhaseABackendAPIs" name="test_create_volunteer_schedule_entry" time="0.166" /><testcase classname="backend.tests.test_iter47_phase_a_pages.TestPhaseABackendAPIs" name="test_get_portal_directory" time="0.116" /><testcase classname="backend.tests.test_iter47_phase_a_pages.TestPhaseABackendAPIs" name="test_portal_directory_search" time="0.121" /><testcase classname="backend.tests.test_iter47_phase_a_pages.TestPhaseABackendAPIs" name="test_get_branding" time="0.107" /><testcase classname="backend.tests.test_iter47_phase_a_pages.TestPhaseABackendAPIs" name="test_update_branding" time="0.226" /><testcase classname="backend.tests.test_iter47_phase_a_pages.TestUnauthorizedAccess" name="test_services_requires_auth" time="0.107" /><testcase classname="backend.tests.test_iter47_phase_a_pages.TestUnauthorizedAccess" name="test_households_requires_auth" time="0.175" /><testcase classname="backend.tests.test_iter47_phase_a_pages.TestUnauthorizedAccess" name="test_volunteers_requires_auth" time="0.103" /><testcase classname="backend.tests.test_iter47_phase_a_pages.TestUnauthorizedAccess" name="test_directory_requires_auth" time="0.108" /><testcase classname="backend.tests.test_iter47_phase_a_pages.TestUnauthorizedAccess" name="test_branding_requires_auth" time="0.108" /></testsuite></testsuites>