<?xml version="1.0" encoding="utf-8"?><testsuites name="pytest tests"><testsuite name="pytest" errors="0" failures="0" skipped="0" tests="16" time="3.654" timestamp="2026-02-24T05:34:25.506282+00:00" hostname="agent-env-ac3509ab-d608-4520-9d20-5056b2a30e67"><testcase classname="tests.test_bidirectional_comm_iter10.TestPlatformAdminAuth" name="test_platform_admin_login" time="0.143" /><testcase classname="tests.test_bidirectional_comm_iter10.TestPlatformAdminAuth" name="test_platform_admin_me_endpoint" time="0.149" /><testcase classname="tests.test_bidirectional_comm_iter10.TestChurchAdminAuth" name="test_church_admin_login" time="0.111" /><testcase classname="tests.test_bidirectional_comm_iter10.TestChurchAdminAuth" name="test_church_admin_can_access_groups" time="0.233" /><testcase classname="tests.test_bidirectional_comm_iter10.TestChurchAdminAuth" name="test_church_admin_can_access_events" time="0.186" /><testcase classname="tests.test_bidirectional_comm_iter10.TestMemberAuth" name="test_member_login" time="0.111" /><testcase classname="tests.test_bidirectional_comm_iter10.TestMediaLibrarySync" name="test_portal_videos_returns_database_content" time="0.159" /><testcase classname="tests.test_bidirectional_comm_iter10.TestMemberGroupFlow" name="test_member_can_view_available_groups" time="0.261" /><testcase classname="tests.test_bidirectional_comm_iter10.TestMemberGroupFlow" name="test_member_can_view_my_groups" time="0.166" /><testcase classname="tests.test_bidirectional_comm_iter10.TestMemberEventFlow" name="test_member_can_view_events" time="0.162" /><testcase classname="tests.test_bidirectional_comm_iter10.TestMemberEventFlow" name="test_member_can_view_my_events" time="0.161" /><testcase classname="tests.test_bidirectional_comm_iter10.TestAdminGroupMemberManagement" name="test_admin_can_view_group_members" time="0.298" /><testcase classname="tests.test_bidirectional_comm_iter10.TestAdminGroupMemberManagement" name="test_admin_can_search_available_members" time="0.723" /><testcase classname="tests.test_bidirectional_comm_iter10.TestAdminEventRegistrationManagement" name="test_admin_can_view_event_registrations" time="0.257" /><testcase classname="tests.test_bidirectional_comm_iter10.TestAdminEventRegistrationManagement" name="test_admin_can_add_registration" time="0.364" /><testcase classname="tests.test_bidirectional_comm_iter10.TestTenantInfo" name="test_tenant_endpoint" time="0.113" /></testsuite></testsuites>