<?xml version="1.0" encoding="utf-8"?><testsuites name="pytest tests"><testsuite name="pytest" errors="0" failures="0" skipped="0" tests="25" time="3.624" timestamp="2026-03-31T21:37:57.355996+00:00" hostname="agent-env-851040b8-67a6-4b9d-9d45-67a7c00b845e"><testcase classname="backend.tests.test_recurring_giving.TestRecurringGivingPortal" name="test_create_recurring_giving" time="0.536" /><testcase classname="backend.tests.test_recurring_giving.TestRecurringGivingPortal" name="test_create_recurring_giving_validation_amount" time="0.052" /><testcase classname="backend.tests.test_recurring_giving.TestRecurringGivingPortal" name="test_create_recurring_giving_validation_frequency" time="0.051" /><testcase classname="backend.tests.test_recurring_giving.TestRecurringGivingPortal" name="test_list_recurring_giving" time="0.053" /><testcase classname="backend.tests.test_recurring_giving.TestRecurringGivingPortal" name="test_update_recurring_giving" time="0.123" /><testcase classname="backend.tests.test_recurring_giving.TestRecurringGivingPortal" name="test_pause_recurring_giving" time="0.063" /><testcase classname="backend.tests.test_recurring_giving.TestRecurringGivingPortal" name="test_pause_already_paused_schedule" time="0.055" /><testcase classname="backend.tests.test_recurring_giving.TestRecurringGivingPortal" name="test_resume_recurring_giving" time="0.062" /><testcase classname="backend.tests.test_recurring_giving.TestRecurringGivingPortal" name="test_resume_active_schedule" time="0.054" /><testcase classname="backend.tests.test_recurring_giving.TestRecurringGivingPortal" name="test_cancel_recurring_giving" time="0.066" /><testcase classname="backend.tests.test_recurring_giving.TestRecurringGivingPortal" name="test_cancel_already_cancelled" time="0.055" /><testcase classname="backend.tests.test_recurring_giving.TestRecurringGivingPortal" name="test_edit_cancelled_schedule" time="0.056" /><testcase classname="backend.tests.test_recurring_giving.TestRecurringGivingPortal" name="test_not_found_schedule" time="0.106" /><testcase classname="backend.tests.test_recurring_giving.TestRecurringGivingAdmin" name="test_admin_list_all_recurring" time="0.418" /><testcase classname="backend.tests.test_recurring_giving.TestRecurringGivingAdmin" name="test_admin_list_filter_active" time="0.109" /><testcase classname="backend.tests.test_recurring_giving.TestRecurringGivingAdmin" name="test_admin_list_filter_paused" time="0.076" /><testcase classname="backend.tests.test_recurring_giving.TestRecurringGivingAdmin" name="test_admin_list_filter_cancelled" time="0.077" /><testcase classname="backend.tests.test_recurring_giving.TestRecurringGivingAdmin" name="test_admin_list_pagination" time="0.072" /><testcase classname="backend.tests.test_recurring_giving.TestRecurringGivingAdmin" name="test_admin_change_status_to_paused" time="0.463" /><testcase classname="backend.tests.test_recurring_giving.TestRecurringGivingAdmin" name="test_admin_change_status_to_active" time="0.072" /><testcase classname="backend.tests.test_recurring_giving.TestRecurringGivingAdmin" name="test_admin_change_status_to_cancelled" time="0.068" /><testcase classname="backend.tests.test_recurring_giving.TestRecurringGivingAdmin" name="test_admin_invalid_status" time="0.061" /><testcase classname="backend.tests.test_recurring_giving.TestRecurringGivingAdmin" name="test_admin_not_found_schedule" time="0.065" /><testcase classname="backend.tests.test_recurring_giving.TestRecurringGivingDataIntegrity" name="test_create_and_verify_persistence" time="0.516" /><testcase classname="backend.tests.test_recurring_giving.TestRecurringGivingDataIntegrity" name="test_update_and_verify_persistence" time="0.205" /></testsuite></testsuites>