<?xml version="1.0" encoding="utf-8"?><testsuites name="pytest tests"><testsuite name="pytest" errors="0" failures="3" skipped="0" tests="19" time="7.373" timestamp="2026-04-08T22:18:39.248248+00:00" hostname="agent-env-a51eefe1-02a0-4ce8-bb93-049bdaba17c7"><testcase classname="tests.test_solomon_demo_qa.TestAuthAndLogin" name="test_login_shannon_success" time="0.421" /><testcase classname="tests.test_solomon_demo_qa.TestAuthAndLogin" name="test_login_platform_admin_success" time="0.337" /><testcase classname="tests.test_solomon_demo_qa.TestDashboardStats" name="test_dashboard_stats_has_data" time="0.470" /><testcase classname="tests.test_solomon_demo_qa.TestDashboardStats" name="test_giving_trend_has_data" time="0.445" /><testcase classname="tests.test_solomon_demo_qa.TestDashboardStats" name="test_attendance_trend_has_data" time="0.460" /><testcase classname="tests.test_solomon_demo_qa.TestGivingDashboard" name="test_giving_stats_has_data" time="0.257" /><testcase classname="tests.test_solomon_demo_qa.TestGivingDashboard" name="test_donations_list_has_data" time="0.268" /><testcase classname="tests.test_solomon_demo_qa.TestGivingDashboard" name="test_funds_list_has_data" time="0.204" /><testcase classname="tests.test_solomon_demo_qa.TestSolomonPayDashboard" name="test_solomonpay_dashboard_has_data" time="0.224"><failure message="AssertionError: SolomonPay dashboard failed: {&quot;detail&quot;:&quot;Not authenticated&quot;}&#10;assert 401 == 200&#10; +  where 401 = &lt;Response [401]&gt;.status_code">tests/test_solomon_demo_qa.py:174: in test_solomonpay_dashboard_has_data
    assert response.status_code == 200, f"SolomonPay dashboard failed: {response.text}"
E   AssertionError: SolomonPay dashboard failed: {"detail":"Not authenticated"}
E   assert 401 == 200
E    +  where 401 = &lt;Response [401]&gt;.status_code</failure></testcase><testcase classname="tests.test_solomon_demo_qa.TestSolomonPayDashboard" name="test_solomonpay_trend_has_data" time="0.215"><failure message="assert 401 == 200&#10; +  where 401 = &lt;Response [401]&gt;.status_code">tests/test_solomon_demo_qa.py:198: in test_solomonpay_trend_has_data
    assert response.status_code == 200
E   assert 401 == 200
E    +  where 401 = &lt;Response [401]&gt;.status_code</failure></testcase><testcase classname="tests.test_solomon_demo_qa.TestMembersPage" name="test_people_list_has_data" time="0.213" /><testcase classname="tests.test_solomon_demo_qa.TestGroupsPage" name="test_groups_list_has_data" time="0.984" /><testcase classname="tests.test_solomon_demo_qa.TestReportsPage" name="test_reports_giving_tab" time="0.636" /><testcase classname="tests.test_solomon_demo_qa.TestReportsPage" name="test_reports_attendance_tab" time="0.242" /><testcase classname="tests.test_solomon_demo_qa.TestReportsPage" name="test_reports_groups_tab" time="0.207" /><testcase classname="tests.test_solomon_demo_qa.TestReportsPage" name="test_reports_checkin_tab" time="0.219" /><testcase classname="tests.test_solomon_demo_qa.TestReportsPage" name="test_reports_membership_tab" time="0.255" /><testcase classname="tests.test_solomon_demo_qa.TestReportsPage" name="test_reports_executive_summary" time="1.003" /><testcase classname="tests.test_solomon_demo_qa.TestAuditLog" name="test_audit_log_has_entries" time="0.215"><failure message="AssertionError: Audit log failed: {&quot;detail&quot;:&quot;Not authenticated&quot;}&#10;assert 401 == 200&#10; +  where 401 = &lt;Response [401]&gt;.status_code">tests/test_solomon_demo_qa.py:441: in test_audit_log_has_entries
    assert response.status_code == 200, f"Audit log failed: {response.text}"
E   AssertionError: Audit log failed: {"detail":"Not authenticated"}
E   assert 401 == 200
E    +  where 401 = &lt;Response [401]&gt;.status_code</failure></testcase></testsuite></testsuites>