<?xml version="1.0" encoding="utf-8"?><testsuites name="pytest tests"><testsuite name="pytest" errors="0" failures="0" skipped="0" tests="25" time="4.142" timestamp="2026-03-24T10:44:50.389365+00:00" hostname="agent-env-c656ffd2-1c37-4971-8311-4353dd3b1247"><testcase classname="backend.tests.test_iter48_solomon_academy.TestAdminCourses" name="test_01_admin_list_courses" time="0.299" /><testcase classname="backend.tests.test_iter48_solomon_academy.TestAdminCourses" name="test_02_admin_get_course_detail" time="0.052" /><testcase classname="backend.tests.test_iter48_solomon_academy.TestAdminCourses" name="test_03_admin_create_course" time="0.107" /><testcase classname="backend.tests.test_iter48_solomon_academy.TestAdminCourses" name="test_04_admin_update_course" time="0.235" /><testcase classname="backend.tests.test_iter48_solomon_academy.TestAdminCourses" name="test_05_admin_delete_course" time="0.183" /><testcase classname="backend.tests.test_iter48_solomon_academy.TestAdminModules" name="test_06_admin_create_module" time="0.147" /><testcase classname="backend.tests.test_iter48_solomon_academy.TestAdminModules" name="test_07_admin_move_module" time="0.318" /><testcase classname="backend.tests.test_iter48_solomon_academy.TestAdminLessons" name="test_08_admin_create_lesson_video" time="0.198" /><testcase classname="backend.tests.test_iter48_solomon_academy.TestAdminLessons" name="test_09_admin_create_lesson_text" time="0.205" /><testcase classname="backend.tests.test_iter48_solomon_academy.TestAdminLessons" name="test_10_admin_create_lesson_quiz" time="0.213" /><testcase classname="backend.tests.test_iter48_solomon_academy.TestAdminLessons" name="test_11_admin_create_lesson_download" time="0.269" /><testcase classname="backend.tests.test_iter48_solomon_academy.TestAdminLessons" name="test_12_admin_update_lesson" time="0.254" /><testcase classname="backend.tests.test_iter48_solomon_academy.TestAdminLessons" name="test_13_admin_delete_lesson" time="0.258" /><testcase classname="backend.tests.test_iter48_solomon_academy.TestAdminLessons" name="test_14_admin_move_lesson" time="0.303" /><testcase classname="backend.tests.test_iter48_solomon_academy.TestAdminEnrollments" name="test_15_admin_get_enrollments" time="0.048" /><testcase classname="backend.tests.test_iter48_solomon_academy.TestPortalCourses" name="test_16_portal_list_courses" time="0.059" /><testcase classname="backend.tests.test_iter48_solomon_academy.TestPortalCourses" name="test_17_portal_course_detail" time="0.048" /><testcase classname="backend.tests.test_iter48_solomon_academy.TestPortalCourses" name="test_18_portal_enroll" time="0.046" /><testcase classname="backend.tests.test_iter48_solomon_academy.TestPortalCourses" name="test_19_portal_get_lesson" time="0.093" /><testcase classname="backend.tests.test_iter48_solomon_academy.TestPortalCourses" name="test_20_portal_get_text_lesson" time="0.048" /><testcase classname="backend.tests.test_iter48_solomon_academy.TestPortalCourses" name="test_21_portal_get_quiz_lesson" time="0.047" /><testcase classname="backend.tests.test_iter48_solomon_academy.TestPortalCourses" name="test_22_portal_complete_lesson" time="0.048" /><testcase classname="backend.tests.test_iter48_solomon_academy.TestPortalCourses" name="test_23_portal_submit_quiz" time="0.050" /><testcase classname="backend.tests.test_iter48_solomon_academy.TestPortalCourses" name="test_24_portal_my_courses" time="0.046" /><testcase classname="backend.tests.test_iter48_solomon_academy.TestPortalCourses" name="test_25_portal_lesson_requires_enrollment" time="0.477" /></testsuite></testsuites>