<?xml version="1.0" encoding="utf-8"?><testsuites name="pytest tests"><testsuite name="pytest" errors="0" failures="0" skipped="0" tests="22" time="3.985" timestamp="2026-03-21T17:40:39.755377+00:00" hostname="agent-env-b9ec5168-dd6e-4a9c-8328-fd544316861b"><testcase classname="backend.tests.test_iter46_multi_campus.TestShannonNiemanLogin" name="test_shannon_login_success" time="0.724" /><testcase classname="backend.tests.test_iter46_multi_campus.TestShannonNiemanLogin" name="test_shannon_has_38_permissions" time="0.000" /><testcase classname="backend.tests.test_iter46_multi_campus.TestShannonNiemanLogin" name="test_shannon_has_accessible_campuses" time="0.000" /><testcase classname="backend.tests.test_iter46_multi_campus.TestJacobPachecoLogin" name="test_jacob_login_success" time="0.612" /><testcase classname="backend.tests.test_iter46_multi_campus.TestJacobPachecoLogin" name="test_jacob_has_11_permissions" time="0.000" /><testcase classname="backend.tests.test_iter46_multi_campus.TestJacobPachecoLogin" name="test_jacob_no_multi_campus_access" time="0.000" /><testcase classname="backend.tests.test_iter46_multi_campus.TestAuthMeEndpoint" name="test_auth_me_returns_accessible_campuses" time="0.110" /><testcase classname="backend.tests.test_iter46_multi_campus.TestAuthMeEndpoint" name="test_auth_me_returns_organization_info" time="0.112" /><testcase classname="backend.tests.test_iter46_multi_campus.TestCampusSwitching" name="test_switch_to_downtown_campus" time="0.113" /><testcase classname="backend.tests.test_iter46_multi_campus.TestCampusSwitching" name="test_switch_to_west_campus" time="0.115" /><testcase classname="backend.tests.test_iter46_multi_campus.TestCampusSwitching" name="test_switch_to_east_campus" time="0.129" /><testcase classname="backend.tests.test_iter46_multi_campus.TestCampusSwitching" name="test_auth_me_reflects_campus_switch" time="0.230" /><testcase classname="backend.tests.test_iter46_multi_campus.TestCampusSwitching" name="test_switch_to_unauthorized_campus_fails" time="0.104" /><testcase classname="backend.tests.test_iter46_multi_campus.TestCampusSwitching" name="test_switch_without_tenant_id_fails" time="0.102" /><testcase classname="backend.tests.test_iter46_multi_campus.TestHealthScores" name="test_health_scores_requires_platform_admin" time="0.105" /><testcase classname="backend.tests.test_iter46_multi_campus.TestHealthScores" name="test_abundant_east_has_a_plus_score" time="0.739" /><testcase classname="backend.tests.test_iter46_multi_campus.TestHealthScores" name="test_abundant_downtown_has_a_plus_score" time="0.121" /><testcase classname="backend.tests.test_iter46_multi_campus.TestHealthScores" name="test_abundant_west_has_a_plus_score" time="0.115" /><testcase classname="backend.tests.test_iter46_multi_campus.TestHealthScores" name="test_non_abundant_churches_have_low_scores" time="0.113" /><testcase classname="backend.tests.test_iter46_multi_campus.TestHealthScores" name="test_health_scores_sorted_by_score" time="0.131" /><testcase classname="backend.tests.test_iter46_multi_campus.TestRegressionChecks" name="test_health_endpoint" time="0.102" /><testcase classname="backend.tests.test_iter46_multi_campus.TestRegressionChecks" name="test_unauthenticated_auth_me_fails" time="0.114" /></testsuite></testsuites>