<?xml version="1.0" encoding="utf-8"?><testsuites name="pytest tests"><testsuite name="pytest" errors="0" failures="0" skipped="0" tests="17" time="27.468" timestamp="2026-03-14T14:24:03.470337+00:00" hostname="agent-env-3bd6da97-5a7d-4646-a91d-b5f61d8310b1"><testcase classname="backend.tests.test_volunteer_leaderboard_iter32.TestVolunteerLeaderboard" name="test_get_leaderboard_success" time="26.254" /><testcase classname="backend.tests.test_volunteer_leaderboard_iter32.TestVolunteerLeaderboard" name="test_leaderboard_sorted_by_signup_count_desc" time="0.065" /><testcase classname="backend.tests.test_volunteer_leaderboard_iter32.TestVolunteerLeaderboard" name="test_leaderboard_entry_structure" time="0.063" /><testcase classname="backend.tests.test_volunteer_leaderboard_iter32.TestVolunteerLeaderboard" name="test_leaderboard_badge_computation" time="0.053" /><testcase classname="backend.tests.test_volunteer_leaderboard_iter32.TestVolunteerLeaderboard" name="test_leaderboard_unauthenticated_returns_401" time="0.110" /><testcase classname="backend.tests.test_volunteer_leaderboard_iter32.TestVolunteerMyStats" name="test_my_stats_success" time="0.053" /><testcase classname="backend.tests.test_volunteer_leaderboard_iter32.TestVolunteerMyStats" name="test_my_stats_badge_and_progress" time="0.057" /><testcase classname="backend.tests.test_volunteer_leaderboard_iter32.TestVolunteerMyStats" name="test_my_stats_progress_calculation" time="0.059" /><testcase classname="backend.tests.test_volunteer_leaderboard_iter32.TestVolunteerMyStats" name="test_my_stats_unauthenticated_returns_401" time="0.111" /><testcase classname="backend.tests.test_volunteer_leaderboard_iter32.TestAdminLogHours" name="test_admin_log_hours_success" time="0.065" /><testcase classname="backend.tests.test_volunteer_leaderboard_iter32.TestAdminLogHours" name="test_admin_log_hours_with_opportunity_id" time="0.062" /><testcase classname="backend.tests.test_volunteer_leaderboard_iter32.TestAdminLogHours" name="test_admin_log_hours_user_not_found" time="0.057" /><testcase classname="backend.tests.test_volunteer_leaderboard_iter32.TestAdminLogHours" name="test_member_cannot_access_admin_log_hours" time="0.056" /><testcase classname="backend.tests.test_volunteer_leaderboard_iter32.TestAdminLogHours" name="test_admin_log_hours_unauthenticated_returns_401" time="0.125" /><testcase classname="backend.tests.test_volunteer_leaderboard_iter32.TestBadgeTierThresholds" name="test_badge_tier_thresholds" time="0.055" /><testcase classname="backend.tests.test_volunteer_leaderboard_iter32.TestLeaderboardWithAdminRole" name="test_admin_can_access_leaderboard" time="0.060" /><testcase classname="backend.tests.test_volunteer_leaderboard_iter32.TestLeaderboardWithAdminRole" name="test_admin_can_access_my_stats" time="0.069" /></testsuite></testsuites>