<?xml version="1.0" encoding="utf-8"?><testsuites name="pytest tests"><testsuite name="pytest" errors="0" failures="0" skipped="0" tests="45" time="62.405" timestamp="2026-04-03T15:32:08.887201+00:00" hostname="agent-env-38042ce3-866b-43c2-91a8-5ed9b6212c45"><testcase classname="backend.tests.test_final_uat_iter81.TestHealth" name="test_health_returns_ok" time="0.160" /><testcase classname="backend.tests.test_final_uat_iter81.TestGodModePlatformStats" name="test_platform_stats_returns_200" time="6.091" /><testcase classname="backend.tests.test_final_uat_iter81.TestGodModePlatformStats" name="test_platform_stats_has_giving" time="6.069" /><testcase classname="backend.tests.test_final_uat_iter81.TestGodModePlatformStats" name="test_platform_stats_has_hero_kpis" time="6.524" /><testcase classname="backend.tests.test_final_uat_iter81.TestGodModePlatformStats" name="test_platform_stats_no_nan_values" time="6.158" /><testcase classname="backend.tests.test_final_uat_iter81.TestGodModePlatformStats" name="test_mtd_giving_no_nan" time="6.168" /><testcase classname="backend.tests.test_final_uat_iter81.TestGodModeChurches" name="test_platform_churches_returns_200" time="1.385" /><testcase classname="backend.tests.test_final_uat_iter81.TestGodModeChurches" name="test_platform_churches_has_6_plus" time="1.393" /><testcase classname="backend.tests.test_final_uat_iter81.TestGodModeChurches" name="test_platform_health_scores_returns_200" time="0.132" /><testcase classname="backend.tests.test_final_uat_iter81.TestGodModeChurches" name="test_platform_health_scores_have_grade" time="0.145" /><testcase classname="backend.tests.test_final_uat_iter81.TestAddChurch" name="test_create_church_api" time="0.343" /><testcase classname="backend.tests.test_final_uat_iter81.TestPayouts" name="test_payouts_no_nan" time="1.517" /><testcase classname="backend.tests.test_final_uat_iter81.TestPayouts" name="test_payout_history_no_nan" time="6.112" /><testcase classname="backend.tests.test_final_uat_iter81.TestIntegrations" name="test_integrations_no_pushpay_securegive" time="0.313" /><testcase classname="backend.tests.test_final_uat_iter81.TestPeopleBulkUpdate" name="test_bulk_update_post_works" time="0.102" /><testcase classname="backend.tests.test_final_uat_iter81.TestPeopleBulkUpdate" name="test_bulk_update_method_exists" time="0.143" /><testcase classname="backend.tests.test_final_uat_iter81.TestReports9Tabs" name="test_giving_report" time="0.108" /><testcase classname="backend.tests.test_final_uat_iter81.TestReports9Tabs" name="test_attendance_report" time="0.144" /><testcase classname="backend.tests.test_final_uat_iter81.TestReports9Tabs" name="test_groups_report" time="0.125" /><testcase classname="backend.tests.test_final_uat_iter81.TestReports9Tabs" name="test_checkin_report" time="0.114" /><testcase classname="backend.tests.test_final_uat_iter81.TestReports9Tabs" name="test_cafe_merch_report" time="0.105" /><testcase classname="backend.tests.test_final_uat_iter81.TestReports9Tabs" name="test_membership_report" time="0.139" /><testcase classname="backend.tests.test_final_uat_iter81.TestReports9Tabs" name="test_cross_analysis_report" time="0.149" /><testcase classname="backend.tests.test_final_uat_iter81.TestReports9Tabs" name="test_audit_log" time="0.113" /><testcase classname="backend.tests.test_final_uat_iter81.TestCustomReport" name="test_custom_reports_get_exists" time="0.145" /><testcase classname="backend.tests.test_final_uat_iter81.TestCustomReport" name="test_custom_report_preview_works" time="0.108" /><testcase classname="backend.tests.test_final_uat_iter81.TestCustomReport" name="test_custom_report_save_and_list" time="0.268" /><testcase classname="backend.tests.test_final_uat_iter81.TestCrossTenantIsolation" name="test_potters_house_cannot_see_abundant_giving" time="0.131" /><testcase classname="backend.tests.test_final_uat_iter81.TestCrossTenantIsolation" name="test_people_list_is_tenant_scoped" time="0.286" /><testcase classname="backend.tests.test_final_uat_iter81.TestCrossTenantIsolation" name="test_dashboard_data_is_tenant_scoped" time="0.232" /><testcase classname="backend.tests.test_final_uat_iter81.TestPerformance" name="test_health_endpoint_is_fast" time="0.117" /><testcase classname="backend.tests.test_final_uat_iter81.TestPerformance" name="test_dashboard_stats_under_5s" time="0.107" /><testcase classname="backend.tests.test_final_uat_iter81.TestPerformance" name="test_platform_stats_under_5s" time="6.256" /><testcase classname="backend.tests.test_final_uat_iter81.TestSolomonChatActions" name="test_solomon_chat_responds" time="5.917" /><testcase classname="backend.tests.test_final_uat_iter81.TestSolomonChatActions" name="test_solomon_donate_action" time="3.561" /><testcase classname="backend.tests.test_final_uat_iter81.TestSolomonChatActions" name="test_recurring_giving_pause_action_type_exists" time="0.175" /><testcase classname="backend.tests.test_final_uat_iter81.TestSolomonChatActions" name="test_generate_statement_action_type_exists" time="0.155" /><testcase classname="backend.tests.test_final_uat_iter81.TestSolomonChatActions" name="test_prayer_request_action_type_exists" time="0.104" /><testcase classname="backend.tests.test_final_uat_iter81.TestSolomonChatActions" name="test_group_leave_action_type_exists" time="0.132" /><testcase classname="backend.tests.test_final_uat_iter81.TestPortal" name="test_portal_auth_me_works" time="0.154" /><testcase classname="backend.tests.test_final_uat_iter81.TestPortal" name="test_portal_giving_tenant_name" time="0.157" /><testcase classname="backend.tests.test_final_uat_iter81.TestPortal" name="test_bidirectional_donation_flow" time="0.215" /><testcase classname="backend.tests.test_final_uat_iter81.TestWorkflows" name="test_workflows_list" time="0.106" /><testcase classname="backend.tests.test_final_uat_iter81.TestWorkflows" name="test_create_workflow" time="0.107" /><testcase classname="backend.tests.test_final_uat_iter81.TestCheckIn" name="test_checkin_setup_endpoint" time="0.146" /></testsuite></testsuites>