<?xml version="1.0" encoding="utf-8"?><testsuites name="pytest tests"><testsuite name="pytest" errors="0" failures="0" skipped="0" tests="18" time="10.285" timestamp="2026-03-16T16:42:24.257480+00:00" hostname="agent-env-4e51edc0-2afe-46a1-af93-5c67b309c79a"><testcase classname="backend.tests.test_phase4_features_iter38.TestLoginTokenAliases" name="test_login_returns_all_token_aliases" time="0.175" /><testcase classname="backend.tests.test_phase4_features_iter38.TestLoginTokenAliases" name="test_all_demo_accounts_login" time="0.635" /><testcase classname="backend.tests.test_phase4_features_iter38.TestPlatformAdmin" name="test_platform_stats_includes_mrr_arr" time="0.651" /><testcase classname="backend.tests.test_phase4_features_iter38.TestPlatformAdmin" name="test_platform_organizations_list" time="0.209" /><testcase classname="backend.tests.test_phase4_features_iter38.TestPlatformAdmin" name="test_campus_comparison_view" time="0.304" /><testcase classname="backend.tests.test_phase4_features_iter38.TestPlatformAdmin" name="test_platform_health_banner" time="0.242" /><testcase classname="backend.tests.test_phase4_features_iter38.TestAdminDashboardStats" name="test_abundant_east_stats_20k" time="0.238" /><testcase classname="backend.tests.test_phase4_features_iter38.TestAdminDashboardStats" name="test_abundant_downtown_stats_18k" time="0.211" /><testcase classname="backend.tests.test_phase4_features_iter38.TestBugFixes" name="test_bug_a_kids_checkins_today" time="3.695" /><testcase classname="backend.tests.test_phase4_features_iter38.TestBugFixes" name="test_bug_b_geofence_config" time="0.252" /><testcase classname="backend.tests.test_phase4_features_iter38.TestBugFixes" name="test_bug_c_my_groups" time="0.276" /><testcase classname="backend.tests.test_phase4_features_iter38.TestGivingNudge" name="test_cafe_items_available" time="0.233" /><testcase classname="backend.tests.test_phase4_features_iter38.TestGivingNudge" name="test_merch_products_available" time="0.229" /><testcase classname="backend.tests.test_phase4_features_iter38.TestGivingNudge" name="test_checkout_with_giving_endpoint" time="0.319" /><testcase classname="backend.tests.test_phase4_features_iter38.TestAdminPortalAccess" name="test_admin_can_access_portal_groups" time="1.868" /><testcase classname="backend.tests.test_phase4_features_iter38.TestAdminPortalAccess" name="test_admin_can_access_portal_cafe" time="0.207" /><testcase classname="backend.tests.test_phase4_features_iter38.TestTenantIsolation" name="test_cristo_viene_isolation" time="0.207" /><testcase classname="backend.tests.test_phase4_features_iter38.TestTenantIsolation" name="test_abundant_isolation_from_cristo" time="0.238" /></testsuite></testsuites>