<?xml version="1.0" encoding="utf-8"?><testsuites name="pytest tests"><testsuite name="pytest" errors="0" failures="0" skipped="0" tests="12" time="4.020" timestamp="2026-02-19T02:53:27.923003+00:00" hostname="agent-env-3caec3f6-e7a5-4a08-940d-025ee0752dad"><testcase classname="backend.tests.test_integrations_iter4.TestStripePayments" name="test_create_donation_checkout_valid" time="0.679" /><testcase classname="backend.tests.test_integrations_iter4.TestStripePayments" name="test_create_donation_checkout_custom_amount" time="1.004" /><testcase classname="backend.tests.test_integrations_iter4.TestStripePayments" name="test_create_donation_checkout_invalid_amount" time="0.177" /><testcase classname="backend.tests.test_integrations_iter4.TestStripePayments" name="test_create_donation_checkout_invalid_package" time="0.156" /><testcase classname="backend.tests.test_integrations_iter4.TestStripePayments" name="test_payment_status_endpoint" time="0.816" /><testcase classname="backend.tests.test_integrations_iter4.TestStripePayments" name="test_payment_status_invalid_session" time="0.336" /><testcase classname="backend.tests.test_integrations_iter4.TestTwilioSMS" name="test_send_sms_individual" time="0.134" /><testcase classname="backend.tests.test_integrations_iter4.TestTwilioSMS" name="test_send_sms_bulk" time="0.147" /><testcase classname="backend.tests.test_integrations_iter4.TestTwilioSMS" name="test_sms_templates" time="0.107" /><testcase classname="backend.tests.test_integrations_iter4.TestExistingEndpoints" name="test_funds_endpoint" time="0.111" /><testcase classname="backend.tests.test_integrations_iter4.TestExistingEndpoints" name="test_giving_stats" time="0.131" /><testcase classname="backend.tests.test_integrations_iter4.TestExistingEndpoints" name="test_groups_endpoint" time="0.162" /></testsuite></testsuites>