<?xml version="1.0" encoding="utf-8"?><testsuites name="pytest tests"><testsuite name="pytest" errors="0" failures="0" skipped="0" tests="25" time="7.231" timestamp="2026-04-03T14:07:08.113830+00:00" hostname="agent-env-38042ce3-866b-43c2-91a8-5ed9b6212c45"><testcase classname="backend.tests.test_sections_h_to_w.TestHealthEndpoint" name="test_health_returns_ok" time="0.147" /><testcase classname="backend.tests.test_sections_h_to_w.TestHealthEndpoint" name="test_health_has_required_fields" time="0.143" /><testcase classname="backend.tests.test_sections_h_to_w.TestPlatformChurches" name="test_platform_churches_returns_array" time="1.373" /><testcase classname="backend.tests.test_sections_h_to_w.TestPlatformChurches" name="test_platform_churches_have_health_score" time="1.356" /><testcase classname="backend.tests.test_sections_h_to_w.TestPlatformChurches" name="test_platform_churches_requires_auth" time="0.123" /><testcase classname="backend.tests.test_sections_h_to_w.TestPlatformChurches" name="test_platform_churches_total_field" time="1.370" /><testcase classname="backend.tests.test_sections_h_to_w.TestAddNewChurch" name="test_create_church_returns_success" time="0.356" /><testcase classname="backend.tests.test_sections_h_to_w.TestAddNewChurch" name="test_create_church_requires_platform_admin" time="0.110" /><testcase classname="backend.tests.test_sections_h_to_w.TestAddNewChurch" name="test_create_church_duplicate_subdomain_rejected" time="0.102" /><testcase classname="backend.tests.test_sections_h_to_w.TestReportsTabs" name="test_giving_by_fund_report" time="0.136" /><testcase classname="backend.tests.test_sections_h_to_w.TestReportsTabs" name="test_attendance_report" time="0.104" /><testcase classname="backend.tests.test_sections_h_to_w.TestReportsTabs" name="test_groups_report" time="0.112" /><testcase classname="backend.tests.test_sections_h_to_w.TestReportsTabs" name="test_membership_report" time="0.117" /><testcase classname="backend.tests.test_sections_h_to_w.TestReportsTabs" name="test_executive_summary_report" time="0.117" /><testcase classname="backend.tests.test_sections_h_to_w.TestReportsTabs" name="test_audit_log_endpoint" time="0.142" /><testcase classname="backend.tests.test_sections_h_to_w.TestReportsTabs" name="test_audit_log_category_filter" time="0.099" /><testcase classname="backend.tests.test_sections_h_to_w.TestReportsTabs" name="test_kids_history_report" time="0.104" /><testcase classname="backend.tests.test_sections_h_to_w.TestReportsTabs" name="test_cafe_report" time="0.110" /><testcase classname="backend.tests.test_sections_h_to_w.TestBulkUpdatePeople" name="test_bulk_update_people_success" time="0.232" /><testcase classname="backend.tests.test_sections_h_to_w.TestBulkUpdatePeople" name="test_bulk_update_no_ids_returns_400" time="0.121" /><testcase classname="backend.tests.test_sections_h_to_w.TestBulkUpdatePeople" name="test_bulk_update_no_valid_fields_returns_400" time="0.233" /><testcase classname="backend.tests.test_sections_h_to_w.TestBulkUpdatePeople" name="test_bulk_update_requires_auth" time="0.129" /><testcase classname="backend.tests.test_sections_h_to_w.TestPlatformHealthScores" name="test_health_scores_endpoint" time="0.120" /><testcase classname="backend.tests.test_sections_h_to_w.TestServicesPlans" name="test_services_plans_endpoint" time="0.174" /><testcase classname="backend.tests.test_sections_h_to_w.TestMultiPaymentSelectorCode" name="test_multi_payment_selector_has_enter_card" time="0.006" /></testsuite></testsuites>