<?xml version="1.0" encoding="utf-8"?><testsuites name="pytest tests"><testsuite name="pytest" errors="0" failures="0" skipped="0" tests="29" time="7.477" timestamp="2026-03-13T23:11:04.409441+00:00" hostname="agent-env-1bbaae3d-de5a-48b9-81a1-7e221209f9f7"><testcase classname="backend.tests.test_mobile_web_audit_iter28.TestAuthFlow" name="test_login_returns_session_token" time="0.190" /><testcase classname="backend.tests.test_mobile_web_audit_iter28.TestAuthFlow" name="test_auth_me_with_bearer_token" time="0.250" /><testcase classname="backend.tests.test_mobile_web_audit_iter28.TestAuthFlow" name="test_auth_me_without_token_returns_401" time="0.116" /><testcase classname="backend.tests.test_mobile_web_audit_iter28.TestAuthFlow" name="test_admin_login_returns_session_token" time="0.123" /><testcase classname="backend.tests.test_mobile_web_audit_iter28.TestPortalProfileEndpoints" name="test_get_portal_profile" time="0.350" /><testcase classname="backend.tests.test_mobile_web_audit_iter28.TestPortalProfileEndpoints" name="test_put_portal_profile_update" time="0.247" /><testcase classname="backend.tests.test_mobile_web_audit_iter28.TestPortalAttendanceEndpoints" name="test_get_attendance_streak" time="0.253" /><testcase classname="backend.tests.test_mobile_web_audit_iter28.TestPortalAttendanceEndpoints" name="test_post_attendance_checkin" time="0.247" /><testcase classname="backend.tests.test_mobile_web_audit_iter28.TestPortalAttendanceEndpoints" name="test_get_attendance_history" time="0.230" /><testcase classname="backend.tests.test_mobile_web_audit_iter28.TestPortalCafeEndpoints" name="test_get_cafe_menu" time="0.264" /><testcase classname="backend.tests.test_mobile_web_audit_iter28.TestPortalCafeEndpoints" name="test_post_cafe_order" time="0.354" /><testcase classname="backend.tests.test_mobile_web_audit_iter28.TestPortalMediaEndpoints" name="test_get_media_sermons" time="0.269" /><testcase classname="backend.tests.test_mobile_web_audit_iter28.TestPortalKidsEndpoints" name="test_get_portal_kids_children" time="0.244" /><testcase classname="backend.tests.test_mobile_web_audit_iter28.TestPortalKidsEndpoints" name="test_post_portal_kids_children_create" time="0.298" /><testcase classname="backend.tests.test_mobile_web_audit_iter28.TestPortalKidsEndpoints" name="test_post_portal_kids_checkin" time="0.407" /><testcase classname="backend.tests.test_mobile_web_audit_iter28.TestPortalEventsRegistered" name="test_get_portal_events_registered" time="0.246" /><testcase classname="backend.tests.test_mobile_web_audit_iter28.TestPortalGroupsMine" name="test_get_portal_groups_mine" time="0.275" /><testcase classname="backend.tests.test_mobile_web_audit_iter28.TestPortalGivingYTD" name="test_get_portal_giving_ytd" time="0.244" /><testcase classname="backend.tests.test_mobile_web_audit_iter28.TestAdminAttendanceToday" name="test_get_admin_attendance_today" time="0.228" /><testcase classname="backend.tests.test_mobile_web_audit_iter28.TestAdminQRGenerate" name="test_get_admin_qr_generate" time="0.260" /><testcase classname="backend.tests.test_mobile_web_audit_iter28.TestRegressionPublicEndpoints" name="test_get_api_root" time="0.129" /><testcase classname="backend.tests.test_mobile_web_audit_iter28.TestRegressionPublicEndpoints" name="test_get_api_events" time="0.119" /><testcase classname="backend.tests.test_mobile_web_audit_iter28.TestRegressionPublicEndpoints" name="test_get_api_groups" time="1.084" /><testcase classname="backend.tests.test_mobile_web_audit_iter28.TestRegressionPortalAuthRequired" name="test_get_portal_giving_history" time="0.234" /><testcase classname="backend.tests.test_mobile_web_audit_iter28.TestRegressionPortalAuthRequired" name="test_get_portal_merch_products" time="0.243" /><testcase classname="backend.tests.test_mobile_web_audit_iter28.TestBearerTokenRequired" name="test_portal_profile_requires_auth" time="0.127" /><testcase classname="backend.tests.test_mobile_web_audit_iter28.TestBearerTokenRequired" name="test_portal_attendance_streak_requires_auth" time="0.115" /><testcase classname="backend.tests.test_mobile_web_audit_iter28.TestBearerTokenRequired" name="test_admin_attendance_today_requires_auth" time="0.104" /><testcase classname="backend.tests.test_mobile_web_audit_iter28.TestBearerTokenRequired" name="test_admin_qr_generate_requires_auth" time="0.126" /></testsuite></testsuites>