<?xml version="1.0" encoding="utf-8"?><testsuites name="pytest tests"><testsuite name="pytest" errors="0" failures="0" skipped="17" tests="24" time="4.447" timestamp="2026-04-02T18:52:32.987644+00:00" hostname="agent-env-04f61e92-9cd4-4658-8eb5-0186037e3838"><testcase classname="backend.tests.test_refactoring_iter76.TestHealthEndpoints" name="test_health_check" time="0.172" /><testcase classname="backend.tests.test_refactoring_iter76.TestHealthEndpoints" name="test_tenant_info" time="0.176" /><testcase classname="backend.tests.test_refactoring_iter76.TestAuthentication" name="test_platform_admin_login" time="0.354" /><testcase classname="backend.tests.test_refactoring_iter76.TestAuthentication" name="test_church_admin_login" time="0.340" /><testcase classname="backend.tests.test_refactoring_iter76.TestAuthentication" name="test_portal_member_login" time="0.373" /><testcase classname="backend.tests.test_refactoring_iter76.TestDashboardAPIs" name="test_dashboard_stats" time="0.468" /><testcase classname="backend.tests.test_refactoring_iter76.TestDashboardAPIs" name="test_giving_stats" time="0.468" /><testcase classname="backend.tests.test_refactoring_iter76.TestDashboardAPIs" name="test_attendance_trend" time="0.117"><skipped type="pytest.skip" message="Auth failed">/app/backend/tests/test_refactoring_iter76.py:97: Auth failed</skipped></testcase><testcase classname="backend.tests.test_refactoring_iter76.TestSeedDataIntegrity" name="test_funds_exist" time="0.148"><skipped type="pytest.skip" message="Auth failed">/app/backend/tests/test_refactoring_iter76.py:116: Auth failed</skipped></testcase><testcase classname="backend.tests.test_refactoring_iter76.TestSeedDataIntegrity" name="test_members_exist" time="0.126"><skipped type="pytest.skip" message="Auth failed">/app/backend/tests/test_refactoring_iter76.py:126: Auth failed</skipped></testcase><testcase classname="backend.tests.test_refactoring_iter76.TestSeedDataIntegrity" name="test_groups_exist" time="0.115"><skipped type="pytest.skip" message="Auth failed">/app/backend/tests/test_refactoring_iter76.py:136: Auth failed</skipped></testcase><testcase classname="backend.tests.test_refactoring_iter76.TestServicesAPI" name="test_service_plans" time="0.109"><skipped type="pytest.skip" message="Auth failed">/app/backend/tests/test_refactoring_iter76.py:158: Auth failed</skipped></testcase><testcase classname="backend.tests.test_refactoring_iter76.TestServicesAPI" name="test_service_types" time="0.109"><skipped type="pytest.skip" message="Auth failed">/app/backend/tests/test_refactoring_iter76.py:165: Auth failed</skipped></testcase><testcase classname="backend.tests.test_refactoring_iter76.TestKidsCheckinAPI" name="test_kids_checkins" time="0.100"><skipped type="pytest.skip" message="Auth failed">/app/backend/tests/test_refactoring_iter76.py:184: Auth failed</skipped></testcase><testcase classname="backend.tests.test_refactoring_iter76.TestKidsCheckinAPI" name="test_all_kids" time="0.132"><skipped type="pytest.skip" message="Auth failed">/app/backend/tests/test_refactoring_iter76.py:191: Auth failed</skipped></testcase><testcase classname="backend.tests.test_refactoring_iter76.TestPathwaysAPI" name="test_pathways_courses" time="0.115"><skipped type="pytest.skip" message="Auth failed">/app/backend/tests/test_refactoring_iter76.py:210: Auth failed</skipped></testcase><testcase classname="backend.tests.test_refactoring_iter76.TestPathwaysAPI" name="test_next_steps_approvals" time="0.112"><skipped type="pytest.skip" message="Auth failed">/app/backend/tests/test_refactoring_iter76.py:219: Auth failed</skipped></testcase><testcase classname="backend.tests.test_refactoring_iter76.TestPlatformAdminAPIs" name="test_platform_stats" time="0.116"><skipped type="pytest.skip" message="Platform auth failed">/app/backend/tests/test_refactoring_iter76.py:238: Platform auth failed</skipped></testcase><testcase classname="backend.tests.test_refactoring_iter76.TestPlatformAdminAPIs" name="test_platform_organizations" time="0.131"><skipped type="pytest.skip" message="Platform auth failed">/app/backend/tests/test_refactoring_iter76.py:245: Platform auth failed</skipped></testcase><testcase classname="backend.tests.test_refactoring_iter76.TestPortalAPIs" name="test_portal_media" time="0.135"><skipped type="pytest.skip" message="Member auth failed">/app/backend/tests/test_refactoring_iter76.py:264: Member auth failed</skipped></testcase><testcase classname="backend.tests.test_refactoring_iter76.TestPortalAPIs" name="test_portal_prayer" time="0.114"><skipped type="pytest.skip" message="Member auth failed">/app/backend/tests/test_refactoring_iter76.py:271: Member auth failed</skipped></testcase><testcase classname="backend.tests.test_refactoring_iter76.TestPortalAPIs" name="test_portal_merch" time="0.121"><skipped type="pytest.skip" message="Member auth failed">/app/backend/tests/test_refactoring_iter76.py:278: Member auth failed</skipped></testcase><testcase classname="backend.tests.test_refactoring_iter76.TestPortalAPIs" name="test_portal_directory" time="0.095"><skipped type="pytest.skip" message="Member auth failed">/app/backend/tests/test_refactoring_iter76.py:285: Member auth failed</skipped></testcase><testcase classname="backend.tests.test_refactoring_iter76.TestSolomonAI" name="test_solomon_chat" time="0.111"><skipped type="pytest.skip" message="Member auth failed">/app/backend/tests/test_refactoring_iter76.py:304: Member auth failed</skipped></testcase></testsuite></testsuites>