<?xml version="1.0" encoding="utf-8"?><testsuites name="pytest tests"><testsuite name="pytest" errors="0" failures="0" skipped="0" tests="10" time="29.191" timestamp="2026-04-02T16:10:15.798674+00:00" hostname="agent-env-89371149-cae7-4bc7-88af-a165bb874661"><testcase classname="backend.tests.test_platform_revenue.TestPlatformRevenue" name="test_revenue_endpoint_requires_auth" time="0.228" /><testcase classname="backend.tests.test_platform_revenue.TestPlatformRevenue" name="test_revenue_endpoint_requires_platform_admin" time="0.479" /><testcase classname="backend.tests.test_platform_revenue.TestPlatformRevenue" name="test_revenue_endpoint_success_for_platform_admin" time="3.848" /><testcase classname="backend.tests.test_platform_revenue.TestPlatformRevenue" name="test_revenue_summary_fields" time="3.511" /><testcase classname="backend.tests.test_platform_revenue.TestPlatformRevenue" name="test_revenue_volume_exceeds_threshold" time="3.531" /><testcase classname="backend.tests.test_platform_revenue.TestPlatformRevenue" name="test_revenue_fees_exceed_threshold" time="3.503" /><testcase classname="backend.tests.test_platform_revenue.TestPlatformRevenue" name="test_revenue_has_8_churches" time="3.511" /><testcase classname="backend.tests.test_platform_revenue.TestPlatformRevenue" name="test_revenue_by_year_has_3_years" time="3.483" /><testcase classname="backend.tests.test_platform_revenue.TestPlatformRevenue" name="test_revenue_by_church_structure" time="3.518" /><testcase classname="backend.tests.test_platform_revenue.TestPlatformRevenue" name="test_revenue_by_church_year_structure" time="3.513" /></testsuite></testsuites>