<?xml version="1.0" encoding="utf-8"?><testsuites name="pytest tests"><testsuite name="pytest" errors="0" failures="0" skipped="0" tests="19" time="3.720" timestamp="2026-03-26T15:34:23.203962+00:00" hostname="agent-env-1d1c88a4-8dc7-4ffb-9358-5116d58df204"><testcase classname="backend.tests.test_iter50_landing_signup_demo.TestWaitlistEndpoint" name="test_waitlist_success" time="0.341" /><testcase classname="backend.tests.test_iter50_landing_signup_demo.TestWaitlistEndpoint" name="test_waitlist_duplicate_email" time="0.276" /><testcase classname="backend.tests.test_iter50_landing_signup_demo.TestWaitlistEndpoint" name="test_waitlist_missing_email" time="0.121" /><testcase classname="backend.tests.test_iter50_landing_signup_demo.TestDemoRequestEndpoint" name="test_demo_request_success" time="0.108" /><testcase classname="backend.tests.test_iter50_landing_signup_demo.TestDemoRequestEndpoint" name="test_demo_request_minimal_fields" time="0.120" /><testcase classname="backend.tests.test_iter50_landing_signup_demo.TestDemoRequestEndpoint" name="test_demo_request_missing_required" time="0.224" /><testcase classname="backend.tests.test_iter50_landing_signup_demo.TestRegisterChurchEndpoint" name="test_register_church_success" time="0.159" /><testcase classname="backend.tests.test_iter50_landing_signup_demo.TestRegisterChurchEndpoint" name="test_register_church_minimal_fields" time="0.132" /><testcase classname="backend.tests.test_iter50_landing_signup_demo.TestRegisterChurchEndpoint" name="test_register_church_duplicate_email" time="0.298" /><testcase classname="backend.tests.test_iter50_landing_signup_demo.TestRegisterChurchEndpoint" name="test_register_church_missing_required" time="0.116" /><testcase classname="backend.tests.test_iter50_landing_signup_demo.TestWarRoomEndpoint" name="test_war_room_returns_data" time="0.238" /><testcase classname="backend.tests.test_iter50_landing_signup_demo.TestWarRoomEndpoint" name="test_war_room_counters" time="0.235" /><testcase classname="backend.tests.test_iter50_landing_signup_demo.TestWarRoomEndpoint" name="test_war_room_activity_feed" time="0.266" /><testcase classname="backend.tests.test_iter50_landing_signup_demo.TestWarRoomEndpoint" name="test_war_room_giving_trend" time="0.284" /><testcase classname="backend.tests.test_iter50_landing_signup_demo.TestWarRoomEndpoint" name="test_war_room_seed_data_values" time="0.288" /><testcase classname="backend.tests.test_iter50_landing_signup_demo.TestWarRoomEndpoint" name="test_war_room_unauthorized" time="0.111" /><testcase classname="backend.tests.test_iter50_landing_signup_demo.TestLoginEndpoint" name="test_login_shannon" time="0.112" /><testcase classname="backend.tests.test_iter50_landing_signup_demo.TestLoginEndpoint" name="test_login_platform_admin" time="0.105" /><testcase classname="backend.tests.test_iter50_landing_signup_demo.TestLoginEndpoint" name="test_login_invalid_credentials" time="0.107" /></testsuite></testsuites>