<?xml version="1.0" encoding="utf-8"?><testsuites name="pytest tests"><testsuite name="pytest" errors="0" failures="0" skipped="0" tests="9" time="3.364" timestamp="2026-04-17T23:38:03.315224+00:00" hostname="agent-env-fb967235-4fa3-421b-afe6-43fdbaa83351"><testcase classname="backend.tests.test_stripe_connect_iter93.TestStripeConfig" name="test_stripe_config_returns_correct_values" time="0.254" /><testcase classname="backend.tests.test_stripe_connect_iter93.TestStripeCheckoutGiving" name="test_checkout_giving_returns_stripe_url" time="0.838" /><testcase classname="backend.tests.test_stripe_connect_iter93.TestStripeCheckoutGiving" name="test_checkout_giving_creates_payment_transaction" time="0.746" /><testcase classname="backend.tests.test_stripe_connect_iter93.TestStripeCheckoutGiving" name="test_checkout_giving_with_cover_fees" time="0.450" /><testcase classname="backend.tests.test_stripe_connect_iter93.TestStripeCheckoutGiving" name="test_checkout_giving_minimum_amount_validation" time="0.052" /><testcase classname="backend.tests.test_stripe_connect_iter93.TestStripeCheckoutStatus" name="test_checkout_status_for_valid_session" time="0.701" /><testcase classname="backend.tests.test_stripe_connect_iter93.TestStripeWebhook" name="test_webhook_endpoint_exists_and_accepts_post" time="0.058" /><testcase classname="backend.tests.test_stripe_connect_iter93.TestSolomonPayRegression" name="test_solomonpay_process_endpoint_exists" time="0.058" /><testcase classname="backend.tests.test_stripe_connect_iter93.TestSolomonPayRegression" name="test_solomonpay_process_with_saved_card" time="0.139" /></testsuite></testsuites>