<?xml version="1.0" encoding="utf-8"?><testsuites name="pytest tests"><testsuite name="pytest" errors="0" failures="0" skipped="0" tests="19" time="6.017" timestamp="2026-02-19T00:45:24.176607+00:00" hostname="agent-env-3caec3f6-e7a5-4a08-940d-025ee0752dad"><testcase classname="backend.tests.test_ui_features.TestBasicAPIs" name="test_api_root" time="0.174" /><testcase classname="backend.tests.test_ui_features.TestBasicAPIs" name="test_tenant_endpoint" time="0.138" /><testcase classname="backend.tests.test_ui_features.TestDashboardAPIs" name="test_dashboard_stats" time="0.342" /><testcase classname="backend.tests.test_ui_features.TestDashboardAPIs" name="test_dashboard_giving_trend" time="0.241" /><testcase classname="backend.tests.test_ui_features.TestDashboardAPIs" name="test_dashboard_attendance_trend" time="2.258" /><testcase classname="backend.tests.test_ui_features.TestDashboardAPIs" name="test_dashboard_activity" time="0.124" /><testcase classname="backend.tests.test_ui_features.TestDashboardAPIs" name="test_dashboard_upcoming_events" time="0.163" /><testcase classname="backend.tests.test_ui_features.TestPeopleAPIs" name="test_get_people_list" time="0.135" /><testcase classname="backend.tests.test_ui_features.TestPeopleAPIs" name="test_people_search" time="0.134" /><testcase classname="backend.tests.test_ui_features.TestPeopleAPIs" name="test_people_filter_by_status" time="0.129" /><testcase classname="backend.tests.test_ui_features.TestGroupsAPIs" name="test_get_groups_list" time="0.127" /><testcase classname="backend.tests.test_ui_features.TestGroupsAPIs" name="test_get_group_types" time="0.190" /><testcase classname="backend.tests.test_ui_features.TestGivingAPIs" name="test_giving_stats" time="0.170" /><testcase classname="backend.tests.test_ui_features.TestGivingAPIs" name="test_get_funds" time="0.142" /><testcase classname="backend.tests.test_ui_features.TestGivingAPIs" name="test_get_donations" time="0.670" /><testcase classname="backend.tests.test_ui_features.TestGivingAPIs" name="test_get_batches" time="0.162" /><testcase classname="backend.tests.test_ui_features.TestSearchAPI" name="test_global_search" time="0.144" /><testcase classname="backend.tests.test_ui_features.TestEventsAPIs" name="test_get_events" time="0.256" /><testcase classname="backend.tests.test_ui_features.TestCommunicationsAPIs" name="test_get_communications" time="0.126" /></testsuite></testsuites>