<?xml version="1.0" encoding="utf-8"?><testsuites name="pytest tests"><testsuite name="pytest" errors="0" failures="0" skipped="0" tests="15" time="1.544" timestamp="2026-03-09T17:15:54.438922+00:00" hostname="agent-env-7b89ebb2-f9b9-41d2-b530-14b136282b9c"><testcase classname="backend.tests.test_share_notes_features.TestVideoNotesCRUD" name="test_01_member_login_success" time="0.241" /><testcase classname="backend.tests.test_share_notes_features.TestVideoNotesCRUD" name="test_02_get_videos_for_notes" time="0.068" /><testcase classname="backend.tests.test_share_notes_features.TestVideoNotesCRUD" name="test_03_create_video_note" time="0.079" /><testcase classname="backend.tests.test_share_notes_features.TestVideoNotesCRUD" name="test_04_get_my_notes" time="0.058" /><testcase classname="backend.tests.test_share_notes_features.TestVideoNotesCRUD" name="test_05_get_notes_for_video" time="0.057" /><testcase classname="backend.tests.test_share_notes_features.TestVideoNotesCRUD" name="test_06_update_video_note" time="0.080" /><testcase classname="backend.tests.test_share_notes_features.TestVideoNotesCRUD" name="test_07_get_shared_notes" time="0.057" /><testcase classname="backend.tests.test_share_notes_features.TestNoteSharing" name="test_01_get_church_members_for_sharing" time="0.087" /><testcase classname="backend.tests.test_share_notes_features.TestNoteSharing" name="test_02_search_church_members" time="0.112" /><testcase classname="backend.tests.test_share_notes_features.TestNoteSharing" name="test_03_create_note_for_sharing" time="0.145" /><testcase classname="backend.tests.test_share_notes_features.TestNoteSharing" name="test_04_share_note_public" time="0.067" /><testcase classname="backend.tests.test_share_notes_features.TestNoteSharing" name="test_05_share_note_with_specific_users" time="0.112" /><testcase classname="backend.tests.test_share_notes_features.TestShareFeaturePrereqs" name="test_01_videos_have_required_fields_for_sharing" time="0.068" /><testcase classname="backend.tests.test_share_notes_features.TestShareFeaturePrereqs" name="test_02_get_user_session_info" time="0.056" /><testcase classname="backend.tests.test_share_notes_features.TestNoteCleanup" name="test_99_delete_test_notes" time="0.188" /></testsuite></testsuites>