<?xml version="1.0" encoding="utf-8"?><testsuites name="pytest tests"><testsuite name="pytest" errors="0" failures="1" skipped="4" tests="24" time="2.714" timestamp="2026-04-02T18:00:58.087382+00:00" hostname="agent-env-04f61e92-9cd4-4658-8eb5-0186037e3838"><testcase classname="backend.tests.test_code_quality_regression.TestHealthEndpoints" name="test_health_check" time="0.216" /><testcase classname="backend.tests.test_code_quality_regression.TestHealthEndpoints" name="test_launch_health_check" time="0.066" /><testcase classname="backend.tests.test_code_quality_regression.TestAuthenticationFlows" name="test_platform_admin_login" time="0.278" /><testcase classname="backend.tests.test_code_quality_regression.TestAuthenticationFlows" name="test_church_admin_login" time="0.281" /><testcase classname="backend.tests.test_code_quality_regression.TestAuthenticationFlows" name="test_portal_member_login" time="0.275" /><testcase classname="backend.tests.test_code_quality_regression.TestAdminServicesEndpoints" name="test_get_service_plans" time="0.329" /><testcase classname="backend.tests.test_code_quality_regression.TestAdminServicesEndpoints" name="test_get_service_types" time="0.053" /><testcase classname="backend.tests.test_code_quality_regression.TestAdminServicesEndpoints" name="test_duplicate_plan_with_none_payload" time="0.114" /><testcase classname="backend.tests.test_code_quality_regression.TestCommunicationsEndpoint" name="test_get_communications" time="0.047" /><testcase classname="backend.tests.test_code_quality_regression.TestCommunicationsEndpoint" name="test_create_communication_without_recipients" time="0.056" /><testcase classname="backend.tests.test_code_quality_regression.TestPlatformEndpoints" name="test_platform_stats" time="0.379" /><testcase classname="backend.tests.test_code_quality_regression.TestPlatformEndpoints" name="test_platform_organizations" time="0.049"><failure message="AssertionError: assert 'organizations' in [{'campuses': [{'active_members': 15400, 'cafe_orders_week': 200, 'groups': 264, 'location': 'Charlotte, NC', ...}, {'active_members': 12950, 'cafe_orders_week': 180, 'groups': 222, 'location': 'Charlotte, NC', ...}, {'active_members': 9800, 'cafe_orders_week': 120, 'groups': 168, 'location': 'Charlotte, NC', ...}], 'organization_id': 'abundant-org-001', 'organization_name': 'Abundant Church', 'total_members': 54500, ...}]">backend/tests/test_code_quality_regression.py:229: in test_platform_organizations
    assert "organizations" in data
E   AssertionError: assert 'organizations' in [{'campuses': [{'active_members': 15400, 'cafe_orders_week': 200, 'groups': 264, 'location': 'Charlotte, NC', ...}, {'active_members': 12950, 'cafe_orders_week': 180, 'groups': 222, 'location': 'Charlotte, NC', ...}, {'active_members': 9800, 'cafe_orders_week': 120, 'groups': 168, 'location': 'Charlotte, NC', ...}], 'organization_id': 'abundant-org-001', 'organization_name': 'Abundant Church', 'total_members': 54500, ...}]</failure></testcase><testcase classname="backend.tests.test_code_quality_regression.TestPlatformEndpoints" name="test_platform_health" time="0.055" /><testcase classname="backend.tests.test_code_quality_regression.TestVolunteerEndpoints" name="test_portal_volunteer_opportunities" time="0.045"><skipped type="pytest.skip" message="Portal member authentication failed">/app/backend/tests/test_code_quality_regression.py:245: Portal member authentication failed</skipped></testcase><testcase classname="backend.tests.test_code_quality_regression.TestVolunteerEndpoints" name="test_portal_volunteer_leaderboard" time="0.000"><skipped type="pytest.skip" message="Portal member authentication failed">/app/backend/tests/test_code_quality_regression.py:256: Portal member authentication failed</skipped></testcase><testcase classname="backend.tests.test_code_quality_regression.TestDashboardEndpoints" name="test_dashboard_stats" time="0.051" /><testcase classname="backend.tests.test_code_quality_regression.TestDashboardEndpoints" name="test_dashboard_attendance_trend" time="0.046" /><testcase classname="backend.tests.test_code_quality_regression.TestDashboardEndpoints" name="test_dashboard_giving_trend" time="0.047" /><testcase classname="backend.tests.test_code_quality_regression.TestPortalMediaEndpoints" name="test_portal_media_videos" time="0.000"><skipped type="pytest.skip" message="Portal member authentication failed">/app/backend/tests/test_code_quality_regression.py:299: Portal member authentication failed</skipped></testcase><testcase classname="backend.tests.test_code_quality_regression.TestPortalPrayerEndpoints" name="test_portal_prayer_wall" time="0.000"><skipped type="pytest.skip" message="Portal member authentication failed">/app/backend/tests/test_code_quality_regression.py:314: Portal member authentication failed</skipped></testcase><testcase classname="backend.tests.test_code_quality_regression.TestGivingEndpoints" name="test_giving_stats" time="0.063" /><testcase classname="backend.tests.test_code_quality_regression.TestGivingEndpoints" name="test_funds" time="0.051" /><testcase classname="backend.tests.test_code_quality_regression.TestTenantEndpoints" name="test_tenant_info" time="0.052" /><testcase classname="backend.tests.test_code_quality_regression.TestTenantEndpoints" name="test_tenants_list" time="0.061" /></testsuite></testsuites>