<?xml version="1.0" encoding="utf-8"?><testsuites name="pytest tests"><testsuite name="pytest" errors="0" failures="0" skipped="0" tests="8" time="3.296" timestamp="2026-04-08T23:52:07.426697+00:00" hostname="agent-env-ac927fdc-085e-469f-9a3f-f17d8c985702"><testcase classname="backend.tests.test_demo_fixes_iter87.TestWatchPageVideos" name="test_videos_endpoint_returns_data" time="0.431" /><testcase classname="backend.tests.test_demo_fixes_iter87.TestWatchPageVideos" name="test_videos_have_required_fields" time="0.404" /><testcase classname="backend.tests.test_demo_fixes_iter87.TestAggregateDashboard" name="test_shannon_can_access_aggregate_dashboard" time="0.418" /><testcase classname="backend.tests.test_demo_fixes_iter87.TestAggregateDashboard" name="test_aggregate_shows_campus_breakdown" time="0.407" /><testcase classname="backend.tests.test_demo_fixes_iter87.TestAggregateDashboard" name="test_aggregate_member_counts" time="0.441" /><testcase classname="backend.tests.test_demo_fixes_iter87.TestKidsCheckinReset" name="test_member_has_no_active_checkins" time="0.384" /><testcase classname="backend.tests.test_demo_fixes_iter87.TestKidsCheckinReset" name="test_member_checkin_history_empty" time="0.378" /><testcase classname="backend.tests.test_demo_fixes_iter87.TestDemoAccountFlags" name="test_member_auth_me_returns_user_data" time="0.368" /></testsuite></testsuites>