<?xml version="1.0" encoding="utf-8"?><testsuites name="pytest tests"><testsuite name="pytest" errors="0" failures="2" skipped="0" tests="25" time="3.262" timestamp="2026-03-27T21:11:44.139250+00:00" hostname="agent-env-b4f72748-f66c-497d-9987-7ec0257678c1"><testcase classname="backend.tests.test_iter54_solomonpay_leads.TestSolomonPayProcess" name="test_process_payment_success_visa" time="0.611" /><testcase classname="backend.tests.test_iter54_solomonpay_leads.TestSolomonPayProcess" name="test_process_payment_mastercard" time="0.116" /><testcase classname="backend.tests.test_iter54_solomonpay_leads.TestSolomonPayProcess" name="test_process_payment_amex" time="0.073" /><testcase classname="backend.tests.test_iter54_solomonpay_leads.TestSolomonPayProcess" name="test_process_payment_validates_positive_amount" time="0.124" /><testcase classname="backend.tests.test_iter54_solomonpay_leads.TestSolomonPayProcess" name="test_process_payment_validates_negative_amount" time="0.113" /><testcase classname="backend.tests.test_iter54_solomonpay_leads.TestSolomonPayProcess" name="test_process_payment_cafe_context" time="0.063" /><testcase classname="backend.tests.test_iter54_solomonpay_leads.TestSolomonPayProcess" name="test_process_payment_merch_context" time="0.071" /><testcase classname="backend.tests.test_iter54_solomonpay_leads.TestSolomonPayProcess" name="test_process_payment_without_auth" time="0.073" /><testcase classname="backend.tests.test_iter54_solomonpay_leads.TestSolomonPayProcess" name="test_process_payment_with_save_card" time="0.084" /><testcase classname="backend.tests.test_iter54_solomonpay_leads.TestSolomonPayTransactions" name="test_get_transactions_as_church_admin" time="0.146" /><testcase classname="backend.tests.test_iter54_solomonpay_leads.TestSolomonPayTransactions" name="test_get_transactions_as_platform_admin" time="0.191" /><testcase classname="backend.tests.test_iter54_solomonpay_leads.TestSolomonPayTransactions" name="test_get_transactions_unauthorized" time="0.057" /><testcase classname="backend.tests.test_iter54_solomonpay_leads.TestSolomonPayTransactions" name="test_get_transactions_no_auth" time="0.058"><failure message="AssertionError: Expected 401/403, got 200&#10;assert 200 in [401, 403]&#10; +  where 200 = &lt;Response [200]&gt;.status_code">backend/tests/test_iter54_solomonpay_leads.py:334: in test_get_transactions_no_auth
    assert response.status_code in [401, 403], f"Expected 401/403, got {response.status_code}"
E   AssertionError: Expected 401/403, got 200
E   assert 200 in [401, 403]
E    +  where 200 = &lt;Response [200]&gt;.status_code</failure></testcase><testcase classname="backend.tests.test_iter54_solomonpay_leads.TestLeadCapture" name="test_capture_lead_success" time="0.067" /><testcase classname="backend.tests.test_iter54_solomonpay_leads.TestLeadCapture" name="test_capture_lead_required_fields_only" time="0.056" /><testcase classname="backend.tests.test_iter54_solomonpay_leads.TestLeadCapture" name="test_capture_lead_missing_church_name" time="0.052" /><testcase classname="backend.tests.test_iter54_solomonpay_leads.TestLeadCapture" name="test_capture_lead_missing_name" time="0.056" /><testcase classname="backend.tests.test_iter54_solomonpay_leads.TestLeadCapture" name="test_capture_lead_missing_email" time="0.059" /><testcase classname="backend.tests.test_iter54_solomonpay_leads.TestLeadCapture" name="test_capture_lead_all_software_options" time="0.451" /><testcase classname="backend.tests.test_iter54_solomonpay_leads.TestLeadCapture" name="test_capture_lead_all_size_options" time="0.279" /><testcase classname="backend.tests.test_iter54_solomonpay_leads.TestAdminLeads" name="test_get_leads_as_platform_admin" time="0.057" /><testcase classname="backend.tests.test_iter54_solomonpay_leads.TestAdminLeads" name="test_get_leads_as_church_admin_denied" time="0.059" /><testcase classname="backend.tests.test_iter54_solomonpay_leads.TestAdminLeads" name="test_get_leads_as_member_denied" time="0.060" /><testcase classname="backend.tests.test_iter54_solomonpay_leads.TestAdminLeads" name="test_get_leads_no_auth_denied" time="0.063"><failure message="AssertionError: Expected 401/403, got 200&#10;assert 200 in [401, 403]&#10; +  where 200 = &lt;Response [200]&gt;.status_code">backend/tests/test_iter54_solomonpay_leads.py:484: in test_get_leads_no_auth_denied
    assert response.status_code in [401, 403], f"Expected 401/403, got {response.status_code}"
E   AssertionError: Expected 401/403, got 200
E   assert 200 in [401, 403]
E    +  where 200 = &lt;Response [200]&gt;.status_code</failure></testcase><testcase classname="backend.tests.test_iter54_solomonpay_leads.TestAdminLeads" name="test_leads_contain_captured_data" time="0.115" /></testsuite></testsuites>