<?xml version="1.0" encoding="utf-8"?><testsuites name="pytest tests"><testsuite name="pytest" errors="0" failures="0" skipped="0" tests="21" time="14.439" timestamp="2026-04-17T22:48:52.002424+00:00" hostname="agent-env-fb967235-4fa3-421b-afe6-43fdbaa83351"><testcase classname="backend.tests.test_p1_p2_p3_iter91.TestCORSConfiguration" name="test_cors_origins_not_wildcard" time="0.000" /><testcase classname="backend.tests.test_p1_p2_p3_iter91.TestSessionTTL" name="test_login_creates_valid_session" time="0.565" /><testcase classname="backend.tests.test_p1_p2_p3_iter91.TestSessionTTL" name="test_dashboard_stats_with_session" time="0.396" /><testcase classname="backend.tests.test_p1_p2_p3_iter91.TestTenantIsolation" name="test_reports_attendance_scoped_to_tenant" time="0.050" /><testcase classname="backend.tests.test_p1_p2_p3_iter91.TestTenantIsolation" name="test_reports_giving_scoped_to_tenant" time="9.319" /><testcase classname="backend.tests.test_p1_p2_p3_iter91.TestTenantIsolation" name="test_reports_membership_scoped_to_tenant" time="0.077" /><testcase classname="backend.tests.test_p1_p2_p3_iter91.TestTenantIsolation" name="test_dashboard_activity_scoped_to_tenant" time="0.051" /><testcase classname="backend.tests.test_p1_p2_p3_iter91.TestCSVImportPlanningCenter" name="test_csv_parse_returns_headers_and_preview" time="0.191" /><testcase classname="backend.tests.test_p1_p2_p3_iter91.TestCSVImportPlanningCenter" name="test_csv_parse_with_address_columns" time="0.114" /><testcase classname="backend.tests.test_p1_p2_p3_iter91.TestDisputesScaffold" name="test_disputes_endpoint_returns_summary" time="0.057" /><testcase classname="backend.tests.test_p1_p2_p3_iter91.TestDisputesScaffold" name="test_disputes_requires_platform_admin" time="0.113" /><testcase classname="backend.tests.test_p1_p2_p3_iter91.TestFraudRiskScores" name="test_fraud_risk_scores_returns_summary" time="2.130" /><testcase classname="backend.tests.test_p1_p2_p3_iter91.TestFraudRiskScores" name="test_fraud_risk_requires_platform_admin" time="0.116" /><testcase classname="backend.tests.test_p1_p2_p3_iter91.TestLandingPageP3" name="test_landing_page_loads" time="0.119" /><testcase classname="backend.tests.test_p1_p2_p3_iter91.TestLandingPageP3" name="test_privacy_page_exists" time="0.114" /><testcase classname="backend.tests.test_p1_p2_p3_iter91.TestLandingPageP3" name="test_terms_page_exists" time="0.143" /><testcase classname="backend.tests.test_p1_p2_p3_iter91.TestLandingPageP3" name="test_security_page_exists" time="0.116" /><testcase classname="backend.tests.test_p1_p2_p3_iter91.TestLoginPageP3" name="test_login_page_loads" time="0.103" /><testcase classname="backend.tests.test_p1_p2_p3_iter91.TestLoginPageP3" name="test_forgot_password_endpoint" time="0.123" /><testcase classname="backend.tests.test_p1_p2_p3_iter91.TestAPIHealthAndBasics" name="test_health_endpoint" time="0.103" /><testcase classname="backend.tests.test_p1_p2_p3_iter91.TestAPIHealthAndBasics" name="test_login_works" time="0.354" /></testsuite></testsuites>