<?xml version="1.0" encoding="utf-8"?><testsuites name="pytest tests"><testsuite name="pytest" errors="0" failures="0" skipped="0" tests="12" time="2.071" timestamp="2026-02-27T06:36:49.935708+00:00" hostname="agent-env-5489fb1b-2504-4294-b67c-aa343adbc978"><testcase classname="backend.tests.test_pastor_meetings_pathways_iter11.TestAuth" name="test_admin_login_success" time="0.175" /><testcase classname="backend.tests.test_pastor_meetings_pathways_iter11.TestAuth" name="test_member_login_success" time="0.100" /><testcase classname="backend.tests.test_pastor_meetings_pathways_iter11.TestPastorMeetingsAdmin" name="test_admin_get_meeting_slots" time="0.164" /><testcase classname="backend.tests.test_pastor_meetings_pathways_iter11.TestPastorMeetingsAdmin" name="test_admin_create_meeting_slot" time="0.194" /><testcase classname="backend.tests.test_pastor_meetings_pathways_iter11.TestPastorMeetingsAdmin" name="test_admin_get_meetings" time="0.156" /><testcase classname="backend.tests.test_pastor_meetings_pathways_iter11.TestPastorMeetingsMember" name="test_member_get_available_slots" time="0.177" /><testcase classname="backend.tests.test_pastor_meetings_pathways_iter11.TestPastorMeetingsMember" name="test_member_get_their_meetings" time="0.175" /><testcase classname="backend.tests.test_pastor_meetings_pathways_iter11.TestPastorMeetingsMember" name="test_member_book_meeting" time="0.204" /><testcase classname="backend.tests.test_pastor_meetings_pathways_iter11.TestAbundantPathways" name="test_member_sees_courses" time="0.188" /><testcase classname="backend.tests.test_pastor_meetings_pathways_iter11.TestMerchStore" name="test_member_sees_products" time="0.159" /><testcase classname="backend.tests.test_pastor_meetings_pathways_iter11.TestCafe" name="test_member_sees_cafe_items" time="0.150" /><testcase classname="backend.tests.test_pastor_meetings_pathways_iter11.TestLeadershipNotes" name="test_member_can_submit_note" time="0.163" /></testsuite></testsuites>