<?xml version="1.0" encoding="utf-8"?><testsuites name="pytest tests"><testsuite name="pytest" errors="0" failures="0" skipped="0" tests="23" time="6.685" timestamp="2026-02-19T01:10:04.598918+00:00" hostname="agent-env-3caec3f6-e7a5-4a08-940d-025ee0752dad"><testcase classname="tests.test_api_iter3.TestHealthAndBasics" name="test_api_root" time="0.202" /><testcase classname="tests.test_api_iter3.TestHealthAndBasics" name="test_tenant_info" time="0.140" /><testcase classname="tests.test_api_iter3.TestAuthEndpoints" name="test_auth_me_without_session" time="0.163" /><testcase classname="tests.test_api_iter3.TestAuthEndpoints" name="test_auth_me_with_test_session" time="0.204" /><testcase classname="tests.test_api_iter3.TestAuthEndpoints" name="test_auth_logout" time="0.124" /><testcase classname="tests.test_api_iter3.TestDashboardAPIs" name="test_dashboard_stats" time="0.354" /><testcase classname="tests.test_api_iter3.TestDashboardAPIs" name="test_dashboard_giving_trend" time="0.264" /><testcase classname="tests.test_api_iter3.TestDashboardAPIs" name="test_dashboard_attendance_trend" time="2.293" /><testcase classname="tests.test_api_iter3.TestDashboardAPIs" name="test_dashboard_activity" time="0.130" /><testcase classname="tests.test_api_iter3.TestDashboardAPIs" name="test_dashboard_upcoming_events" time="0.152" /><testcase classname="tests.test_api_iter3.TestGivingAPIs" name="test_giving_stats" time="0.158" /><testcase classname="tests.test_api_iter3.TestGivingAPIs" name="test_donations_list" time="0.741" /><testcase classname="tests.test_api_iter3.TestGivingAPIs" name="test_funds_list" time="0.116" /><testcase classname="tests.test_api_iter3.TestGivingAPIs" name="test_batches_list" time="0.208" /><testcase classname="tests.test_api_iter3.TestPeopleAPIs" name="test_people_list" time="0.104" /><testcase classname="tests.test_api_iter3.TestPeopleAPIs" name="test_people_search" time="0.108" /><testcase classname="tests.test_api_iter3.TestPeopleAPIs" name="test_people_filter_by_status" time="0.140" /><testcase classname="tests.test_api_iter3.TestGroupsAPIs" name="test_groups_list" time="0.132" /><testcase classname="tests.test_api_iter3.TestGroupsAPIs" name="test_group_types" time="0.109" /><testcase classname="tests.test_api_iter3.TestEventsAPIs" name="test_events_list" time="0.176" /><testcase classname="tests.test_api_iter3.TestSearchAPI" name="test_global_search" time="0.120" /><testcase classname="tests.test_api_iter3.TestReportsAPIs" name="test_giving_by_fund_report" time="0.250" /><testcase classname="tests.test_api_iter3.TestReportsAPIs" name="test_membership_report" time="0.118" /></testsuite></testsuites>