<?xml version="1.0" encoding="utf-8"?><testsuites name="pytest tests"><testsuite name="pytest" errors="0" failures="0" skipped="0" tests="24" time="2.378" timestamp="2026-03-09T23:05:14.914960+00:00" hostname="agent-env-d9d19531-18ff-47bd-bd6a-d74634224cc2"><testcase classname="backend.tests.test_service_mode_prayer.TestServiceModeAPI" name="test_service_mode_returns_correct_structure" time="0.235" /><testcase classname="backend.tests.test_service_mode_prayer.TestServiceModeAPI" name="test_service_mode_today_is_correct" time="0.051" /><testcase classname="backend.tests.test_service_mode_prayer.TestServiceModeAPI" name="test_service_mode_requires_auth" time="0.120" /><testcase classname="backend.tests.test_service_mode_prayer.TestServiceCheckIn" name="test_checkin_in_person" time="0.063" /><testcase classname="backend.tests.test_service_mode_prayer.TestServiceCheckIn" name="test_checkin_already_checked_in_returns_existing" time="0.113" /><testcase classname="backend.tests.test_service_mode_prayer.TestServiceCheckIn" name="test_checkin_requires_auth" time="0.114" /><testcase classname="backend.tests.test_service_mode_prayer.TestAttendanceStreak" name="test_attendance_streak_returns_structure" time="0.059" /><testcase classname="backend.tests.test_service_mode_prayer.TestAttendanceStreak" name="test_streak_after_checkin" time="0.099" /><testcase classname="backend.tests.test_service_mode_prayer.TestAttendanceStreak" name="test_streak_requires_auth" time="0.140" /><testcase classname="backend.tests.test_service_mode_prayer.TestPrayerCategories" name="test_categories_returns_8_categories" time="0.050" /><testcase classname="backend.tests.test_service_mode_prayer.TestPrayerRequests" name="test_create_prayer_request" time="0.053" /><testcase classname="backend.tests.test_service_mode_prayer.TestPrayerRequests" name="test_get_my_prayer_requests" time="0.053" /><testcase classname="backend.tests.test_service_mode_prayer.TestPrayerRequests" name="test_create_private_prayer_request" time="0.049" /><testcase classname="backend.tests.test_service_mode_prayer.TestPrayerRequests" name="test_prayer_request_requires_auth" time="0.114" /><testcase classname="backend.tests.test_service_mode_prayer.TestPrayerWall" name="test_prayer_wall_returns_public_requests" time="0.056" /><testcase classname="backend.tests.test_service_mode_prayer.TestPrayerWall" name="test_prayer_wall_category_filter" time="0.065" /><testcase classname="backend.tests.test_service_mode_prayer.TestPrayerWall" name="test_prayer_wall_all_category_filter" time="0.064" /><testcase classname="backend.tests.test_service_mode_prayer.TestPrayerWall" name="test_prayer_wall_requires_auth" time="0.127" /><testcase classname="backend.tests.test_service_mode_prayer.TestPrayForRequest" name="test_pray_for_request" time="0.111" /><testcase classname="backend.tests.test_service_mode_prayer.TestPrayForRequest" name="test_pray_twice_returns_already_prayed" time="0.161" /><testcase classname="backend.tests.test_service_mode_prayer.TestPrayForRequest" name="test_pray_requires_auth" time="0.112" /><testcase classname="backend.tests.test_service_mode_prayer.TestAdminPrayerDashboard" name="test_admin_prayer_dashboard_access" time="0.176" /><testcase classname="backend.tests.test_service_mode_prayer.TestAdminPrayerDashboard" name="test_admin_prayer_dashboard_filter_by_status" time="0.064" /><testcase classname="backend.tests.test_service_mode_prayer.TestAdminPrayerDashboard" name="test_member_cannot_access_admin_prayer_dashboard" time="0.070" /></testsuite></testsuites>