<?xml version="1.0" encoding="utf-8"?><testsuites name="pytest tests"><testsuite name="pytest" errors="0" failures="0" skipped="0" tests="17" time="148.231" timestamp="2026-03-15T19:16:55.623116+00:00" hostname="agent-env-e505666a-e907-40a7-8405-0db3fb2980a7"><testcase classname="backend.tests.test_iter35_frontend_api.TestHealthCheck" name="test_launch_check_returns_ready" time="16.863" /><testcase classname="backend.tests.test_iter35_frontend_api.TestCORSHeaders" name="test_cors_allows_all_origins" time="0.160" /><testcase classname="backend.tests.test_iter35_frontend_api.TestCORSHeaders" name="test_cors_allows_methods" time="0.087" /><testcase classname="backend.tests.test_iter35_frontend_api.TestLoginAllAccounts" name="test_login_returns_token[member@abundant.church-Demo2026!-member-/portal]" time="9.204" /><testcase classname="backend.tests.test_iter35_frontend_api.TestLoginAllAccounts" name="test_login_returns_token[admin@abundant.church-Demo2026!-church_admin-/dashboard]" time="9.234" /><testcase classname="backend.tests.test_iter35_frontend_api.TestLoginAllAccounts" name="test_login_returns_token[admin@solomon.ai-Demo2026!-platform_admin-/platform]" time="9.251" /><testcase classname="backend.tests.test_iter35_frontend_api.TestLoginAllAccounts" name="test_login_returns_token[member@cristoviene.church-Demo2026!-member-/portal]" time="9.190" /><testcase classname="backend.tests.test_iter35_frontend_api.TestLoginAllAccounts" name="test_login_returns_token[admin@cristoviene.church-Demo2026!-church_admin-/dashboard]" time="9.299" /><testcase classname="backend.tests.test_iter35_frontend_api.TestLoginAllAccounts" name="test_login_returns_token[admin@pottershouse.church-Demo2026!-church_admin-/dashboard]" time="9.200" /><testcase classname="backend.tests.test_iter35_frontend_api.TestBearerTokenAuth" name="test_auth_me_with_bearer_token" time="9.441" /><testcase classname="backend.tests.test_iter35_frontend_api.TestBearerTokenAuth" name="test_portal_bootstrap_with_bearer_token" time="9.369" /><testcase classname="backend.tests.test_iter35_frontend_api.TestBearerTokenAuth" name="test_admin_dashboard_with_bearer_token" time="9.905" /><testcase classname="backend.tests.test_iter35_frontend_api.TestLogout" name="test_logout_clears_session" time="9.305" /><testcase classname="backend.tests.test_iter35_frontend_api.TestPortalEndpoints" name="test_portal_events" time="9.403" /><testcase classname="backend.tests.test_iter35_frontend_api.TestPortalEndpoints" name="test_portal_groups" time="9.459" /><testcase classname="backend.tests.test_iter35_frontend_api.TestPortalEndpoints" name="test_portal_announcements" time="9.405" /><testcase classname="backend.tests.test_iter35_frontend_api.TestPortalEndpoints" name="test_attendance_streak" time="9.336" /></testsuite></testsuites>