<?xml version="1.0" encoding="utf-8"?><testsuites name="pytest tests"><testsuite name="pytest" errors="0" failures="0" skipped="0" tests="18" time="2.102" timestamp="2026-03-13T18:28:05.267425+00:00" hostname="agent-env-660b3ed0-9295-4f79-a7d0-53dd78f64cdd"><testcase classname="tests.test_group_messaging_merch_iter26.TestAuthenticationFlows" name="test_admin_login" time="0.206" /><testcase classname="tests.test_group_messaging_merch_iter26.TestAuthenticationFlows" name="test_member_login" time="0.071" /><testcase classname="tests.test_group_messaging_merch_iter26.TestGroupMessagingAPI" name="test_get_group_messages_unauthenticated" time="0.131" /><testcase classname="tests.test_group_messaging_merch_iter26.TestGroupMessagingAPI" name="test_get_group_messages_authenticated" time="0.198" /><testcase classname="tests.test_group_messaging_merch_iter26.TestGroupMessagingAPI" name="test_post_group_message" time="0.073" /><testcase classname="tests.test_group_messaging_merch_iter26.TestGroupMessagingAPI" name="test_post_message_empty_text_rejected" time="0.095" /><testcase classname="tests.test_group_messaging_merch_iter26.TestGroupMessagingAPI" name="test_delete_message_own_message" time="0.183" /><testcase classname="tests.test_group_messaging_merch_iter26.TestGroupMessagingAPI" name="test_delete_message_unauthenticated" time="0.146" /><testcase classname="tests.test_group_messaging_merch_iter26.TestGroupMessagingAPI" name="test_delete_nonexistent_message" time="0.067" /><testcase classname="tests.test_group_messaging_merch_iter26.TestPortalGroupsAPI" name="test_get_portal_groups" time="0.157" /><testcase classname="tests.test_group_messaging_merch_iter26.TestPortalGroupsAPI" name="test_get_my_groups" time="0.063" /><testcase classname="tests.test_group_messaging_merch_iter26.TestMerchAPI" name="test_get_merch_products" time="0.086" /><testcase classname="tests.test_group_messaging_merch_iter26.TestEventsAPI" name="test_get_portal_events" time="0.089" /><testcase classname="tests.test_group_messaging_merch_iter26.TestEventsAPI" name="test_get_my_events" time="0.075" /><testcase classname="tests.test_group_messaging_merch_iter26.TestAdminGroupDashboard" name="test_get_admin_groups" time="0.164" /><testcase classname="tests.test_group_messaging_merch_iter26.TestAdminGroupDashboard" name="test_get_group_attendance" time="0.068" /><testcase classname="tests.test_group_messaging_merch_iter26.TestAdminGroupDashboard" name="test_get_group_at_risk" time="0.065" /><testcase classname="tests.test_group_messaging_merch_iter26.TestAdminGroupDashboard" name="test_get_group_members" time="0.073" /></testsuite></testsuites>