<?xml version="1.0" encoding="utf-8"?><testsuites name="pytest tests"><testsuite name="pytest" errors="0" failures="4" skipped="0" tests="18" time="16.200" timestamp="2026-03-20T18:15:08.185957+00:00" hostname="agent-env-5b0c37df-a0ed-449d-ad60-3137b56de202"><testcase classname="backend.tests.test_iter42_solomon_sunday.TestHealthEndpoint" name="test_health_returns_200" time="0.228" /><testcase classname="backend.tests.test_iter42_solomon_sunday.TestAuthentication" name="test_login_aivy_church_admin" time="0.156" /><testcase classname="backend.tests.test_iter42_solomon_sunday.TestAuthentication" name="test_login_platform_admin" time="0.145" /><testcase classname="backend.tests.test_iter42_solomon_sunday.TestAuthentication" name="test_login_member_vince" time="0.113" /><testcase classname="backend.tests.test_iter42_solomon_sunday.TestRBACEndpoints" name="test_update_member_role" time="0.244" /><testcase classname="backend.tests.test_iter42_solomon_sunday.TestRBACEndpoints" name="test_get_member_permissions" time="0.270" /><testcase classname="backend.tests.test_iter42_solomon_sunday.TestRBACEndpoints" name="test_get_volunteers" time="0.240" /><testcase classname="backend.tests.test_iter42_solomon_sunday.TestSolomonChat" name="test_solomon_chat_endpoint" time="4.584" /><testcase classname="backend.tests.test_iter42_solomon_sunday.TestSolomonChat" name="test_solomon_chat_with_question" time="7.855" /><testcase classname="backend.tests.test_iter42_solomon_sunday.TestSundayMorningEngine" name="test_notification_templates" time="0.293" /><testcase classname="backend.tests.test_iter42_solomon_sunday.TestSundayMorningEngine" name="test_service_mode_endpoint" time="0.231" /><testcase classname="backend.tests.test_iter42_solomon_sunday.TestSundayMorningEngine" name="test_service_checkin_endpoint" time="0.238"><failure message="AssertionError: Service checkin failed: {&quot;detail&quot;:&quot;Invalid session&quot;}&#10;assert 401 == 200&#10; +  where 401 = &lt;Response [401]&gt;.status_code">backend/tests/test_iter42_solomon_sunday.py:195: in test_service_checkin_endpoint
    assert response.status_code == 200, f"Service checkin failed: {response.text}"
E   AssertionError: Service checkin failed: {"detail":"Invalid session"}
E   assert 401 == 200
E    +  where 401 = &lt;Response [401]&gt;.status_code</failure></testcase><testcase classname="backend.tests.test_iter42_solomon_sunday.TestSundayMorningEngine" name="test_attendance_streak_endpoint" time="0.248" /><testcase classname="backend.tests.test_iter42_solomon_sunday.TestPortalAccess" name="test_portal_me_endpoint" time="0.219"><failure message="AssertionError: Portal me failed: {&quot;detail&quot;:&quot;Invalid session&quot;}&#10;assert 401 == 200&#10; +  where 401 = &lt;Response [401]&gt;.status_code">backend/tests/test_iter42_solomon_sunday.py:226: in test_portal_me_endpoint
    assert response.status_code == 200, f"Portal me failed: {response.text}"
E   AssertionError: Portal me failed: {"detail":"Invalid session"}
E   assert 401 == 200
E    +  where 401 = &lt;Response [401]&gt;.status_code</failure></testcase><testcase classname="backend.tests.test_iter42_solomon_sunday.TestPortalAccess" name="test_portal_kids_endpoint" time="0.229"><failure message="AssertionError: Portal kids failed: {&quot;detail&quot;:&quot;Invalid session&quot;}&#10;assert 401 == 200&#10; +  where 401 = &lt;Response [401]&gt;.status_code">backend/tests/test_iter42_solomon_sunday.py:234: in test_portal_kids_endpoint
    assert response.status_code == 200, f"Portal kids failed: {response.text}"
E   AssertionError: Portal kids failed: {"detail":"Invalid session"}
E   assert 401 == 200
E    +  where 401 = &lt;Response [401]&gt;.status_code</failure></testcase><testcase classname="backend.tests.test_iter42_solomon_sunday.TestPortalAccess" name="test_portal_groups_endpoint" time="0.246"><failure message="AssertionError: Portal groups failed: {&quot;detail&quot;:&quot;Invalid session&quot;}&#10;assert 401 == 200&#10; +  where 401 = &lt;Response [401]&gt;.status_code">backend/tests/test_iter42_solomon_sunday.py:241: in test_portal_groups_endpoint
    assert response.status_code == 200, f"Portal groups failed: {response.text}"
E   AssertionError: Portal groups failed: {"detail":"Invalid session"}
E   assert 401 == 200
E    +  where 401 = &lt;Response [401]&gt;.status_code</failure></testcase><testcase classname="backend.tests.test_iter42_solomon_sunday.TestPortalAccess" name="test_portal_events_endpoint" time="0.257" /><testcase classname="backend.tests.test_iter42_solomon_sunday.TestGeofenceEndpoints" name="test_geofence_checkin" time="0.221" /></testsuite></testsuites>