<?xml version="1.0" encoding="utf-8"?><testsuites name="pytest tests"><testsuite name="pytest" errors="0" failures="0" skipped="0" tests="22" time="174.679" timestamp="2026-03-14T04:01:46.523571+00:00" hostname="agent-env-1bbaae3d-de5a-48b9-81a1-7e221209f9f7"><testcase classname="backend.tests.test_bearer_token_portal_routes_iter30.TestLoginTokenAliases" name="test_member_login_returns_all_token_aliases" time="14.530" /><testcase classname="backend.tests.test_bearer_token_portal_routes_iter30.TestLoginTokenAliases" name="test_admin_login_returns_all_token_aliases" time="9.366" /><testcase classname="backend.tests.test_bearer_token_portal_routes_iter30.TestLoginTokenAliases" name="test_platform_admin_login_returns_all_token_aliases" time="9.347" /><testcase classname="backend.tests.test_bearer_token_portal_routes_iter30.TestMerchProductsWithBearerToken" name="test_member_can_access_merch_products" time="9.451" /><testcase classname="backend.tests.test_bearer_token_portal_routes_iter30.TestMerchProductsWithBearerToken" name="test_admin_can_access_merch_products" time="9.415" /><testcase classname="backend.tests.test_bearer_token_portal_routes_iter30.TestMerchProductsWithBearerToken" name="test_platform_admin_can_access_merch_products" time="9.434" /><testcase classname="backend.tests.test_bearer_token_portal_routes_iter30.TestMerchProductsWithBearerToken" name="test_unauthorized_access_returns_401" time="0.127" /><testcase classname="backend.tests.test_bearer_token_portal_routes_iter30.TestCafeMenuWithBearerToken" name="test_member_can_access_cafe_menu" time="9.486" /><testcase classname="backend.tests.test_bearer_token_portal_routes_iter30.TestCafeMenuWithBearerToken" name="test_admin_can_access_cafe_menu" time="9.430" /><testcase classname="backend.tests.test_bearer_token_portal_routes_iter30.TestCafeMenuWithBearerToken" name="test_platform_admin_can_access_cafe_menu" time="9.381" /><testcase classname="backend.tests.test_bearer_token_portal_routes_iter30.TestCafeMenuWithBearerToken" name="test_unauthorized_access_returns_401" time="0.127" /><testcase classname="backend.tests.test_bearer_token_portal_routes_iter30.TestKidsChildrenWithBearerToken" name="test_member_can_access_kids_children" time="9.387" /><testcase classname="backend.tests.test_bearer_token_portal_routes_iter30.TestKidsChildrenWithBearerToken" name="test_admin_can_access_kids_children" time="9.368" /><testcase classname="backend.tests.test_bearer_token_portal_routes_iter30.TestKidsChildrenWithBearerToken" name="test_platform_admin_can_access_kids_children" time="9.390" /><testcase classname="backend.tests.test_bearer_token_portal_routes_iter30.TestKidsChildrenWithBearerToken" name="test_unauthorized_access_returns_401" time="0.139" /><testcase classname="backend.tests.test_bearer_token_portal_routes_iter30.TestMediaSermonsWithBearerToken" name="test_member_can_access_media_sermons" time="9.343" /><testcase classname="backend.tests.test_bearer_token_portal_routes_iter30.TestMediaSermonsWithBearerToken" name="test_admin_can_access_media_sermons" time="9.241" /><testcase classname="backend.tests.test_bearer_token_portal_routes_iter30.TestMediaSermonsWithBearerToken" name="test_platform_admin_can_access_media_sermons" time="9.379" /><testcase classname="backend.tests.test_bearer_token_portal_routes_iter30.TestMediaSermonsWithBearerToken" name="test_unauthorized_access_returns_401" time="0.147" /><testcase classname="backend.tests.test_bearer_token_portal_routes_iter30.TestUsingTokenAlias" name="test_can_use_token_alias_for_auth" time="9.413" /><testcase classname="backend.tests.test_bearer_token_portal_routes_iter30.TestUsingTokenAlias" name="test_can_use_access_token_alias_for_auth" time="9.305" /><testcase classname="backend.tests.test_bearer_token_portal_routes_iter30.TestAuthMeWithBearerToken" name="test_auth_me_with_bearer_token" time="9.362" /></testsuite></testsuites>