<?xml version="1.0" encoding="utf-8"?><testsuites name="pytest tests"><testsuite name="pytest" errors="0" failures="0" skipped="0" tests="20" time="7.577" timestamp="2026-03-26T17:26:26.829168+00:00" hostname="agent-env-b89267ca-327d-447c-990c-efb36b225c9c"><testcase classname="backend.tests.test_iter52_final_qa.TestHealthAndPublicEndpoints" name="test_health_endpoint" time="0.116" /><testcase classname="backend.tests.test_iter52_final_qa.TestHealthAndPublicEndpoints" name="test_waitlist_endpoint" time="0.121" /><testcase classname="backend.tests.test_iter52_final_qa.TestHealthAndPublicEndpoints" name="test_demo_request_endpoint" time="0.113" /><testcase classname="backend.tests.test_iter52_final_qa.TestAuthenticationFlows" name="test_shannon_login" time="0.107" /><testcase classname="backend.tests.test_iter52_final_qa.TestAuthenticationFlows" name="test_jacob_login" time="0.107" /><testcase classname="backend.tests.test_iter52_final_qa.TestAuthenticationFlows" name="test_platform_admin_login" time="0.129" /><testcase classname="backend.tests.test_iter52_final_qa.TestAuthenticationFlows" name="test_member_login" time="0.136" /><testcase classname="backend.tests.test_iter52_final_qa.TestAdminDashboardAPIs" name="test_dashboard_stats" time="0.232" /><testcase classname="backend.tests.test_iter52_final_qa.TestAdminDashboardAPIs" name="test_war_room_endpoint" time="0.319" /><testcase classname="backend.tests.test_iter52_final_qa.TestAdminDashboardAPIs" name="test_giving_stats" time="0.257" /><testcase classname="backend.tests.test_iter52_final_qa.TestAdminDashboardAPIs" name="test_giving_integrations" time="0.299" /><testcase classname="backend.tests.test_iter52_final_qa.TestAdminDashboardAPIs" name="test_members_list" time="0.313" /><testcase classname="backend.tests.test_iter52_final_qa.TestAdminDashboardAPIs" name="test_communications_list" time="0.226" /><testcase classname="backend.tests.test_iter52_final_qa.TestPortalAPIs" name="test_portal_directory" time="0.268" /><testcase classname="backend.tests.test_iter52_final_qa.TestPortalAPIs" name="test_portal_events" time="0.239" /><testcase classname="backend.tests.test_iter52_final_qa.TestPortalAPIs" name="test_portal_groups" time="0.319" /><testcase classname="backend.tests.test_iter52_final_qa.TestPortalAPIs" name="test_portal_give" time="0.233" /><testcase classname="backend.tests.test_iter52_final_qa.TestPortalAPIs" name="test_shannon_attendance_streak" time="0.277" /><testcase classname="backend.tests.test_iter52_final_qa.TestSolomonChatAPI" name="test_solomon_chat_responds" time="3.554" /><testcase classname="backend.tests.test_iter52_final_qa.TestNavAndLandingPageContent" name="test_landing_page_accessible" time="0.155" /></testsuite></testsuites>