<?xml version="1.0" encoding="utf-8"?><testsuites name="pytest tests"><testsuite name="pytest" errors="0" failures="0" skipped="0" tests="19" time="31.285" timestamp="2026-04-17T21:50:21.601187+00:00" hostname="agent-env-fb967235-4fa3-421b-afe6-43fdbaa83351"><testcase classname="backend.tests.test_p0_fixes_iter89.TestAuth" name="test_platform_admin_login" time="0.525" /><testcase classname="backend.tests.test_p0_fixes_iter89.TestFix1PlatformTransactions" name="test_transactions_endpoint_returns_data" time="2.444" /><testcase classname="backend.tests.test_p0_fixes_iter89.TestFix1PlatformTransactions" name="test_transactions_have_required_fields" time="2.049" /><testcase classname="backend.tests.test_p0_fixes_iter89.TestFix1PlatformTransactions" name="test_transactions_pagination" time="4.200" /><testcase classname="backend.tests.test_p0_fixes_iter89.TestFix2PlatformDonors" name="test_donors_endpoint_returns_data" time="0.628" /><testcase classname="backend.tests.test_p0_fixes_iter89.TestFix2PlatformDonors" name="test_donors_have_donoriq_breakdown" time="0.101" /><testcase classname="backend.tests.test_p0_fixes_iter89.TestFix2PlatformDonors" name="test_donors_have_top_donors_list" time="0.145" /><testcase classname="backend.tests.test_p0_fixes_iter89.TestFix2PlatformDonors" name="test_donors_have_by_campus_data" time="0.140" /><testcase classname="backend.tests.test_p0_fixes_iter89.TestFix3AttendancePage" name="test_services_endpoint_returns_data" time="0.493" /><testcase classname="backend.tests.test_p0_fixes_iter89.TestFix3AttendancePage" name="test_services_have_headcount" time="0.115" /><testcase classname="backend.tests.test_p0_fixes_iter89.TestFix3AttendancePage" name="test_service_types_endpoint" time="0.119" /><testcase classname="backend.tests.test_p0_fixes_iter89.TestFix4ChurchDetailDrillthrough" name="test_church_detail_endpoint_exists" time="3.091" /><testcase classname="backend.tests.test_p0_fixes_iter89.TestFix4ChurchDetailDrillthrough" name="test_church_detail_has_12_month_giving" time="2.739" /><testcase classname="backend.tests.test_p0_fixes_iter89.TestFix4ChurchDetailDrillthrough" name="test_church_detail_has_top_donors" time="2.784" /><testcase classname="backend.tests.test_p0_fixes_iter89.TestFix4ChurchDetailDrillthrough" name="test_church_detail_has_recent_transactions" time="2.757" /><testcase classname="backend.tests.test_p0_fixes_iter89.TestFix4ChurchDetailDrillthrough" name="test_church_detail_has_member_roster" time="2.840" /><testcase classname="backend.tests.test_p0_fixes_iter89.TestFix4ChurchDetailDrillthrough" name="test_church_detail_has_health_score" time="2.775" /><testcase classname="backend.tests.test_p0_fixes_iter89.TestFix4ChurchDetailDrillthrough" name="test_church_detail_summary_stats" time="2.761" /><testcase classname="backend.tests.test_p0_fixes_iter89.TestPlatformStats" name="test_platform_stats_endpoint" time="0.469" /></testsuite></testsuites>