<?xml version="1.0" encoding="utf-8"?><testsuites name="pytest tests"><testsuite name="pytest" errors="0" failures="0" skipped="0" tests="22" time="3.378" timestamp="2026-04-03T10:57:10.250108+00:00" hostname="agent-env-38042ce3-866b-43c2-91a8-5ed9b6212c45"><testcase classname="backend.tests.test_sprint_blocks_1a_2e.TestBlock1A_SolomonPayConfig" name="test_payments_config_returns_solomonpay" time="0.536" /><testcase classname="backend.tests.test_sprint_blocks_1a_2e.TestBlock1A_SolomonPayConfig" name="test_payments_config_has_no_stripe" time="0.127" /><testcase classname="backend.tests.test_sprint_blocks_1a_2e.TestBlock1A_SolomonPayConfig" name="test_payments_config_includes_methods" time="0.135" /><testcase classname="backend.tests.test_sprint_blocks_1a_2e.TestBlock1B_SchedulerAPIs" name="test_scheduler_status_returns_200" time="0.105" /><testcase classname="backend.tests.test_sprint_blocks_1a_2e.TestBlock1B_SchedulerAPIs" name="test_scheduler_status_has_required_fields" time="0.140" /><testcase classname="backend.tests.test_sprint_blocks_1a_2e.TestBlock1B_SchedulerAPIs" name="test_scheduler_manual_trigger" time="0.110" /><testcase classname="backend.tests.test_sprint_blocks_1a_2e.TestBlock1B_SchedulerAPIs" name="test_scheduler_status_after_manual_run" time="0.204" /><testcase classname="backend.tests.test_sprint_blocks_1a_2e.TestBlock2C_CalendarAPI" name="test_calendar_events_returns_200" time="0.113" /><testcase classname="backend.tests.test_sprint_blocks_1a_2e.TestBlock2C_CalendarAPI" name="test_calendar_events_has_events_array" time="0.115" /><testcase classname="backend.tests.test_sprint_blocks_1a_2e.TestBlock2C_CalendarAPI" name="test_calendar_events_fullcalendar_format" time="0.102" /><testcase classname="backend.tests.test_sprint_blocks_1a_2e.TestBlock2C_CalendarAPI" name="test_create_calendar_event" time="0.102" /><testcase classname="backend.tests.test_sprint_blocks_1a_2e.TestBlock2C_CalendarAPI" name="test_calendar_events_date_filter" time="0.102" /><testcase classname="backend.tests.test_sprint_blocks_1a_2e.TestBlock2D_CommunicationsAPI" name="test_templates_endpoint_returns_200" time="0.121" /><testcase classname="backend.tests.test_sprint_blocks_1a_2e.TestBlock2D_CommunicationsAPI" name="test_templates_has_templates_array" time="0.101" /><testcase classname="backend.tests.test_sprint_blocks_1a_2e.TestBlock2D_CommunicationsAPI" name="test_templates_includes_builtin_templates" time="0.135" /><testcase classname="backend.tests.test_sprint_blocks_1a_2e.TestBlock2D_CommunicationsAPI" name="test_templates_has_merge_fields" time="0.109" /><testcase classname="backend.tests.test_sprint_blocks_1a_2e.TestBlock2D_CommunicationsAPI" name="test_templates_structure" time="0.118" /><testcase classname="backend.tests.test_sprint_blocks_1a_2e.TestBlock2D_CommunicationsAPI" name="test_send_communication_returns_200" time="0.107" /><testcase classname="backend.tests.test_sprint_blocks_1a_2e.TestBlock2E_Auth" name="test_auth_session_endpoint_exists" time="0.099" /><testcase classname="backend.tests.test_sprint_blocks_1a_2e.TestBlock2E_Auth" name="test_auth_login_endpoint" time="0.335" /><testcase classname="backend.tests.test_sprint_blocks_1a_2e.TestGivingIntegrations" name="test_giving_integrations_no_stripe" time="0.167" /><testcase classname="backend.tests.test_sprint_blocks_1a_2e.TestGivingIntegrations" name="test_giving_integrations_has_solomonpay" time="0.102" /></testsuite></testsuites>