<?xml version="1.0" encoding="utf-8"?><testsuites name="pytest tests"><testsuite name="pytest" errors="0" failures="0" skipped="0" tests="17" time="3.554" timestamp="2026-03-10T00:30:45.168221+00:00" hostname="agent-env-d9d19531-18ff-47bd-bd6a-d74634224cc2"><testcase classname="backend.tests.test_kids_checkin_iter19.TestAdminKidsCheckinDashboard" name="test_get_checked_in_children" time="0.313" /><testcase classname="backend.tests.test_kids_checkin_iter19.TestAdminKidsCheckinDashboard" name="test_get_all_registered_kids" time="0.084" /><testcase classname="backend.tests.test_kids_checkin_iter19.TestRegisterNewFamily" name="test_register_new_family_success" time="0.272" /><testcase classname="backend.tests.test_kids_checkin_iter19.TestRegisterNewFamily" name="test_verify_registered_child_appears" time="0.056" /><testcase classname="backend.tests.test_kids_checkin_iter19.TestRegisterNewFamily" name="test_register_duplicate_child_rejected" time="0.061" /><testcase classname="backend.tests.test_kids_checkin_iter19.TestRegisterNewFamily" name="test_register_missing_required_fields" time="0.054" /><testcase classname="backend.tests.test_kids_checkin_iter19.TestMemberPortalKidsCheckin" name="test_get_my_children" time="0.256" /><testcase classname="backend.tests.test_kids_checkin_iter19.TestMemberPortalKidsCheckin" name="test_get_active_checkins" time="0.073" /><testcase classname="backend.tests.test_kids_checkin_iter19.TestBidirectionalSync" name="test_01_get_member_child_for_test" time="0.397" /><testcase classname="backend.tests.test_kids_checkin_iter19.TestBidirectionalSync" name="test_02_admin_baseline_count" time="0.062" /><testcase classname="backend.tests.test_kids_checkin_iter19.TestBidirectionalSync" name="test_03_parent_checks_in_child" time="0.065" /><testcase classname="backend.tests.test_kids_checkin_iter19.TestBidirectionalSync" name="test_04_admin_sees_new_checkin_immediately" time="1.055" /><testcase classname="backend.tests.test_kids_checkin_iter19.TestBidirectionalSync" name="test_05_cleanup_checkout" time="0.065" /><testcase classname="backend.tests.test_kids_checkin_iter19.TestPickupCodeVerification" name="test_verify_valid_pickup_code" time="0.229" /><testcase classname="backend.tests.test_kids_checkin_iter19.TestPickupCodeVerification" name="test_verify_invalid_code" time="0.058" /><testcase classname="backend.tests.test_kids_checkin_iter19.TestAdminDirectCheckin" name="test_admin_direct_checkin" time="0.313" /><testcase classname="backend.tests.test_kids_checkin_iter19.TestAdminDirectCheckin" name="test_admin_checkout" time="0.062" /></testsuite></testsuites>