<?xml version="1.0" encoding="utf-8"?><testsuites name="pytest tests"><testsuite name="pytest" errors="0" failures="0" skipped="0" tests="30" time="28.221" timestamp="2026-03-14T14:41:02.207048+00:00" hostname="agent-env-3bd6da97-5a7d-4646-a91d-b5f61d8310b1"><testcase classname="backend.tests.test_volunteer_hours_tracker_iter33.TestSelfLogHours" name="test_self_log_hours_success" time="16.669" /><testcase classname="backend.tests.test_volunteer_hours_tracker_iter33.TestSelfLogHours" name="test_self_log_hours_with_opportunity_id" time="0.063" /><testcase classname="backend.tests.test_volunteer_hours_tracker_iter33.TestSelfLogHours" name="test_self_log_hours_with_custom_date" time="0.065" /><testcase classname="backend.tests.test_volunteer_hours_tracker_iter33.TestSelfLogHours" name="test_self_log_hours_validation_zero_hours" time="0.117" /><testcase classname="backend.tests.test_volunteer_hours_tracker_iter33.TestSelfLogHours" name="test_self_log_hours_validation_negative_hours" time="0.061" /><testcase classname="backend.tests.test_volunteer_hours_tracker_iter33.TestSelfLogHours" name="test_self_log_hours_validation_over_24" time="0.058" /><testcase classname="backend.tests.test_volunteer_hours_tracker_iter33.TestSelfLogHours" name="test_self_log_hours_max_boundary_24" time="0.059" /><testcase classname="backend.tests.test_volunteer_hours_tracker_iter33.TestSelfLogHours" name="test_self_log_hours_min_boundary" time="0.061" /><testcase classname="backend.tests.test_volunteer_hours_tracker_iter33.TestSelfLogHours" name="test_self_log_hours_unauthenticated_returns_401" time="0.098" /><testcase classname="backend.tests.test_volunteer_hours_tracker_iter33.TestHoursSummaryMonthly" name="test_hours_summary_monthly_success" time="0.068" /><testcase classname="backend.tests.test_volunteer_hours_tracker_iter33.TestHoursSummaryMonthly" name="test_hours_summary_monthly_breakdown_format" time="0.059" /><testcase classname="backend.tests.test_volunteer_hours_tracker_iter33.TestHoursSummaryMonthly" name="test_hours_summary_monthly_current_period" time="0.060" /><testcase classname="backend.tests.test_volunteer_hours_tracker_iter33.TestHoursSummaryMonthly" name="test_hours_summary_monthly_max_12_periods" time="0.064" /><testcase classname="backend.tests.test_volunteer_hours_tracker_iter33.TestHoursSummaryWeekly" name="test_hours_summary_weekly_success" time="0.060" /><testcase classname="backend.tests.test_volunteer_hours_tracker_iter33.TestHoursSummaryWeekly" name="test_hours_summary_weekly_iso_format" time="0.063" /><testcase classname="backend.tests.test_volunteer_hours_tracker_iter33.TestHoursSummaryWeekly" name="test_hours_summary_weekly_current_period" time="0.059" /><testcase classname="backend.tests.test_volunteer_hours_tracker_iter33.TestHoursSummaryWeekly" name="test_hours_summary_unauthenticated_returns_401" time="0.138" /><testcase classname="backend.tests.test_volunteer_hours_tracker_iter33.TestHoursLog" name="test_hours_log_success" time="0.076" /><testcase classname="backend.tests.test_volunteer_hours_tracker_iter33.TestHoursLog" name="test_hours_log_with_limit" time="0.057" /><testcase classname="backend.tests.test_volunteer_hours_tracker_iter33.TestHoursLog" name="test_hours_log_sorted_by_date_desc" time="0.062" /><testcase classname="backend.tests.test_volunteer_hours_tracker_iter33.TestHoursLog" name="test_hours_log_entry_structure" time="0.059" /><testcase classname="backend.tests.test_volunteer_hours_tracker_iter33.TestHoursLog" name="test_hours_log_contains_self_logged_entries" time="0.122" /><testcase classname="backend.tests.test_volunteer_hours_tracker_iter33.TestHoursLog" name="test_hours_log_unauthenticated_returns_401" time="0.117" /><testcase classname="backend.tests.test_volunteer_hours_tracker_iter33.TestLeaderboardRegression" name="test_leaderboard_still_works" time="0.065" /><testcase classname="backend.tests.test_volunteer_hours_tracker_iter33.TestLeaderboardRegression" name="test_leaderboard_sorted_correctly" time="0.083" /><testcase classname="backend.tests.test_volunteer_hours_tracker_iter33.TestMyStatsRegression" name="test_my_stats_still_works" time="0.062" /><testcase classname="backend.tests.test_volunteer_hours_tracker_iter33.TestMyStatsRegression" name="test_my_stats_includes_self_logged_hours" time="0.189" /><testcase classname="backend.tests.test_volunteer_hours_tracker_iter33.TestAdminAccessPortalEndpoints" name="test_admin_can_self_log_hours" time="9.290" /><testcase classname="backend.tests.test_volunteer_hours_tracker_iter33.TestAdminAccessPortalEndpoints" name="test_admin_can_view_hours_summary" time="0.058" /><testcase classname="backend.tests.test_volunteer_hours_tracker_iter33.TestAdminAccessPortalEndpoints" name="test_admin_can_view_hours_log" time="0.058" /></testsuite></testsuites>