<?xml version="1.0" encoding="utf-8"?><testsuites name="pytest tests"><testsuite name="pytest" errors="0" failures="18" skipped="3" tests="38" time="4.945" timestamp="2026-04-02T10:41:54.702899+00:00" hostname="agent-env-70f7de76-a48d-4ae1-887d-c28eaa9dc3de"><testcase classname="backend.tests.test_phase3_phase4.TestAuth" name="test_admin_login" time="0.457"><failure message="AssertionError: assert None in ['church_admin', 'admin']&#10; +  where None = &lt;built-in method get of dict object at 0xffd91f0bbc40&gt;('role')&#10; +    where &lt;built-in method get of dict object at 0xffd91f0bbc40&gt; = {}.get&#10; +      where {} = &lt;built-in method get of dict object at 0xffd91f0bbe00&gt;('user', {})&#10; +        where &lt;built-in method get of dict object at 0xffd91f0bbe00&gt; = {'access_token': 'sess_458eb6463d7c439cb86bcaae8edac306', 'accessible_campuses': [{'id': 'abundant-east-001', 'name': 'Abundant East'}, {'id': 'abundant-downtown-001', 'name': 'Abundant Downtown'}, {'id': 'abundant-west-001', 'name': 'Abundant West'}], 'email': 'shannonnieman1030@gmail.com', 'name': 'Shannon Nieman', ...}.get">backend/tests/test_phase3_phase4.py:53: in test_admin_login
    assert data.get("user", {}).get("role") in ["church_admin", "admin"]
E   AssertionError: assert None in ['church_admin', 'admin']
E    +  where None = &lt;built-in method get of dict object at 0xffd91f0bbc40&gt;('role')
E    +    where &lt;built-in method get of dict object at 0xffd91f0bbc40&gt; = {}.get
E    +      where {} = &lt;built-in method get of dict object at 0xffd91f0bbe00&gt;('user', {})
E    +        where &lt;built-in method get of dict object at 0xffd91f0bbe00&gt; = {'access_token': 'sess_458eb6463d7c439cb86bcaae8edac306', 'accessible_campuses': [{'id': 'abundant-east-001', 'name': 'Abundant East'}, {'id': 'abundant-downtown-001', 'name': 'Abundant Downtown'}, {'id': 'abundant-west-001', 'name': 'Abundant West'}], 'email': 'shannonnieman1030@gmail.com', 'name': 'Shannon Nieman', ...}.get</failure></testcase><testcase classname="backend.tests.test_phase3_phase4.TestAuth" name="test_member_login" time="0.344" /><testcase classname="backend.tests.test_phase3_phase4.TestPhase3PortalGroups" name="test_get_available_groups" time="0.434" /><testcase classname="backend.tests.test_phase3_phase4.TestPhase3PortalGroups" name="test_get_my_groups" time="0.064" /><testcase classname="backend.tests.test_phase3_phase4.TestPhase3PortalGroups" name="test_group_detail" time="0.148" /><testcase classname="backend.tests.test_phase3_phase4.TestPhase3PortalGroups" name="test_group_questions" time="0.137" /><testcase classname="backend.tests.test_phase3_phase4.TestPhase3PortalGroups" name="test_submit_group_question" time="0.140" /><testcase classname="backend.tests.test_phase3_phase4.TestPhase3PortalGroups" name="test_group_notify" time="0.143" /><testcase classname="backend.tests.test_phase3_phase4.TestPhase3TaxStatements" name="test_get_tax_statement_data_2024" time="0.432" /><testcase classname="backend.tests.test_phase3_phase4.TestPhase3TaxStatements" name="test_get_tax_statement_data_2025" time="0.047" /><testcase classname="backend.tests.test_phase3_phase4.TestPhase3TaxStatements" name="test_get_tax_statement_data_2026" time="0.049" /><testcase classname="backend.tests.test_phase3_phase4.TestPhase3TaxStatements" name="test_get_tax_statement_data_2027" time="0.046" /><testcase classname="backend.tests.test_phase3_phase4.TestPhase3TaxStatements" name="test_download_tax_statement_pdf" time="0.177" /><testcase classname="backend.tests.test_phase3_phase4.TestPhase3PaymentMethods" name="test_list_payment_methods" time="0.376" /><testcase classname="backend.tests.test_phase3_phase4.TestPhase3PaymentMethods" name="test_add_payment_method" time="0.057" /><testcase classname="backend.tests.test_phase3_phase4.TestPhase3PaymentMethods" name="test_set_default_payment_method" time="0.098" /><testcase classname="backend.tests.test_phase3_phase4.TestPhase3PaymentMethods" name="test_delete_payment_method" time="0.098"><skipped type="pytest.skip" message="Could not find test payment method to delete">/app/backend/tests/test_phase3_phase4.py:303: Could not find test payment method to delete</skipped></testcase><testcase classname="backend.tests.test_phase3_phase4.TestPhase4SolomonPayDashboard" name="test_dashboard_stats" time="0.164"><failure message="assert 401 == 200&#10; +  where 401 = &lt;Response [401]&gt;.status_code">backend/tests/test_phase3_phase4.py:324: in test_dashboard_stats
    assert response.status_code == 200
E   assert 401 == 200
E    +  where 401 = &lt;Response [401]&gt;.status_code</failure></testcase><testcase classname="backend.tests.test_phase3_phase4.TestPhase4SolomonPayDashboard" name="test_transactions_list" time="0.049"><failure message="assert 401 == 200&#10; +  where 401 = &lt;Response [401]&gt;.status_code">backend/tests/test_phase3_phase4.py:341: in test_transactions_list
    assert response.status_code == 200
E   assert 401 == 200
E    +  where 401 = &lt;Response [401]&gt;.status_code</failure></testcase><testcase classname="backend.tests.test_phase3_phase4.TestPhase4SolomonPayDashboard" name="test_transactions_with_filters" time="0.052"><failure message="assert 401 == 200&#10; +  where 401 = &lt;Response [401]&gt;.status_code">backend/tests/test_phase3_phase4.py:353: in test_transactions_with_filters
    assert response.status_code == 200
E   assert 401 == 200
E    +  where 401 = &lt;Response [401]&gt;.status_code</failure></testcase><testcase classname="backend.tests.test_phase3_phase4.TestPhase4SolomonPayDashboard" name="test_transactions_pagination" time="0.051"><failure message="assert 401 == 200&#10; +  where 401 = &lt;Response [401]&gt;.status_code">backend/tests/test_phase3_phase4.py:361: in test_transactions_pagination
    assert response.status_code == 200
E   assert 401 == 200
E    +  where 401 = &lt;Response [401]&gt;.status_code</failure></testcase><testcase classname="backend.tests.test_phase3_phase4.TestPhase4SolomonPayDashboard" name="test_transactions_export_csv" time="0.052"><failure message="assert 401 == 200&#10; +  where 401 = &lt;Response [401]&gt;.status_code">backend/tests/test_phase3_phase4.py:369: in test_transactions_export_csv
    assert response.status_code == 200
E   assert 401 == 200
E    +  where 401 = &lt;Response [401]&gt;.status_code</failure></testcase><testcase classname="backend.tests.test_phase3_phase4.TestPhase4SolomonPayDashboard" name="test_payouts" time="0.048"><failure message="assert 401 == 200&#10; +  where 401 = &lt;Response [401]&gt;.status_code">backend/tests/test_phase3_phase4.py:376: in test_payouts
    assert response.status_code == 200
E   assert 401 == 200
E    +  where 401 = &lt;Response [401]&gt;.status_code</failure></testcase><testcase classname="backend.tests.test_phase3_phase4.TestPhase4SolomonPayDashboard" name="test_request_payout_standard" time="0.054"><skipped type="pytest.skip" message="Could not check balance">/app/backend/tests/test_phase3_phase4.py:400: Could not check balance</skipped></testcase><testcase classname="backend.tests.test_phase3_phase4.TestPhase4SolomonPayDashboard" name="test_funds_list" time="0.048"><failure message="assert 401 == 200&#10; +  where 401 = &lt;Response [401]&gt;.status_code">backend/tests/test_phase3_phase4.py:405: in test_funds_list
    assert response.status_code == 200
E   assert 401 == 200
E    +  where 401 = &lt;Response [401]&gt;.status_code</failure></testcase><testcase classname="backend.tests.test_phase3_phase4.TestPhase4SolomonPayDashboard" name="test_create_fund" time="0.052"><failure message="assert 401 in [200, 201]&#10; +  where 401 = &lt;Response [401]&gt;.status_code">backend/tests/test_phase3_phase4.py:420: in test_create_fund
    assert response.status_code in [200, 201]
E   assert 401 in [200, 201]
E    +  where 401 = &lt;Response [401]&gt;.status_code</failure></testcase><testcase classname="backend.tests.test_phase3_phase4.TestPhase4SolomonPayDashboard" name="test_donors_list" time="0.056"><failure message="assert 401 == 200&#10; +  where 401 = &lt;Response [401]&gt;.status_code">backend/tests/test_phase3_phase4.py:428: in test_donors_list
    assert response.status_code == 200
E   assert 401 == 200
E    +  where 401 = &lt;Response [401]&gt;.status_code</failure></testcase><testcase classname="backend.tests.test_phase3_phase4.TestPhase4SolomonPayDashboard" name="test_donors_search" time="0.050"><failure message="assert 401 == 200&#10; +  where 401 = &lt;Response [401]&gt;.status_code">backend/tests/test_phase3_phase4.py:440: in test_donors_search
    assert response.status_code == 200
E   assert 401 == 200
E    +  where 401 = &lt;Response [401]&gt;.status_code</failure></testcase><testcase classname="backend.tests.test_phase3_phase4.TestPhase4SolomonPayDashboard" name="test_donor_detail" time="0.050"><skipped type="pytest.skip" message="Could not fetch donors">/app/backend/tests/test_phase3_phase4.py:467: Could not fetch donors</skipped></testcase><testcase classname="backend.tests.test_phase3_phase4.TestPhase4SolomonPayDashboard" name="test_statements_bulk_generate" time="0.048"><failure message="assert 401 == 200&#10; +  where 401 = &lt;Response [401]&gt;.status_code">backend/tests/test_phase3_phase4.py:475: in test_statements_bulk_generate
    assert response.status_code == 200
E   assert 401 == 200
E    +  where 401 = &lt;Response [401]&gt;.status_code</failure></testcase><testcase classname="backend.tests.test_phase3_phase4.TestPhase4SolomonPayDashboard" name="test_settings_get" time="0.049"><failure message="assert 401 == 200&#10; +  where 401 = &lt;Response [401]&gt;.status_code">backend/tests/test_phase3_phase4.py:484: in test_settings_get
    assert response.status_code == 200
E   assert 401 == 200
E    +  where 401 = &lt;Response [401]&gt;.status_code</failure></testcase><testcase classname="backend.tests.test_phase3_phase4.TestPhase4SolomonPayDashboard" name="test_settings_update" time="0.052"><failure message="assert 401 == 200&#10; +  where 401 = &lt;Response [401]&gt;.status_code">backend/tests/test_phase3_phase4.py:499: in test_settings_update
    assert response.status_code == 200
E   assert 401 == 200
E    +  where 401 = &lt;Response [401]&gt;.status_code</failure></testcase><testcase classname="backend.tests.test_phase3_phase4.TestPhase4AcademyCourses" name="test_list_courses" time="0.149"><failure message="assert 401 == 200&#10; +  where 401 = &lt;Response [401]&gt;.status_code">backend/tests/test_phase3_phase4.py:519: in test_list_courses
    assert response.status_code == 200
E   assert 401 == 200
E    +  where 401 = &lt;Response [401]&gt;.status_code</failure></testcase><testcase classname="backend.tests.test_phase3_phase4.TestPhase4AcademyCourses" name="test_portal_courses" time="0.052"><failure message="assert 401 == 200&#10; +  where 401 = &lt;Response [401]&gt;.status_code">backend/tests/test_phase3_phase4.py:546: in test_portal_courses
    assert response.status_code == 200
E   assert 401 == 200
E    +  where 401 = &lt;Response [401]&gt;.status_code</failure></testcase><testcase classname="backend.tests.test_phase3_phase4.TestPhase4RBAC" name="test_church_admin_has_solomonpay_access" time="0.103"><failure message="assert 429 == 200&#10; +  where 429 = &lt;Response [429]&gt;.status_code">backend/tests/test_phase3_phase4.py:559: in test_church_admin_has_solomonpay_access
    assert response.status_code == 200
E   assert 429 == 200
E    +  where 429 = &lt;Response [429]&gt;.status_code</failure></testcase><testcase classname="backend.tests.test_phase3_phase4.TestPhase4RBAC" name="test_member_cannot_access_solomonpay" time="0.103"><failure message="assert 429 == 200&#10; +  where 429 = &lt;Response [429]&gt;.status_code">backend/tests/test_phase3_phase4.py:583: in test_member_cannot_access_solomonpay
    assert response.status_code == 200
E   assert 429 == 200
E    +  where 429 = &lt;Response [429]&gt;.status_code</failure></testcase><testcase classname="backend.tests.test_phase3_phase4.TestCleanup" name="test_cleanup_test_payment_methods" time="0.099" /><testcase classname="backend.tests.test_phase3_phase4.TestCleanup" name="test_cleanup_test_funds" time="0.047" /></testsuite></testsuites>