<?xml version="1.0" encoding="utf-8"?><testsuites name="pytest tests"><testsuite name="pytest" errors="0" failures="0" skipped="0" tests="32" time="268.372" timestamp="2026-04-04T20:34:08.671995+00:00" hostname="agent-env-38042ce3-866b-43c2-91a8-5ed9b6212c45"><testcase classname="backend.tests.test_p0_p1_fixes_iter83.TestP03Revenue" name="test_revenue_returns_200" time="23.928" /><testcase classname="backend.tests.test_p0_p1_fixes_iter83.TestP03Revenue" name="test_revenue_all_time_fees_over_1m" time="23.193" /><testcase classname="backend.tests.test_p0_p1_fixes_iter83.TestP03Revenue" name="test_revenue_by_year_non_empty" time="23.704" /><testcase classname="backend.tests.test_p0_p1_fixes_iter83.TestP03Revenue" name="test_revenue_by_church_non_empty" time="24.073" /><testcase classname="backend.tests.test_p0_p1_fixes_iter83.TestP11Churches" name="test_churches_returns_200" time="4.101" /><testcase classname="backend.tests.test_p0_p1_fixes_iter83.TestP11Churches" name="test_churches_count_is_7" time="4.031" /><testcase classname="backend.tests.test_p0_p1_fixes_iter83.TestP11Churches" name="test_churches_no_test_entries" time="4.025" /><testcase classname="backend.tests.test_p0_p1_fixes_iter83.TestP11Churches" name="test_churches_have_health_badges" time="4.005" /><testcase classname="backend.tests.test_p0_p1_fixes_iter83.TestP11Churches" name="test_churches_include_abundant" time="4.036" /><testcase classname="backend.tests.test_p0_p1_fixes_iter83.TestP11Churches" name="test_churches_include_potters_house" time="4.019" /><testcase classname="backend.tests.test_p0_p1_fixes_iter83.TestP11HealthScores" name="test_health_scores_returns_200" time="0.803" /><testcase classname="backend.tests.test_p0_p1_fixes_iter83.TestP11HealthScores" name="test_health_scores_no_test_entries" time="0.813" /><testcase classname="backend.tests.test_p0_p1_fixes_iter83.TestP11HealthScores" name="test_health_scores_have_grades" time="0.784" /><testcase classname="backend.tests.test_p0_p1_fixes_iter83.TestP12AbundantHealthScore" name="test_abundant_health_grade_b_or_better" time="0.784" /><testcase classname="backend.tests.test_p0_p1_fixes_iter83.TestP12AbundantHealthScore" name="test_abundant_health_in_churches_endpoint" time="3.980" /><testcase classname="backend.tests.test_p0_p1_fixes_iter83.TestP13ActivityFeed" name="test_activity_feed_returns_200" time="4.824" /><testcase classname="backend.tests.test_p0_p1_fixes_iter83.TestP13ActivityFeed" name="test_activity_feed_has_events" time="4.662" /><testcase classname="backend.tests.test_p0_p1_fixes_iter83.TestP13ActivityFeed" name="test_activity_feed_has_real_names" time="4.610" /><testcase classname="backend.tests.test_p0_p1_fixes_iter83.TestP13ActivityFeed" name="test_activity_feed_donation_events_have_amounts" time="4.563" /><testcase classname="backend.tests.test_p0_p1_fixes_iter83.TestPlatformStatsUpdated" name="test_platform_gmv_over_90m" time="19.202" /><testcase classname="backend.tests.test_p0_p1_fixes_iter83.TestPlatformStatsUpdated" name="test_platform_total_members_over_80k" time="19.342" /><testcase classname="backend.tests.test_p0_p1_fixes_iter83.TestPlatformStatsUpdated" name="test_platform_transactions_over_2m" time="19.206" /><testcase classname="backend.tests.test_p0_p1_fixes_iter83.TestPlatformStatsUpdated" name="test_platform_mrr_over_10k" time="19.181" /><testcase classname="backend.tests.test_p0_p1_fixes_iter83.TestPlatformStatsUpdated" name="test_platform_revenue_over_1_5m" time="19.253" /><testcase classname="backend.tests.test_p0_p1_fixes_iter83.TestPlatformStatsUpdated" name="test_platform_arr_over_120k" time="19.163" /><testcase classname="backend.tests.test_p0_p1_fixes_iter83.TestChurchAdminBlocked" name="test_church_admin_blocked_from_stats" time="0.463" /><testcase classname="backend.tests.test_p0_p1_fixes_iter83.TestPlatformTransactions" name="test_transactions_returns_200" time="1.700" /><testcase classname="backend.tests.test_p0_p1_fixes_iter83.TestPlatformTransactions" name="test_transactions_total_count" time="1.694" /><testcase classname="backend.tests.test_p0_p1_fixes_iter83.TestPlatformTransactions" name="test_transactions_filter_by_church" time="0.248" /><testcase classname="backend.tests.test_p0_p1_fixes_iter83.TestPlatformPayouts" name="test_payouts_returns_200" time="3.615" /><testcase classname="backend.tests.test_p0_p1_fixes_iter83.TestImpersonate" name="test_impersonate_returns_token" time="0.164" /><testcase classname="backend.tests.test_p0_p1_fixes_iter83.TestImpersonate" name="test_impersonate_invalid_tenant" time="0.108" /></testsuite></testsuites>